nohup: ignoring input
/export/users/1173693/iDragonCloud/1/LightweightPeptideGen/baselines/esm2gen/trainer.py:63: FutureWarning: `torch.cuda.amp.GradScaler(args...)` is deprecated. Please use `torch.amp.GradScaler('cuda', args...)` instead.
  self.scaler = GradScaler(enabled=use_amp)
2026-02-27 18:32:09,315 INFO [ESM2-Decoder] Training. Trainable params: 877,464 | Total: 8,389,938
[train_baseline] GPU: Quadro RTX 6000, VRAM: 25.2 GB

[train_baseline] Model: ESM2GEN | Epochs: 100 | Batch: 256

[data_utils] Loading train data from dataset/train.csv...
Loaded 129121 sequences from dataset/train.csv
Available features: ['instability_index', 'therapeutic_score', 'hemolytic_score', 'aliphatic_index', 'hydrophobic_moment', 'gravy', 'charge_at_pH7', 'aromaticity']
Conditional dataset: 129121 sequences
  Features: ['instability_index', 'therapeutic_score', 'hemolytic_score', 'aliphatic_index', 'hydrophobic_moment', 'gravy', 'charge_at_pH7', 'aromaticity']
  Feature dim: 8
[data_utils] Loading val data from dataset/val.csv...
Loaded 27669 sequences from dataset/val.csv
Available features: ['instability_index', 'therapeutic_score', 'hemolytic_score', 'aliphatic_index', 'hydrophobic_moment', 'gravy', 'charge_at_pH7', 'aromaticity']
Conditional dataset: 27669 sequences
  Features: ['instability_index', 'therapeutic_score', 'hemolytic_score', 'aliphatic_index', 'hydrophobic_moment', 'gravy', 'charge_at_pH7', 'aromaticity']
  Feature dim: 8
[data_utils] Train batches: 504, Val batches: 109

============================================================
  Training: ESM2GEN
============================================================

[ESM2-Decoder] Loading ESM2-8M (esm2_t6_8M_UR50D)...
[ESM2-Decoder] ESM2-8M frozen
[ESM2-Decoder] Trainable: 877,464 | Total: 8,389,938
/export/users/1173693/iDragonCloud/1/LightweightPeptideGen/baselines/esm2gen/trainer.py:101: FutureWarning: `torch.cuda.amp.autocast(args...)` is deprecated. Please use `torch.amp.autocast('cuda', args...)` instead.
  with autocast(enabled=self.use_amp):
2026-02-27 18:32:57,096 INFO [ESM2-Decoder] Ep   1/100 | train=2.9337 (47.8s)
2026-02-27 18:33:49,705 INFO [ESM2-Decoder] Ep   2/100 | train=2.6906 (52.6s)
2026-02-27 18:34:38,108 INFO [ESM2-Decoder] Ep   3/100 | train=2.5838 (48.4s)
2026-02-27 18:35:26,240 INFO [ESM2-Decoder] Ep   4/100 | train=2.5218 (48.1s)
/export/users/1173693/iDragonCloud/1/LightweightPeptideGen/baselines/esm2gen/trainer.py:120: FutureWarning: `torch.cuda.amp.autocast(args...)` is deprecated. Please use `torch.amp.autocast('cuda', args...)` instead.
  with autocast(enabled=self.use_amp):
2026-02-27 18:36:24,995 INFO [ESM2-Decoder] Ep   5/100 | train=2.4705 val=2.3930 ent=2.803 ngram=0.1113 (48.5s)
2026-02-27 18:36:25,577 INFO [ESM2-Decoder] Checkpoint: baselines/checkpoints/esm2gen/best.pt
2026-02-27 18:37:13,856 INFO [ESM2-Decoder] Ep   6/100 | train=2.4266 (48.3s)
2026-02-27 18:38:01,349 INFO [ESM2-Decoder] Ep   7/100 | train=2.3897 (47.5s)
2026-02-27 18:38:48,980 INFO [ESM2-Decoder] Ep   8/100 | train=2.3572 (47.6s)
2026-02-27 18:39:36,160 INFO [ESM2-Decoder] Ep   9/100 | train=2.3284 (47.2s)
2026-02-27 18:40:33,961 INFO [ESM2-Decoder] Ep  10/100 | train=2.3030 val=2.2088 ent=2.850 ngram=0.0961 (48.0s)
2026-02-27 18:40:34,537 INFO [ESM2-Decoder] Checkpoint: baselines/checkpoints/esm2gen/best.pt
2026-02-27 18:40:35,146 INFO [ESM2-Decoder] Checkpoint: baselines/checkpoints/esm2gen/epoch_10.pt
2026-02-27 18:41:23,731 INFO [ESM2-Decoder] Ep  11/100 | train=2.2808 (48.6s)
2026-02-27 18:42:11,816 INFO [ESM2-Decoder] Ep  12/100 | train=2.2617 (48.1s)
2026-02-27 18:42:59,407 INFO [ESM2-Decoder] Ep  13/100 | train=2.2436 (47.6s)
2026-02-27 18:43:47,445 INFO [ESM2-Decoder] Ep  14/100 | train=2.2287 (48.0s)
2026-02-27 18:44:45,451 INFO [ESM2-Decoder] Ep  15/100 | train=2.2151 val=2.1213 ent=2.863 ngram=0.0874 (48.1s)
2026-02-27 18:44:46,034 INFO [ESM2-Decoder] Checkpoint: baselines/checkpoints/esm2gen/best.pt
2026-02-27 18:45:33,776 INFO [ESM2-Decoder] Ep  16/100 | train=2.2030 (47.7s)
2026-02-27 18:46:21,594 INFO [ESM2-Decoder] Ep  17/100 | train=2.1912 (47.8s)
2026-02-27 18:47:09,885 INFO [ESM2-Decoder] Ep  18/100 | train=2.1813 (48.3s)
2026-02-27 18:47:56,650 INFO [ESM2-Decoder] Ep  19/100 | train=2.1719 (46.8s)
2026-02-27 18:48:53,755 INFO [ESM2-Decoder] Ep  20/100 | train=2.1630 val=2.0544 ent=2.894 ngram=0.0859 (47.1s)
2026-02-27 18:48:54,286 INFO [ESM2-Decoder] Checkpoint: baselines/checkpoints/esm2gen/best.pt
2026-02-27 18:48:54,878 INFO [ESM2-Decoder] Checkpoint: baselines/checkpoints/esm2gen/epoch_20.pt
2026-02-27 18:49:42,430 INFO [ESM2-Decoder] Ep  21/100 | train=2.1541 (47.6s)
2026-02-27 18:50:30,138 INFO [ESM2-Decoder] Ep  22/100 | train=2.1467 (47.7s)
2026-02-27 18:51:17,387 INFO [ESM2-Decoder] Ep  23/100 | train=2.1392 (47.2s)
2026-02-27 18:52:04,942 INFO [ESM2-Decoder] Ep  24/100 | train=2.1323 (47.6s)
2026-02-27 18:53:00,950 INFO [ESM2-Decoder] Ep  25/100 | train=2.1254 val=2.0159 ent=2.905 ngram=0.0858 (47.9s)
2026-02-27 18:53:01,523 INFO [ESM2-Decoder] Checkpoint: baselines/checkpoints/esm2gen/best.pt
2026-02-27 18:53:37,330 INFO [ESM2-Decoder] Ep  26/100 | train=2.1192 (35.8s)
2026-02-27 18:54:13,286 INFO [ESM2-Decoder] Ep  27/100 | train=2.1139 (36.0s)
2026-02-27 18:54:48,879 INFO [ESM2-Decoder] Ep  28/100 | train=2.1076 (35.6s)
2026-02-27 18:55:24,426 INFO [ESM2-Decoder] Ep  29/100 | train=2.1019 (35.5s)
2026-02-27 18:56:08,067 INFO [ESM2-Decoder] Ep  30/100 | train=2.0975 val=1.9886 ent=2.916 ngram=0.0809 (35.9s)
2026-02-27 18:56:08,642 INFO [ESM2-Decoder] Checkpoint: baselines/checkpoints/esm2gen/best.pt
2026-02-27 18:56:10,151 INFO [ESM2-Decoder] Checkpoint: baselines/checkpoints/esm2gen/epoch_30.pt
2026-02-27 18:56:46,244 INFO [ESM2-Decoder] Ep  31/100 | train=2.0927 (36.1s)
2026-02-27 18:57:22,692 INFO [ESM2-Decoder] Ep  32/100 | train=2.0881 (36.4s)
2026-02-27 18:57:58,999 INFO [ESM2-Decoder] Ep  33/100 | train=2.0838 (36.3s)
2026-02-27 18:58:34,877 INFO [ESM2-Decoder] Ep  34/100 | train=2.0792 (35.9s)
2026-02-27 18:59:18,528 INFO [ESM2-Decoder] Ep  35/100 | train=2.0751 val=1.9627 ent=2.916 ngram=0.0807 (35.9s)
2026-02-27 18:59:19,086 INFO [ESM2-Decoder] Checkpoint: baselines/checkpoints/esm2gen/best.pt
2026-02-27 18:59:55,051 INFO [ESM2-Decoder] Ep  36/100 | train=2.0713 (36.0s)
2026-02-27 19:00:31,308 INFO [ESM2-Decoder] Ep  37/100 | train=2.0674 (36.3s)
2026-02-27 19:01:06,799 INFO [ESM2-Decoder] Ep  38/100 | train=2.0640 (35.5s)
2026-02-27 19:01:42,916 INFO [ESM2-Decoder] Ep  39/100 | train=2.0596 (36.1s)
2026-02-27 19:02:26,422 INFO [ESM2-Decoder] Ep  40/100 | train=2.0567 val=1.9445 ent=2.908 ngram=0.0781 (35.8s)
2026-02-27 19:02:27,006 INFO [ESM2-Decoder] Checkpoint: baselines/checkpoints/esm2gen/best.pt
2026-02-27 19:02:27,507 INFO [ESM2-Decoder] Checkpoint: baselines/checkpoints/esm2gen/epoch_40.pt
2026-02-27 19:03:03,271 INFO [ESM2-Decoder] Ep  41/100 | train=2.0526 (35.8s)
2026-02-27 19:03:39,329 INFO [ESM2-Decoder] Ep  42/100 | train=2.0497 (36.1s)
2026-02-27 19:04:15,406 INFO [ESM2-Decoder] Ep  43/100 | train=2.0465 (36.1s)
2026-02-27 19:04:51,763 INFO [ESM2-Decoder] Ep  44/100 | train=2.0438 (36.4s)
2026-02-27 19:05:35,708 INFO [ESM2-Decoder] Ep  45/100 | train=2.0399 val=1.9281 ent=2.911 ngram=0.0794 (36.2s)
2026-02-27 19:05:36,259 INFO [ESM2-Decoder] Checkpoint: baselines/checkpoints/esm2gen/best.pt
2026-02-27 19:06:12,074 INFO [ESM2-Decoder] Ep  46/100 | train=2.0372 (35.8s)
2026-02-27 19:06:47,962 INFO [ESM2-Decoder] Ep  47/100 | train=2.0345 (35.9s)
2026-02-27 19:07:23,682 INFO [ESM2-Decoder] Ep  48/100 | train=2.0316 (35.7s)
2026-02-27 19:08:00,556 INFO [ESM2-Decoder] Ep  49/100 | train=2.0285 (36.9s)
2026-02-27 19:08:44,886 INFO [ESM2-Decoder] Ep  50/100 | train=2.0261 val=1.9106 ent=2.912 ngram=0.0785 (36.5s)
2026-02-27 19:08:45,437 INFO [ESM2-Decoder] Checkpoint: baselines/checkpoints/esm2gen/best.pt
2026-02-27 19:08:46,005 INFO [ESM2-Decoder] Checkpoint: baselines/checkpoints/esm2gen/epoch_50.pt
2026-02-27 19:09:21,809 INFO [ESM2-Decoder] Ep  51/100 | train=2.0233 (35.8s)
2026-02-27 19:09:57,895 INFO [ESM2-Decoder] Ep  52/100 | train=2.0210 (36.1s)
2026-02-27 19:10:33,794 INFO [ESM2-Decoder] Ep  53/100 | train=2.0176 (35.9s)
2026-02-27 19:11:09,564 INFO [ESM2-Decoder] Ep  54/100 | train=2.0151 (35.8s)
2026-02-27 19:11:53,333 INFO [ESM2-Decoder] Ep  55/100 | train=2.0134 val=1.8960 ent=2.917 ngram=0.0794 (36.0s)
2026-02-27 19:11:53,875 INFO [ESM2-Decoder] Checkpoint: baselines/checkpoints/esm2gen/best.pt
2026-02-27 19:12:29,945 INFO [ESM2-Decoder] Ep  56/100 | train=2.0111 (36.1s)
2026-02-27 19:13:06,001 INFO [ESM2-Decoder] Ep  57/100 | train=2.0086 (36.1s)
2026-02-27 19:13:41,938 INFO [ESM2-Decoder] Ep  58/100 | train=2.0058 (35.9s)
2026-02-27 19:14:18,418 INFO [ESM2-Decoder] Ep  59/100 | train=2.0035 (36.5s)
2026-02-27 19:15:02,154 INFO [ESM2-Decoder] Ep  60/100 | train=2.0013 val=1.8861 ent=2.914 ngram=0.0775 (36.0s)
2026-02-27 19:15:02,725 INFO [ESM2-Decoder] Checkpoint: baselines/checkpoints/esm2gen/best.pt
2026-02-27 19:15:03,326 INFO [ESM2-Decoder] Checkpoint: baselines/checkpoints/esm2gen/epoch_60.pt
2026-02-27 19:15:40,156 INFO [ESM2-Decoder] Ep  61/100 | train=1.9990 (36.8s)
2026-02-27 19:16:16,085 INFO [ESM2-Decoder] Ep  62/100 | train=1.9966 (35.9s)
2026-02-27 19:16:52,104 INFO [ESM2-Decoder] Ep  63/100 | train=1.9945 (36.0s)
2026-02-27 19:17:28,331 INFO [ESM2-Decoder] Ep  64/100 | train=1.9921 (36.2s)
2026-02-27 19:18:12,103 INFO [ESM2-Decoder] Ep  65/100 | train=1.9903 val=1.8748 ent=2.903 ngram=0.0773 (36.1s)
2026-02-27 19:18:12,639 INFO [ESM2-Decoder] Checkpoint: baselines/checkpoints/esm2gen/best.pt
2026-02-27 19:18:48,992 INFO [ESM2-Decoder] Ep  66/100 | train=1.9882 (36.4s)
2026-02-27 19:19:25,079 INFO [ESM2-Decoder] Ep  67/100 | train=1.9858 (36.1s)
2026-02-27 19:20:01,104 INFO [ESM2-Decoder] Ep  68/100 | train=1.9839 (36.0s)
2026-02-27 19:20:37,084 INFO [ESM2-Decoder] Ep  69/100 | train=1.9816 (36.0s)
2026-02-27 19:21:20,880 INFO [ESM2-Decoder] Ep  70/100 | train=1.9801 val=1.8618 ent=2.907 ngram=0.0769 (36.1s)
2026-02-27 19:21:21,434 INFO [ESM2-Decoder] Checkpoint: baselines/checkpoints/esm2gen/best.pt
2026-02-27 19:21:21,984 INFO [ESM2-Decoder] Checkpoint: baselines/checkpoints/esm2gen/epoch_70.pt
2026-02-27 19:21:58,092 INFO [ESM2-Decoder] Ep  71/100 | train=1.9777 (36.1s)
2026-02-27 19:22:33,856 INFO [ESM2-Decoder] Ep  72/100 | train=1.9757 (35.8s)
2026-02-27 19:23:09,827 INFO [ESM2-Decoder] Ep  73/100 | train=1.9742 (36.0s)
2026-02-27 19:23:45,854 INFO [ESM2-Decoder] Ep  74/100 | train=1.9716 (36.0s)
2026-02-27 19:24:29,900 INFO [ESM2-Decoder] Ep  75/100 | train=1.9707 val=1.8519 ent=2.907 ngram=0.0769 (36.3s)
2026-02-27 19:24:30,453 INFO [ESM2-Decoder] Checkpoint: baselines/checkpoints/esm2gen/best.pt
2026-02-27 19:25:06,502 INFO [ESM2-Decoder] Ep  76/100 | train=1.9686 (36.0s)
2026-02-27 19:25:42,529 INFO [ESM2-Decoder] Ep  77/100 | train=1.9670 (36.0s)
2026-02-27 19:26:18,689 INFO [ESM2-Decoder] Ep  78/100 | train=1.9646 (36.2s)
2026-02-27 19:26:55,925 INFO [ESM2-Decoder] Ep  79/100 | train=1.9635 (37.2s)
2026-02-27 19:27:40,460 INFO [ESM2-Decoder] Ep  80/100 | train=1.9612 val=1.8437 ent=2.908 ngram=0.0769 (36.5s)
2026-02-27 19:27:41,008 INFO [ESM2-Decoder] Checkpoint: baselines/checkpoints/esm2gen/best.pt
2026-02-27 19:27:41,601 INFO [ESM2-Decoder] Checkpoint: baselines/checkpoints/esm2gen/epoch_80.pt
2026-02-27 19:28:17,911 INFO [ESM2-Decoder] Ep  81/100 | train=1.9595 (36.3s)
2026-02-27 19:28:54,064 INFO [ESM2-Decoder] Ep  82/100 | train=1.9578 (36.2s)
2026-02-27 19:29:30,292 INFO [ESM2-Decoder] Ep  83/100 | train=1.9560 (36.2s)
2026-02-27 19:30:06,430 INFO [ESM2-Decoder] Ep  84/100 | train=1.9548 (36.1s)
2026-02-27 19:30:50,517 INFO [ESM2-Decoder] Ep  85/100 | train=1.9533 val=1.8329 ent=2.904 ngram=0.0764 (36.3s)
2026-02-27 19:30:51,061 INFO [ESM2-Decoder] Checkpoint: baselines/checkpoints/esm2gen/best.pt
2026-02-27 19:31:27,283 INFO [ESM2-Decoder] Ep  86/100 | train=1.9515 (36.2s)
2026-02-27 19:32:03,617 INFO [ESM2-Decoder] Ep  87/100 | train=1.9495 (36.3s)
2026-02-27 19:32:39,554 INFO [ESM2-Decoder] Ep  88/100 | train=1.9476 (35.9s)
2026-02-27 19:33:16,278 INFO [ESM2-Decoder] Ep  89/100 | train=1.9469 (36.7s)
2026-02-27 19:34:00,847 INFO [ESM2-Decoder] Ep  90/100 | train=1.9455 val=1.8263 ent=2.905 ngram=0.0761 (36.6s)
2026-02-27 19:34:01,383 INFO [ESM2-Decoder] Checkpoint: baselines/checkpoints/esm2gen/best.pt
2026-02-27 19:34:01,926 INFO [ESM2-Decoder] Checkpoint: baselines/checkpoints/esm2gen/epoch_90.pt
2026-02-27 19:34:38,209 INFO [ESM2-Decoder] Ep  91/100 | train=1.9435 (36.3s)
2026-02-27 19:35:14,065 INFO [ESM2-Decoder] Ep  92/100 | train=1.9423 (35.9s)
2026-02-27 19:35:50,623 INFO [ESM2-Decoder] Ep  93/100 | train=1.9408 (36.6s)
2026-02-27 19:36:27,031 INFO [ESM2-Decoder] Ep  94/100 | train=1.9394 (36.4s)
2026-02-27 19:37:11,051 INFO [ESM2-Decoder] Ep  95/100 | train=1.9382 val=1.8175 ent=2.907 ngram=0.0763 (36.3s)
2026-02-27 19:37:11,677 INFO [ESM2-Decoder] Checkpoint: baselines/checkpoints/esm2gen/best.pt
2026-02-27 19:37:48,436 INFO [ESM2-Decoder] Ep  96/100 | train=1.9363 (36.8s)
2026-02-27 19:38:24,725 INFO [ESM2-Decoder] Ep  97/100 | train=1.9348 (36.3s)
2026-02-27 19:39:01,336 INFO [ESM2-Decoder] Ep  98/100 | train=1.9335 (36.6s)
2026-02-27 19:39:37,832 INFO [ESM2-Decoder] Ep  99/100 | train=1.9319 (36.5s)
2026-02-27 19:40:21,796 INFO [ESM2-Decoder] Ep 100/100 | train=1.9310 val=1.8086 ent=2.907 ngram=0.0757 (36.1s)
2026-02-27 19:40:22,391 INFO [ESM2-Decoder] Checkpoint: baselines/checkpoints/esm2gen/best.pt
2026-02-27 19:40:23,003 INFO [ESM2-Decoder] Checkpoint: baselines/checkpoints/esm2gen/epoch_100.pt
2026-02-27 19:40:23,070 INFO [ESM2-Decoder] Training complete.

[train_baseline] Done!
