2026-02-27 22:14:57,718 INFO [PepGraphormer] Training. Trainable params: 1,433,240
2026-02-27 22:15:45,741 INFO [PepGraphormer] Ep   1/200 | train=2.8869 (48.0s)
2026-02-27 22:16:33,048 INFO [PepGraphormer] Ep   2/200 | train=2.5827 (47.3s)
2026-02-27 22:17:19,709 INFO [PepGraphormer] Ep   3/200 | train=2.4911 (46.7s)
2026-02-27 22:18:04,605 INFO [PepGraphormer] Ep   4/200 | train=2.4371 (44.9s)
2026-02-27 22:18:53,049 INFO [PepGraphormer] Ep   5/200 | train=2.3733 val=2.3031 ent=2.859 ngram=0.3256 (43.5s)
2026-02-27 22:18:53,184 INFO [PepGraphormer] Checkpoint: baselines/checkpoints/pepgraphormer/best.pt
2026-02-27 22:19:31,955 INFO [PepGraphormer] Ep   6/200 | train=2.3007 (38.8s)
2026-02-27 22:20:12,634 INFO [PepGraphormer] Ep   7/200 | train=2.2355 (40.7s)
2026-02-27 22:20:56,881 INFO [PepGraphormer] Ep   8/200 | train=2.1751 (44.2s)
2026-02-27 22:21:41,318 INFO [PepGraphormer] Ep   9/200 | train=2.1231 (44.4s)
2026-02-27 22:22:31,026 INFO [PepGraphormer] Ep  10/200 | train=2.0817 val=1.9889 ent=2.876 ngram=0.2941 (44.7s)
2026-02-27 22:22:31,172 INFO [PepGraphormer] Checkpoint: baselines/checkpoints/pepgraphormer/best.pt
2026-02-27 22:22:31,322 INFO [PepGraphormer] Checkpoint: baselines/checkpoints/pepgraphormer/epoch_10.pt
2026-02-27 22:23:15,820 INFO [PepGraphormer] Ep  11/200 | train=2.0464 (44.5s)
2026-02-27 22:24:00,607 INFO [PepGraphormer] Ep  12/200 | train=2.0124 (44.8s)
2026-02-27 22:24:45,149 INFO [PepGraphormer] Ep  13/200 | train=1.9820 (44.5s)
2026-02-27 22:25:30,197 INFO [PepGraphormer] Ep  14/200 | train=1.9548 (45.0s)
2026-02-27 22:26:19,790 INFO [PepGraphormer] Ep  15/200 | train=1.9299 val=1.8146 ent=2.865 ngram=0.2633 (44.6s)
2026-02-27 22:26:20,216 INFO [PepGraphormer] Checkpoint: baselines/checkpoints/pepgraphormer/best.pt
2026-02-27 22:27:04,977 INFO [PepGraphormer] Ep  16/200 | train=1.9079 (44.8s)
2026-02-27 22:27:49,530 INFO [PepGraphormer] Ep  17/200 | train=1.8873 (44.6s)
2026-02-27 22:28:34,079 INFO [PepGraphormer] Ep  18/200 | train=1.8676 (44.5s)
2026-02-27 22:29:18,954 INFO [PepGraphormer] Ep  19/200 | train=1.8506 (44.9s)
2026-02-27 22:30:10,100 INFO [PepGraphormer] Ep  20/200 | train=1.8344 val=1.7063 ent=2.851 ngram=0.2450 (46.1s)
2026-02-27 22:30:10,259 INFO [PepGraphormer] Checkpoint: baselines/checkpoints/pepgraphormer/best.pt
2026-02-27 22:30:10,402 INFO [PepGraphormer] Checkpoint: baselines/checkpoints/pepgraphormer/epoch_20.pt
2026-02-27 22:30:57,168 INFO [PepGraphormer] Ep  21/200 | train=1.8189 (46.8s)
2026-02-27 22:31:43,074 INFO [PepGraphormer] Ep  22/200 | train=1.8032 (45.9s)
2026-02-27 22:32:28,213 INFO [PepGraphormer] Ep  23/200 | train=1.7895 (45.1s)
2026-02-27 22:33:13,678 INFO [PepGraphormer] Ep  24/200 | train=1.7762 (45.5s)
2026-02-27 22:34:05,365 INFO [PepGraphormer] Ep  25/200 | train=1.7636 val=1.6087 ent=2.848 ngram=0.2270 (46.7s)
2026-02-27 22:34:05,506 INFO [PepGraphormer] Checkpoint: baselines/checkpoints/pepgraphormer/best.pt
2026-02-27 22:34:51,435 INFO [PepGraphormer] Ep  26/200 | train=1.7509 (45.9s)
2026-02-27 22:35:38,391 INFO [PepGraphormer] Ep  27/200 | train=1.7399 (47.0s)
2026-02-27 22:36:25,247 INFO [PepGraphormer] Ep  28/200 | train=1.7284 (46.9s)
2026-02-27 22:37:12,516 INFO [PepGraphormer] Ep  29/200 | train=1.7176 (47.3s)
2026-02-27 22:38:04,898 INFO [PepGraphormer] Ep  30/200 | train=1.7078 val=1.5459 ent=2.840 ngram=0.2148 (47.3s)
2026-02-27 22:38:05,058 INFO [PepGraphormer] Checkpoint: baselines/checkpoints/pepgraphormer/best.pt
2026-02-27 22:38:05,234 INFO [PepGraphormer] Checkpoint: baselines/checkpoints/pepgraphormer/epoch_30.pt
2026-02-27 22:38:51,742 INFO [PepGraphormer] Ep  31/200 | train=1.6976 (46.5s)
2026-02-27 22:39:36,942 INFO [PepGraphormer] Ep  32/200 | train=1.6877 (45.2s)
2026-02-27 22:40:23,566 INFO [PepGraphormer] Ep  33/200 | train=1.6793 (46.6s)
2026-02-27 22:41:08,951 INFO [PepGraphormer] Ep  34/200 | train=1.6700 (45.4s)
2026-02-27 22:41:59,346 INFO [PepGraphormer] Ep  35/200 | train=1.6604 val=1.4960 ent=2.856 ngram=0.2139 (45.4s)
2026-02-27 22:41:59,520 INFO [PepGraphormer] Checkpoint: baselines/checkpoints/pepgraphormer/best.pt
2026-02-27 22:42:45,400 INFO [PepGraphormer] Ep  36/200 | train=1.6517 (45.9s)
2026-02-27 22:43:30,816 INFO [PepGraphormer] Ep  37/200 | train=1.6433 (45.4s)
2026-02-27 22:44:16,417 INFO [PepGraphormer] Ep  38/200 | train=1.6351 (45.6s)
2026-02-27 22:45:01,476 INFO [PepGraphormer] Ep  39/200 | train=1.6268 (45.1s)
2026-02-27 22:45:52,142 INFO [PepGraphormer] Ep  40/200 | train=1.6187 val=1.4539 ent=2.852 ngram=0.2026 (45.6s)
2026-02-27 22:45:56,785 INFO [PepGraphormer] Checkpoint: baselines/checkpoints/pepgraphormer/best.pt
2026-02-27 22:45:56,969 INFO [PepGraphormer] Checkpoint: baselines/checkpoints/pepgraphormer/epoch_40.pt
2026-02-27 22:46:42,225 INFO [PepGraphormer] Ep  41/200 | train=1.6112 (45.3s)
2026-02-27 22:47:27,765 INFO [PepGraphormer] Ep  42/200 | train=1.6040 (45.5s)
2026-02-27 22:48:13,096 INFO [PepGraphormer] Ep  43/200 | train=1.5967 (45.3s)
2026-02-27 22:48:58,025 INFO [PepGraphormer] Ep  44/200 | train=1.5897 (44.9s)
2026-02-27 22:49:44,705 INFO [PepGraphormer] Ep  45/200 | train=1.5828 val=1.4120 ent=2.855 ngram=0.1990 (42.9s)
2026-02-27 22:49:44,868 INFO [PepGraphormer] Checkpoint: baselines/checkpoints/pepgraphormer/best.pt
2026-02-27 22:50:12,835 INFO [PepGraphormer] Ep  46/200 | train=1.5760 (28.0s)
2026-02-27 22:50:41,555 INFO [PepGraphormer] Ep  47/200 | train=1.5693 (28.7s)
2026-02-27 22:51:09,768 INFO [PepGraphormer] Ep  48/200 | train=1.5627 (28.2s)
2026-02-27 22:51:36,993 INFO [PepGraphormer] Ep  49/200 | train=1.5563 (27.2s)
2026-02-27 22:52:07,383 INFO [PepGraphormer] Ep  50/200 | train=1.5505 val=1.3758 ent=2.847 ngram=0.1971 (26.8s)
2026-02-27 22:52:07,564 INFO [PepGraphormer] Checkpoint: baselines/checkpoints/pepgraphormer/best.pt
2026-02-27 22:52:07,723 INFO [PepGraphormer] Checkpoint: baselines/checkpoints/pepgraphormer/epoch_50.pt
2026-02-27 22:52:36,035 INFO [PepGraphormer] Ep  51/200 | train=1.5437 (28.3s)
2026-02-27 22:53:03,391 INFO [PepGraphormer] Ep  52/200 | train=1.5384 (27.4s)
2026-02-27 22:53:32,592 INFO [PepGraphormer] Ep  53/200 | train=1.5322 (29.2s)
2026-02-27 22:54:00,867 INFO [PepGraphormer] Ep  54/200 | train=1.5264 (28.3s)
2026-02-27 22:54:32,453 INFO [PepGraphormer] Ep  55/200 | train=1.5206 val=1.3422 ent=2.854 ngram=0.1906 (28.0s)
2026-02-27 22:54:32,608 INFO [PepGraphormer] Checkpoint: baselines/checkpoints/pepgraphormer/best.pt
2026-02-27 22:55:01,025 INFO [PepGraphormer] Ep  56/200 | train=1.5151 (28.4s)
2026-02-27 22:55:29,273 INFO [PepGraphormer] Ep  57/200 | train=1.5100 (28.2s)
2026-02-27 22:55:56,821 INFO [PepGraphormer] Ep  58/200 | train=1.5049 (27.5s)
2026-02-27 22:56:24,501 INFO [PepGraphormer] Ep  59/200 | train=1.4982 (27.7s)
2026-02-27 22:56:56,906 INFO [PepGraphormer] Ep  60/200 | train=1.4933 val=1.3070 ent=2.868 ngram=0.1887 (28.8s)
2026-02-27 22:56:57,063 INFO [PepGraphormer] Checkpoint: baselines/checkpoints/pepgraphormer/best.pt
2026-02-27 22:56:57,238 INFO [PepGraphormer] Checkpoint: baselines/checkpoints/pepgraphormer/epoch_60.pt
2026-02-27 22:57:25,497 INFO [PepGraphormer] Ep  61/200 | train=1.4879 (28.3s)
2026-02-27 22:57:53,097 INFO [PepGraphormer] Ep  62/200 | train=1.4836 (27.6s)
2026-02-27 22:58:21,027 INFO [PepGraphormer] Ep  63/200 | train=1.4791 (27.9s)
2026-02-27 22:58:48,457 INFO [PepGraphormer] Ep  64/200 | train=1.4735 (27.4s)
2026-02-27 22:59:19,769 INFO [PepGraphormer] Ep  65/200 | train=1.4686 val=1.2857 ent=2.854 ngram=0.1844 (27.7s)
2026-02-27 22:59:19,914 INFO [PepGraphormer] Checkpoint: baselines/checkpoints/pepgraphormer/best.pt
2026-02-27 22:59:46,918 INFO [PepGraphormer] Ep  66/200 | train=1.4640 (27.0s)
2026-02-27 23:00:15,435 INFO [PepGraphormer] Ep  67/200 | train=1.4601 (28.5s)
2026-02-27 23:00:43,601 INFO [PepGraphormer] Ep  68/200 | train=1.4557 (28.2s)
2026-02-27 23:01:11,935 INFO [PepGraphormer] Ep  69/200 | train=1.4513 (28.3s)
2026-02-27 23:01:43,066 INFO [PepGraphormer] Ep  70/200 | train=1.4470 val=1.2633 ent=2.876 ngram=0.1850 (27.5s)
2026-02-27 23:01:43,237 INFO [PepGraphormer] Checkpoint: baselines/checkpoints/pepgraphormer/best.pt
2026-02-27 23:01:43,421 INFO [PepGraphormer] Checkpoint: baselines/checkpoints/pepgraphormer/epoch_70.pt
2026-02-27 23:02:11,043 INFO [PepGraphormer] Ep  71/200 | train=1.4430 (27.6s)
2026-02-27 23:02:39,959 INFO [PepGraphormer] Ep  72/200 | train=1.4386 (28.9s)
2026-02-27 23:03:08,086 INFO [PepGraphormer] Ep  73/200 | train=1.4342 (28.1s)
2026-02-27 23:03:37,066 INFO [PepGraphormer] Ep  74/200 | train=1.4307 (29.0s)
2026-02-27 23:04:09,500 INFO [PepGraphormer] Ep  75/200 | train=1.4269 val=1.2363 ent=2.886 ngram=0.1826 (28.6s)
2026-02-27 23:04:09,677 INFO [PepGraphormer] Checkpoint: baselines/checkpoints/pepgraphormer/best.pt
2026-02-27 23:04:37,965 INFO [PepGraphormer] Ep  76/200 | train=1.4230 (28.3s)
2026-02-27 23:05:05,925 INFO [PepGraphormer] Ep  77/200 | train=1.4190 (28.0s)
2026-02-27 23:05:35,441 INFO [PepGraphormer] Ep  78/200 | train=1.4156 (29.5s)
2026-02-27 23:06:03,527 INFO [PepGraphormer] Ep  79/200 | train=1.4124 (28.1s)
2026-02-27 23:06:35,805 INFO [PepGraphormer] Ep  80/200 | train=1.4079 val=1.2151 ent=2.872 ngram=0.1748 (28.7s)
2026-02-27 23:06:35,995 INFO [PepGraphormer] Checkpoint: baselines/checkpoints/pepgraphormer/best.pt
2026-02-27 23:06:36,170 INFO [PepGraphormer] Checkpoint: baselines/checkpoints/pepgraphormer/epoch_80.pt
2026-02-27 23:07:04,631 INFO [PepGraphormer] Ep  81/200 | train=1.4050 (28.5s)
2026-02-27 23:07:33,131 INFO [PepGraphormer] Ep  82/200 | train=1.4010 (28.5s)
2026-02-27 23:08:00,932 INFO [PepGraphormer] Ep  83/200 | train=1.3974 (27.8s)
2026-02-27 23:08:28,753 INFO [PepGraphormer] Ep  84/200 | train=1.3950 (27.8s)
2026-02-27 23:08:59,774 INFO [PepGraphormer] Ep  85/200 | train=1.3919 val=1.2014 ent=2.887 ngram=0.1735 (27.5s)
2026-02-27 23:08:59,921 INFO [PepGraphormer] Checkpoint: baselines/checkpoints/pepgraphormer/best.pt
2026-02-27 23:09:27,957 INFO [PepGraphormer] Ep  86/200 | train=1.3886 (28.0s)
2026-02-27 23:09:55,936 INFO [PepGraphormer] Ep  87/200 | train=1.3851 (28.0s)
2026-02-27 23:10:22,951 INFO [PepGraphormer] Ep  88/200 | train=1.3818 (27.0s)
2026-02-27 23:10:50,512 INFO [PepGraphormer] Ep  89/200 | train=1.3792 (27.6s)
2026-02-27 23:11:21,848 INFO [PepGraphormer] Ep  90/200 | train=1.3759 val=1.2056 ent=2.883 ngram=0.1686 (27.7s)
2026-02-27 23:11:22,020 INFO [PepGraphormer] Checkpoint: baselines/checkpoints/pepgraphormer/epoch_90.pt
2026-02-27 23:11:50,080 INFO [PepGraphormer] Ep  91/200 | train=1.3732 (28.1s)
2026-02-27 23:12:17,172 INFO [PepGraphormer] Ep  92/200 | train=1.3701 (27.1s)
2026-02-27 23:12:44,589 INFO [PepGraphormer] Ep  93/200 | train=1.3679 (27.4s)
2026-02-27 23:13:12,132 INFO [PepGraphormer] Ep  94/200 | train=1.3649 (27.5s)
2026-02-27 23:13:43,322 INFO [PepGraphormer] Ep  95/200 | train=1.3626 val=1.1690 ent=2.889 ngram=0.1693 (27.6s)
2026-02-27 23:13:43,483 INFO [PepGraphormer] Checkpoint: baselines/checkpoints/pepgraphormer/best.pt
2026-02-27 23:14:11,385 INFO [PepGraphormer] Ep  96/200 | train=1.3607 (27.9s)
2026-02-27 23:14:39,068 INFO [PepGraphormer] Ep  97/200 | train=1.3573 (27.7s)
2026-02-27 23:15:06,721 INFO [PepGraphormer] Ep  98/200 | train=1.3560 (27.7s)
2026-02-27 23:15:34,998 INFO [PepGraphormer] Ep  99/200 | train=1.3528 (28.3s)
2026-02-27 23:16:06,361 INFO [PepGraphormer] Ep 100/200 | train=1.3504 val=1.1581 ent=2.891 ngram=0.1605 (27.7s)
2026-02-27 23:16:06,523 INFO [PepGraphormer] Checkpoint: baselines/checkpoints/pepgraphormer/best.pt
2026-02-27 23:16:06,740 INFO [PepGraphormer] Checkpoint: baselines/checkpoints/pepgraphormer/epoch_100.pt
2026-02-27 23:16:35,121 INFO [PepGraphormer] Ep 101/200 | train=1.3484 (28.4s)
2026-02-27 23:17:03,462 INFO [PepGraphormer] Ep 102/200 | train=1.3458 (28.3s)
2026-02-27 23:17:30,467 INFO [PepGraphormer] Ep 103/200 | train=1.3435 (27.0s)
2026-02-27 23:17:56,872 INFO [PepGraphormer] Ep 104/200 | train=1.3417 (26.4s)
2026-02-27 23:18:41,673 INFO [PepGraphormer] Ep 105/200 | train=1.3391 val=1.1404 ent=2.889 ngram=0.1601 (27.9s)
2026-02-27 23:18:41,837 INFO [PepGraphormer] Checkpoint: baselines/checkpoints/pepgraphormer/best.pt
2026-02-27 23:19:09,496 INFO [PepGraphormer] Ep 106/200 | train=1.3367 (27.7s)
2026-02-27 23:19:37,245 INFO [PepGraphormer] Ep 107/200 | train=1.3349 (27.7s)
2026-02-27 23:20:04,499 INFO [PepGraphormer] Ep 108/200 | train=1.3328 (27.3s)
2026-02-27 23:20:30,796 INFO [PepGraphormer] Ep 109/200 | train=1.3304 (26.3s)
2026-02-27 23:21:01,827 INFO [PepGraphormer] Ep 110/200 | train=1.3284 val=1.1395 ent=2.897 ngram=0.1584 (27.4s)
2026-02-27 23:21:01,985 INFO [PepGraphormer] Checkpoint: baselines/checkpoints/pepgraphormer/best.pt
2026-02-27 23:21:02,135 INFO [PepGraphormer] Checkpoint: baselines/checkpoints/pepgraphormer/epoch_110.pt
2026-02-27 23:21:30,926 INFO [PepGraphormer] Ep 111/200 | train=1.3261 (28.8s)
2026-02-27 23:21:58,940 INFO [PepGraphormer] Ep 112/200 | train=1.3242 (28.0s)
2026-02-27 23:22:25,594 INFO [PepGraphormer] Ep 113/200 | train=1.3221 (26.7s)
2026-02-27 23:22:53,349 INFO [PepGraphormer] Ep 114/200 | train=1.3202 (27.8s)
2026-02-27 23:23:24,274 INFO [PepGraphormer] Ep 115/200 | train=1.3184 val=1.1255 ent=2.899 ngram=0.1545 (27.4s)
2026-02-27 23:23:24,438 INFO [PepGraphormer] Checkpoint: baselines/checkpoints/pepgraphormer/best.pt
2026-02-27 23:23:52,320 INFO [PepGraphormer] Ep 116/200 | train=1.3161 (27.9s)
2026-02-27 23:24:20,698 INFO [PepGraphormer] Ep 117/200 | train=1.3143 (28.4s)
2026-02-27 23:24:47,925 INFO [PepGraphormer] Ep 118/200 | train=1.3125 (27.2s)
2026-02-27 23:25:14,998 INFO [PepGraphormer] Ep 119/200 | train=1.3112 (27.1s)
2026-02-27 23:25:46,426 INFO [PepGraphormer] Ep 120/200 | train=1.3089 val=1.1278 ent=2.904 ngram=0.1514 (27.8s)
2026-02-27 23:25:46,609 INFO [PepGraphormer] Checkpoint: baselines/checkpoints/pepgraphormer/epoch_120.pt
2026-02-27 23:26:14,263 INFO [PepGraphormer] Ep 121/200 | train=1.3074 (27.7s)
2026-02-27 23:26:41,523 INFO [PepGraphormer] Ep 122/200 | train=1.3051 (27.3s)
2026-02-27 23:27:09,681 INFO [PepGraphormer] Ep 123/200 | train=1.3042 (28.2s)
2026-02-27 23:27:37,629 INFO [PepGraphormer] Ep 124/200 | train=1.3015 (27.9s)
2026-02-27 23:28:08,583 INFO [PepGraphormer] Ep 125/200 | train=1.3005 val=1.1196 ent=2.891 ngram=0.1467 (27.4s)
2026-02-27 23:28:08,756 INFO [PepGraphormer] Checkpoint: baselines/checkpoints/pepgraphormer/best.pt
2026-02-27 23:28:35,483 INFO [PepGraphormer] Ep 126/200 | train=1.2988 (26.7s)
2026-02-27 23:29:02,412 INFO [PepGraphormer] Ep 127/200 | train=1.2964 (26.9s)
2026-02-27 23:29:29,519 INFO [PepGraphormer] Ep 128/200 | train=1.2952 (27.1s)
2026-02-27 23:29:56,020 INFO [PepGraphormer] Ep 129/200 | train=1.2930 (26.5s)
2026-02-27 23:30:26,371 INFO [PepGraphormer] Ep 130/200 | train=1.2913 val=1.0929 ent=2.890 ngram=0.1446 (26.8s)
2026-02-27 23:30:26,521 INFO [PepGraphormer] Checkpoint: baselines/checkpoints/pepgraphormer/best.pt
2026-02-27 23:30:26,663 INFO [PepGraphormer] Checkpoint: baselines/checkpoints/pepgraphormer/epoch_130.pt
2026-02-27 23:30:53,236 INFO [PepGraphormer] Ep 131/200 | train=1.2895 (26.6s)
2026-02-27 23:31:20,597 INFO [PepGraphormer] Ep 132/200 | train=1.2878 (27.4s)
2026-02-27 23:31:47,709 INFO [PepGraphormer] Ep 133/200 | train=1.2861 (27.1s)
2026-02-27 23:32:15,114 INFO [PepGraphormer] Ep 134/200 | train=1.2847 (27.4s)
2026-02-27 23:32:45,442 INFO [PepGraphormer] Ep 135/200 | train=1.2831 val=1.0904 ent=2.885 ngram=0.1392 (26.8s)
2026-02-27 23:32:45,593 INFO [PepGraphormer] Checkpoint: baselines/checkpoints/pepgraphormer/best.pt
2026-02-27 23:33:12,991 INFO [PepGraphormer] Ep 136/200 | train=1.2815 (27.4s)
2026-02-27 23:33:41,089 INFO [PepGraphormer] Ep 137/200 | train=1.2806 (28.1s)
2026-02-27 23:34:08,654 INFO [PepGraphormer] Ep 138/200 | train=1.2782 (27.6s)
2026-02-27 23:34:35,914 INFO [PepGraphormer] Ep 139/200 | train=1.2779 (27.3s)
2026-02-27 23:35:07,060 INFO [PepGraphormer] Ep 140/200 | train=1.2757 val=1.0945 ent=2.887 ngram=0.1384 (27.6s)
2026-02-27 23:35:07,222 INFO [PepGraphormer] Checkpoint: baselines/checkpoints/pepgraphormer/epoch_140.pt
2026-02-27 23:35:33,990 INFO [PepGraphormer] Ep 141/200 | train=1.2739 (26.8s)
2026-02-27 23:36:01,671 INFO [PepGraphormer] Ep 142/200 | train=1.2731 (27.7s)
2026-02-27 23:36:28,345 INFO [PepGraphormer] Ep 143/200 | train=1.2710 (26.7s)
2026-02-27 23:36:55,106 INFO [PepGraphormer] Ep 144/200 | train=1.2700 (26.8s)
2026-02-27 23:37:25,506 INFO [PepGraphormer] Ep 145/200 | train=1.2686 val=1.0871 ent=2.882 ngram=0.1354 (26.9s)
2026-02-27 23:37:25,662 INFO [PepGraphormer] Checkpoint: baselines/checkpoints/pepgraphormer/best.pt
2026-02-27 23:37:52,090 INFO [PepGraphormer] Ep 146/200 | train=1.2675 (26.4s)
2026-02-27 23:38:19,059 INFO [PepGraphormer] Ep 147/200 | train=1.2660 (27.0s)
2026-02-27 23:38:46,444 INFO [PepGraphormer] Ep 148/200 | train=1.2641 (27.4s)
2026-02-27 23:39:13,137 INFO [PepGraphormer] Ep 149/200 | train=1.2630 (26.7s)
2026-02-27 23:39:43,447 INFO [PepGraphormer] Ep 150/200 | train=1.2617 val=1.0649 ent=2.888 ngram=0.1360 (26.7s)
2026-02-27 23:39:43,609 INFO [PepGraphormer] Checkpoint: baselines/checkpoints/pepgraphormer/best.pt
2026-02-27 23:39:43,751 INFO [PepGraphormer] Checkpoint: baselines/checkpoints/pepgraphormer/epoch_150.pt
2026-02-27 23:40:11,334 INFO [PepGraphormer] Ep 151/200 | train=1.2608 (27.6s)
2026-02-27 23:40:38,607 INFO [PepGraphormer] Ep 152/200 | train=1.2593 (27.3s)
2026-02-27 23:41:05,540 INFO [PepGraphormer] Ep 153/200 | train=1.2582 (26.9s)
2026-02-27 23:41:32,563 INFO [PepGraphormer] Ep 154/200 | train=1.2574 (27.0s)
2026-02-27 23:42:02,892 INFO [PepGraphormer] Ep 155/200 | train=1.2561 val=1.0697 ent=2.884 ngram=0.1310 (26.8s)
2026-02-27 23:42:30,240 INFO [PepGraphormer] Ep 156/200 | train=1.2546 (27.3s)
2026-02-27 23:42:57,227 INFO [PepGraphormer] Ep 157/200 | train=1.2527 (27.0s)
2026-02-27 23:43:24,382 INFO [PepGraphormer] Ep 158/200 | train=1.2520 (27.2s)
2026-02-27 23:43:51,547 INFO [PepGraphormer] Ep 159/200 | train=1.2502 (27.2s)
2026-02-27 23:44:21,442 INFO [PepGraphormer] Ep 160/200 | train=1.2497 val=1.0643 ent=2.879 ngram=0.1297 (26.4s)
2026-02-27 23:44:21,603 INFO [PepGraphormer] Checkpoint: baselines/checkpoints/pepgraphormer/best.pt
2026-02-27 23:44:21,753 INFO [PepGraphormer] Checkpoint: baselines/checkpoints/pepgraphormer/epoch_160.pt
2026-02-27 23:44:49,066 INFO [PepGraphormer] Ep 161/200 | train=1.2488 (27.3s)
2026-02-27 23:45:16,677 INFO [PepGraphormer] Ep 162/200 | train=1.2476 (27.6s)
2026-02-27 23:45:44,105 INFO [PepGraphormer] Ep 163/200 | train=1.2466 (27.4s)
2026-02-27 23:46:11,472 INFO [PepGraphormer] Ep 164/200 | train=1.2456 (27.4s)
2026-02-27 23:46:42,625 INFO [PepGraphormer] Ep 165/200 | train=1.2447 val=1.0450 ent=2.876 ngram=0.1277 (27.7s)
2026-02-27 23:46:42,785 INFO [PepGraphormer] Checkpoint: baselines/checkpoints/pepgraphormer/best.pt
2026-02-27 23:47:10,867 INFO [PepGraphormer] Ep 166/200 | train=1.2433 (28.1s)
2026-02-27 23:47:38,462 INFO [PepGraphormer] Ep 167/200 | train=1.2422 (27.6s)
2026-02-27 23:48:05,220 INFO [PepGraphormer] Ep 168/200 | train=1.2409 (26.8s)
2026-02-27 23:48:32,308 INFO [PepGraphormer] Ep 169/200 | train=1.2407 (27.1s)
2026-02-27 23:49:02,832 INFO [PepGraphormer] Ep 170/200 | train=1.2390 val=1.0405 ent=2.873 ngram=0.1280 (27.0s)
2026-02-27 23:49:03,002 INFO [PepGraphormer] Checkpoint: baselines/checkpoints/pepgraphormer/best.pt
2026-02-27 23:49:03,143 INFO [PepGraphormer] Checkpoint: baselines/checkpoints/pepgraphormer/epoch_170.pt
2026-02-27 23:49:30,564 INFO [PepGraphormer] Ep 171/200 | train=1.2375 (27.4s)
2026-02-27 23:49:57,958 INFO [PepGraphormer] Ep 172/200 | train=1.2371 (27.4s)
2026-02-27 23:50:25,280 INFO [PepGraphormer] Ep 173/200 | train=1.2360 (27.3s)
2026-02-27 23:50:53,091 INFO [PepGraphormer] Ep 174/200 | train=1.2348 (27.8s)
2026-02-27 23:51:24,107 INFO [PepGraphormer] Ep 175/200 | train=1.2339 val=1.0289 ent=2.876 ngram=0.1263 (27.4s)
2026-02-27 23:51:24,270 INFO [PepGraphormer] Checkpoint: baselines/checkpoints/pepgraphormer/best.pt
2026-02-27 23:51:52,155 INFO [PepGraphormer] Ep 176/200 | train=1.2330 (27.9s)
2026-02-27 23:52:18,428 INFO [PepGraphormer] Ep 177/200 | train=1.2316 (26.3s)
2026-02-27 23:52:45,353 INFO [PepGraphormer] Ep 178/200 | train=1.2313 (26.9s)
2026-02-27 23:53:12,498 INFO [PepGraphormer] Ep 179/200 | train=1.2307 (27.1s)
2026-02-27 23:53:42,522 INFO [PepGraphormer] Ep 180/200 | train=1.2302 val=1.0383 ent=2.872 ngram=0.1260 (26.5s)
2026-02-27 23:53:42,672 INFO [PepGraphormer] Checkpoint: baselines/checkpoints/pepgraphormer/epoch_180.pt
2026-02-27 23:54:10,000 INFO [PepGraphormer] Ep 181/200 | train=1.2284 (27.3s)
2026-02-27 23:54:37,197 INFO [PepGraphormer] Ep 182/200 | train=1.2280 (27.2s)
2026-02-27 23:55:03,968 INFO [PepGraphormer] Ep 183/200 | train=1.2267 (26.8s)
2026-02-27 23:55:31,796 INFO [PepGraphormer] Ep 184/200 | train=1.2260 (27.8s)
2026-02-27 23:56:03,141 INFO [PepGraphormer] Ep 185/200 | train=1.2250 val=1.0378 ent=2.872 ngram=0.1280 (27.8s)
2026-02-27 23:56:31,116 INFO [PepGraphormer] Ep 186/200 | train=1.2243 (28.0s)
2026-02-27 23:56:58,995 INFO [PepGraphormer] Ep 187/200 | train=1.2233 (27.9s)
2026-02-27 23:57:26,351 INFO [PepGraphormer] Ep 188/200 | train=1.2226 (27.4s)
2026-02-27 23:57:54,115 INFO [PepGraphormer] Ep 189/200 | train=1.2221 (27.8s)
2026-02-27 23:58:25,588 INFO [PepGraphormer] Ep 190/200 | train=1.2218 val=1.0185 ent=2.868 ngram=0.1230 (27.9s)
2026-02-27 23:58:25,742 INFO [PepGraphormer] Checkpoint: baselines/checkpoints/pepgraphormer/best.pt
2026-02-27 23:58:25,883 INFO [PepGraphormer] Checkpoint: baselines/checkpoints/pepgraphormer/epoch_190.pt
2026-02-27 23:58:53,827 INFO [PepGraphormer] Ep 191/200 | train=1.2209 (27.9s)
2026-02-27 23:59:21,842 INFO [PepGraphormer] Ep 192/200 | train=1.2201 (28.0s)
2026-02-27 23:59:49,722 INFO [PepGraphormer] Ep 193/200 | train=1.2196 (27.9s)
2026-02-28 00:00:17,888 INFO [PepGraphormer] Ep 194/200 | train=1.2194 (28.2s)
2026-02-28 00:00:49,526 INFO [PepGraphormer] Ep 195/200 | train=1.2176 val=1.0215 ent=2.870 ngram=0.1235 (27.7s)
2026-02-28 00:01:17,126 INFO [PepGraphormer] Ep 196/200 | train=1.2178 (27.6s)
2026-02-28 00:01:44,769 INFO [PepGraphormer] Ep 197/200 | train=1.2168 (27.6s)
2026-02-28 00:02:12,077 INFO [PepGraphormer] Ep 198/200 | train=1.2159 (27.3s)
2026-02-28 00:02:39,471 INFO [PepGraphormer] Ep 199/200 | train=1.2153 (27.4s)
2026-02-28 00:03:10,052 INFO [PepGraphormer] Ep 200/200 | train=1.2143 val=1.0088 ent=2.861 ngram=0.1220 (27.0s)
2026-02-28 00:03:10,236 INFO [PepGraphormer] Checkpoint: baselines/checkpoints/pepgraphormer/best.pt
2026-02-28 00:03:10,369 INFO [PepGraphormer] Checkpoint: baselines/checkpoints/pepgraphormer/epoch_200.pt
2026-02-28 00:03:10,428 INFO [PepGraphormer] Training complete.
