nohup: ignoring input
2026-02-26 18:06:47,005 - __main__ - INFO - Device: cuda
2026-02-26 18:06:47,021 - __main__ - INFO - GPU: Quadro RTX 6000 (23.5 GB)
Loaded 129121 sequences from dataset/train.csv
Available features: ['instability_index', 'therapeutic_score', 'hemolytic_score', 'aliphatic_index', 'hydrophobic_moment', 'gravy', 'charge_at_pH7', 'aromaticity']
Conditional dataset: 129121 sequences
  Features: ['instability_index', 'therapeutic_score', 'hemolytic_score', 'aliphatic_index', 'hydrophobic_moment', 'gravy', 'charge_at_pH7', 'aromaticity']
  Feature dim: 8
Loaded 27669 sequences from dataset/val.csv
Available features: ['instability_index', 'therapeutic_score', 'hemolytic_score', 'aliphatic_index', 'hydrophobic_moment', 'gravy', 'charge_at_pH7', 'aromaticity']
Conditional dataset: 27669 sequences
  Features: ['instability_index', 'therapeutic_score', 'hemolytic_score', 'aliphatic_index', 'hydrophobic_moment', 'gravy', 'charge_at_pH7', 'aromaticity']
  Feature dim: 8
2026-02-26 18:06:53,940 - __main__ - INFO - Train: 129121, Val: 27669
2026-02-26 18:06:53,940 - __main__ - INFO - Batch size: 8192, Num workers: 8
2026-02-26 18:06:53,940 - __main__ - INFO - Condition dim: 8
2026-02-26 18:06:53,966 - __main__ - INFO - Using saved model_config from checkpoint: {'vocab_size': 24, 'embedding_dim': 64, 'hidden_dim': 256, 'latent_dim': 128, 'max_length': 50, 'num_layers': 2, 'dropout': 0.2, 'condition_dim': 8, 'bidirectional': True, 'use_attention': True, 'pad_idx': 0, 'sos_idx': 1, 'eos_idx': 2}
2026-02-26 18:06:53,966 - __main__ - INFO - Resume model: bidirectional=True, hidden_dim=256, latent_dim=128, num_layers=2, condition_dim=8
2026-02-26 18:06:53,981 - __main__ - INFO - Generator: 2,392,344 params
2026-02-26 18:06:53,982 - __main__ - INFO - Discriminator: 285,121 params
2026-02-26 18:06:53,982 - __main__ - INFO - Total: 2,677,465 params
2026-02-26 18:06:55,882 - peptidegen.training.trainer - INFO - Skipping optimizer/scaler state (--fresh-optimizer): using fresh optimizers and AMP scaler
2026-02-26 18:06:55,883 - peptidegen.training.trainer - INFO - Loaded model from epoch 89
2026-02-26 18:06:55,883 - __main__ - INFO - Fresh optimizer mode: optimizer and AMP scaler re-initialized
2026-02-26 18:06:55,883 - __main__ - INFO - Resumed from epoch 90
2026-02-26 18:06:55,883 - __main__ - INFO - ============================================================
2026-02-26 18:06:55,883 - __main__ - INFO - Training for 500 epochs (starting from 90)
2026-02-26 18:06:55,883 - __main__ - INFO - Batch size: 8192, Accumulation steps: 1
2026-02-26 18:06:55,883 - __main__ - INFO - Effective batch: 8192
2026-02-26 18:06:55,883 - __main__ - INFO - Config: g_steps=2, d_steps=1
2026-02-26 18:06:55,883 - __main__ - INFO - Weights: diversity=0.9, adv=0.7
2026-02-26 18:06:55,883 - __main__ - INFO - ============================================================
2026-02-26 18:06:55,884 - peptidegen.training.trainer - INFO - Training on cuda for 500 epochs
2026-02-26 18:06:55,884 - peptidegen.training.trainer - INFO - G steps: 2, D steps: 1
2026-02-26 18:06:55,884 - peptidegen.training.trainer - INFO - Gradient accumulation steps: 1
2026-02-26 18:06:55,884 - peptidegen.training.trainer - INFO - Diversity weight: 0.9, Adversarial weight: 0.7
2026-02-26 18:06:55,884 - peptidegen.training.trainer - INFO - Early stopping: patience=50, metric=val_g_loss
2026-02-26 18:06:55,884 - peptidegen.training.trainer - INFO - Epoch 91 Training with 15 batches (accum_steps=1)...
2026-02-26 18:07:24,853 - peptidegen.training.trainer - INFO - Epoch 91/500 [  29.0s] | D: 1.2394 | G: 0.5900 | d_real: 2.141 | d_fake: 0.432 | gap: +1.709 | ent: 2.643 | ngram: 0.0326 | len_pen: 0.0000 | stab: 0.0126 | Val | D: 1.2212 | G: 0.5857 | gap: +1.677
2026-02-26 18:07:24,854 - peptidegen.training.trainer - INFO - ⭐ Improved val_g_loss: 0.5857
2026-02-26 18:07:24,854 - peptidegen.training.trainer - INFO - Epoch 92 Training with 15 batches (accum_steps=1)...
2026-02-26 18:07:53,986 - peptidegen.training.trainer - INFO - Epoch 92/500 [  29.1s] | D: 1.2417 | G: 0.5872 | d_real: 2.127 | d_fake: 0.435 | gap: +1.692 | ent: 2.641 | ngram: 0.0300 | len_pen: 0.0000 | stab: 0.0152 | Val | D: 1.2337 | G: 0.5785 | gap: +1.742
2026-02-26 18:07:53,987 - peptidegen.training.trainer - INFO - ⭐ Improved val_g_loss: 0.5785
2026-02-26 18:07:53,987 - peptidegen.training.trainer - INFO - Epoch 93 Training with 15 batches (accum_steps=1)...
2026-02-26 18:08:23,838 - peptidegen.training.trainer - INFO - Epoch 93/500 [  29.9s] | D: 1.2369 | G: 0.5827 | d_real: 2.160 | d_fake: 0.429 | gap: +1.731 | ent: 2.670 | ngram: 0.0239 | len_pen: 0.0000 | stab: 0.0082 | Val | D: 1.2369 | G: 0.5796 | gap: +1.707
2026-02-26 18:08:23,839 - peptidegen.training.trainer - INFO - No improvement for 1/50 epochs. Best: 0.5785
2026-02-26 18:08:23,839 - peptidegen.training.trainer - INFO - Epoch 94 Training with 15 batches (accum_steps=1)...
2026-02-26 18:08:52,798 - peptidegen.training.trainer - INFO - Epoch 94/500 [  29.0s] | D: 1.2481 | G: 0.5995 | d_real: 2.118 | d_fake: 0.446 | gap: +1.672 | ent: 2.558 | ngram: 0.0479 | len_pen: 0.0000 | stab: 0.0211 | Val | D: 1.2355 | G: 0.5974 | gap: +1.618
2026-02-26 18:08:52,799 - peptidegen.training.trainer - INFO - No improvement for 2/50 epochs. Best: 0.5785
2026-02-26 18:08:52,799 - peptidegen.training.trainer - INFO - Epoch 95 Training with 15 batches (accum_steps=1)...
2026-02-26 18:09:21,259 - peptidegen.training.trainer - INFO - Epoch 95/500 [  28.5s] | D: 1.2387 | G: 0.6002 | d_real: 2.144 | d_fake: 0.431 | gap: +1.713 | ent: 2.555 | ngram: 0.0448 | len_pen: 0.0000 | stab: 0.0129 | Val | D: 1.2432 | G: 0.5863 | gap: +1.736
2026-02-26 18:09:21,259 - peptidegen.training.trainer - INFO - No improvement for 3/50 epochs. Best: 0.5785
2026-02-26 18:09:21,260 - peptidegen.training.trainer - INFO - Epoch 96 Training with 15 batches (accum_steps=1)...
2026-02-26 18:09:49,453 - peptidegen.training.trainer - INFO - Epoch 96/500 [  28.2s] | D: 1.2391 | G: 0.5958 | d_real: 2.157 | d_fake: 0.433 | gap: +1.724 | ent: 2.582 | ngram: 0.0441 | len_pen: 0.0000 | stab: 0.0022 | Val | D: 1.2287 | G: 0.5894 | gap: +1.709
2026-02-26 18:09:49,454 - peptidegen.training.trainer - INFO - No improvement for 4/50 epochs. Best: 0.5785
2026-02-26 18:09:49,454 - peptidegen.training.trainer - INFO - Epoch 97 Training with 15 batches (accum_steps=1)...
2026-02-26 18:10:17,984 - peptidegen.training.trainer - INFO - Epoch 97/500 [  28.5s] | D: 1.2404 | G: 0.5937 | d_real: 2.151 | d_fake: 0.436 | gap: +1.716 | ent: 2.588 | ngram: 0.0455 | len_pen: 0.0000 | stab: 0.0046 | Val | D: 1.2227 | G: 0.6006 | gap: +1.745
2026-02-26 18:10:17,984 - peptidegen.training.trainer - INFO - No improvement for 5/50 epochs. Best: 0.5785
2026-02-26 18:10:17,985 - peptidegen.training.trainer - INFO - Epoch 98 Training with 15 batches (accum_steps=1)...
2026-02-26 18:10:46,404 - peptidegen.training.trainer - INFO - Epoch 98/500 [  28.4s] | D: 1.2430 | G: 0.6018 | d_real: 2.133 | d_fake: 0.437 | gap: +1.696 | ent: 2.535 | ngram: 0.0547 | len_pen: 0.0000 | stab: 0.0107 | Val | D: 1.2396 | G: 0.5784 | gap: +1.731
2026-02-26 18:10:46,404 - peptidegen.training.trainer - INFO - ⭐ Improved val_g_loss: 0.5784
2026-02-26 18:10:46,405 - peptidegen.training.trainer - INFO - Epoch 99 Training with 15 batches (accum_steps=1)...
2026-02-26 18:11:14,415 - peptidegen.training.trainer - INFO - Epoch 99/500 [  28.0s] | D: 1.2390 | G: 0.5898 | d_real: 2.157 | d_fake: 0.433 | gap: +1.724 | ent: 2.595 | ngram: 0.0344 | len_pen: 0.0000 | stab: 0.0237 | Val | D: 1.2236 | G: 0.5867 | gap: +1.675
2026-02-26 18:11:14,416 - peptidegen.training.trainer - INFO - No improvement for 1/50 epochs. Best: 0.5784
2026-02-26 18:11:14,416 - peptidegen.training.trainer - INFO - Epoch 100 Training with 15 batches (accum_steps=1)...
2026-02-26 18:11:41,989 - peptidegen.training.trainer - INFO - Epoch 100/500 [  27.6s] | D: 1.2390 | G: 0.5906 | d_real: 2.141 | d_fake: 0.432 | gap: +1.709 | ent: 2.568 | ngram: 0.0369 | len_pen: 0.0000 | stab: 0.0058 | Val | D: 1.2487 | G: 0.5758 | gap: +1.758
2026-02-26 18:11:41,989 - peptidegen.training.trainer - INFO - ⭐ Improved val_g_loss: 0.5758
2026-02-26 18:11:42,501 - peptidegen.training.trainer - INFO - Saved: checkpoints/epoch_100.pt
2026-02-26 18:11:42,502 - peptidegen.training.trainer - INFO - Epoch 101 Training with 15 batches (accum_steps=1)...
2026-02-26 18:12:10,571 - peptidegen.training.trainer - INFO - Epoch 101/500 [  28.1s] | D: 1.2399 | G: 0.5956 | d_real: 2.158 | d_fake: 0.435 | gap: +1.723 | ent: 2.557 | ngram: 0.0458 | len_pen: 0.0000 | stab: 0.0087 | Val | D: 1.2328 | G: 0.5823 | gap: +1.774
2026-02-26 18:12:10,571 - peptidegen.training.trainer - INFO - No improvement for 1/50 epochs. Best: 0.5758
2026-02-26 18:12:10,572 - peptidegen.training.trainer - INFO - Epoch 102 Training with 15 batches (accum_steps=1)...
2026-02-26 18:12:38,201 - peptidegen.training.trainer - INFO - Epoch 102/500 [  27.6s] | D: 1.2382 | G: 0.5913 | d_real: 2.157 | d_fake: 0.432 | gap: +1.725 | ent: 2.568 | ngram: 0.0360 | len_pen: 0.0000 | stab: 0.0145 | Val | D: 1.2475 | G: 0.5750 | gap: +1.742
2026-02-26 18:12:38,202 - peptidegen.training.trainer - INFO - ⭐ Improved val_g_loss: 0.5750
2026-02-26 18:12:38,202 - peptidegen.training.trainer - INFO - Epoch 103 Training with 15 batches (accum_steps=1)...
2026-02-26 18:13:04,868 - peptidegen.training.trainer - INFO - Epoch 103/500 [  26.7s] | D: 1.2389 | G: 0.5920 | d_real: 2.168 | d_fake: 0.433 | gap: +1.736 | ent: 2.575 | ngram: 0.0428 | len_pen: 0.0000 | stab: 0.0060 | Val | D: 1.1994 | G: 0.6043 | gap: +1.618
2026-02-26 18:13:04,869 - peptidegen.training.trainer - INFO - No improvement for 1/50 epochs. Best: 0.5750
2026-02-26 18:13:04,869 - peptidegen.training.trainer - INFO - Epoch 104 Training with 15 batches (accum_steps=1)...
2026-02-26 18:13:32,421 - peptidegen.training.trainer - INFO - Epoch 104/500 [  27.6s] | D: 1.2354 | G: 0.6005 | d_real: 2.149 | d_fake: 0.426 | gap: +1.723 | ent: 2.529 | ngram: 0.0478 | len_pen: 0.0000 | stab: 0.0201 | Val | D: 1.2488 | G: 0.5775 | gap: +1.734
2026-02-26 18:13:32,422 - peptidegen.training.trainer - INFO - No improvement for 2/50 epochs. Best: 0.5750
2026-02-26 18:13:32,422 - peptidegen.training.trainer - INFO - Epoch 105 Training with 15 batches (accum_steps=1)...
2026-02-26 18:14:00,366 - peptidegen.training.trainer - INFO - Epoch 105/500 [  27.9s] | D: 1.2379 | G: 0.5974 | d_real: 2.157 | d_fake: 0.431 | gap: +1.726 | ent: 2.524 | ngram: 0.0447 | len_pen: 0.0000 | stab: 0.0118 | Val | D: 1.2337 | G: 0.5821 | gap: +1.794
2026-02-26 18:14:00,367 - peptidegen.training.trainer - INFO - No improvement for 3/50 epochs. Best: 0.5750
2026-02-26 18:14:00,367 - peptidegen.training.trainer - INFO - Epoch 106 Training with 15 batches (accum_steps=1)...
2026-02-26 18:14:27,997 - peptidegen.training.trainer - INFO - Epoch 106/500 [  27.6s] | D: 1.2392 | G: 0.5887 | d_real: 2.152 | d_fake: 0.432 | gap: +1.720 | ent: 2.558 | ngram: 0.0317 | len_pen: 0.0000 | stab: 0.0096 | Val | D: 1.2568 | G: 0.5719 | gap: +1.736
2026-02-26 18:14:27,998 - peptidegen.training.trainer - INFO - ⭐ Improved val_g_loss: 0.5719
2026-02-26 18:14:27,998 - peptidegen.training.trainer - INFO - Epoch 107 Training with 15 batches (accum_steps=1)...
2026-02-26 18:14:56,094 - peptidegen.training.trainer - INFO - Epoch 107/500 [  28.1s] | D: 1.2435 | G: 0.5942 | d_real: 2.146 | d_fake: 0.440 | gap: +1.706 | ent: 2.502 | ngram: 0.0401 | len_pen: 0.0000 | stab: 0.0125 | Val | D: 1.1844 | G: 0.6094 | gap: +1.649
2026-02-26 18:14:56,095 - peptidegen.training.trainer - INFO - No improvement for 1/50 epochs. Best: 0.5719
2026-02-26 18:14:56,095 - peptidegen.training.trainer - INFO - Epoch 108 Training with 15 batches (accum_steps=1)...
2026-02-26 18:15:23,757 - peptidegen.training.trainer - INFO - Epoch 108/500 [  27.7s] | D: 1.2352 | G: 0.5894 | d_real: 2.150 | d_fake: 0.426 | gap: +1.725 | ent: 2.553 | ngram: 0.0269 | len_pen: 0.0000 | stab: 0.0069 | Val | D: 1.2262 | G: 0.5787 | gap: +1.693
2026-02-26 18:15:23,758 - peptidegen.training.trainer - INFO - No improvement for 2/50 epochs. Best: 0.5719
2026-02-26 18:15:23,758 - peptidegen.training.trainer - INFO - Epoch 109 Training with 15 batches (accum_steps=1)...
2026-02-26 18:15:51,167 - peptidegen.training.trainer - INFO - Epoch 109/500 [  27.4s] | D: 1.2363 | G: 0.5781 | d_real: 2.155 | d_fake: 0.428 | gap: +1.727 | ent: 2.693 | ngram: 0.0197 | len_pen: 0.0000 | stab: 0.0143 | Val | D: 1.2424 | G: 0.5733 | gap: +1.696
2026-02-26 18:15:51,167 - peptidegen.training.trainer - INFO - No improvement for 3/50 epochs. Best: 0.5719
2026-02-26 18:15:51,168 - peptidegen.training.trainer - INFO - Epoch 110 Training with 15 batches (accum_steps=1)...
2026-02-26 18:16:18,643 - peptidegen.training.trainer - INFO - Epoch 110/500 [  27.5s] | D: 1.2390 | G: 0.5822 | d_real: 2.151 | d_fake: 0.433 | gap: +1.718 | ent: 2.640 | ngram: 0.0245 | len_pen: 0.0000 | stab: 0.0118 | Val | D: 1.2322 | G: 0.5740 | gap: +1.731
2026-02-26 18:16:18,644 - peptidegen.training.trainer - INFO - No improvement for 4/50 epochs. Best: 0.5719
2026-02-26 18:16:19,180 - peptidegen.training.trainer - INFO - Saved: checkpoints/epoch_110.pt
2026-02-26 18:16:19,181 - peptidegen.training.trainer - INFO - Epoch 111 Training with 15 batches (accum_steps=1)...
2026-02-26 18:16:46,903 - peptidegen.training.trainer - INFO - Epoch 111/500 [  27.7s] | D: 1.2365 | G: 0.5803 | d_real: 2.165 | d_fake: 0.429 | gap: +1.735 | ent: 2.642 | ngram: 0.0223 | len_pen: 0.0000 | stab: 0.0107 | Val | D: 1.2299 | G: 0.5760 | gap: +1.732
2026-02-26 18:16:46,904 - peptidegen.training.trainer - INFO - No improvement for 5/50 epochs. Best: 0.5719
2026-02-26 18:16:46,904 - peptidegen.training.trainer - INFO - Epoch 112 Training with 15 batches (accum_steps=1)...
2026-02-26 18:17:14,782 - peptidegen.training.trainer - INFO - Epoch 112/500 [  27.9s] | D: 1.2360 | G: 0.5806 | d_real: 2.165 | d_fake: 0.428 | gap: +1.736 | ent: 2.646 | ngram: 0.0216 | len_pen: 0.0000 | stab: 0.0077 | Val | D: 1.2331 | G: 0.5834 | gap: +1.722
2026-02-26 18:17:14,782 - peptidegen.training.trainer - INFO - No improvement for 6/50 epochs. Best: 0.5719
2026-02-26 18:17:14,783 - peptidegen.training.trainer - INFO - Epoch 113 Training with 15 batches (accum_steps=1)...
2026-02-26 18:17:42,024 - peptidegen.training.trainer - INFO - Epoch 113/500 [  27.2s] | D: 1.2379 | G: 0.5876 | d_real: 2.157 | d_fake: 0.431 | gap: +1.725 | ent: 2.605 | ngram: 0.0317 | len_pen: 0.0001 | stab: 0.0066 | Val | D: 1.2513 | G: 0.5733 | gap: +1.746
2026-02-26 18:17:42,024 - peptidegen.training.trainer - INFO - No improvement for 7/50 epochs. Best: 0.5719
2026-02-26 18:17:42,024 - peptidegen.training.trainer - INFO - Epoch 114 Training with 15 batches (accum_steps=1)...
2026-02-26 18:18:00,805 - peptidegen.training.trainer - INFO - Epoch 114/500 [  18.8s] | D: 1.2386 | G: 0.5876 | d_real: 2.162 | d_fake: 0.433 | gap: +1.729 | ent: 2.604 | ngram: 0.0307 | len_pen: 0.0000 | stab: 0.0086 | Val | D: 1.2493 | G: 0.5777 | gap: +1.748
2026-02-26 18:18:00,805 - peptidegen.training.trainer - INFO - No improvement for 8/50 epochs. Best: 0.5719
2026-02-26 18:18:00,806 - peptidegen.training.trainer - INFO - Epoch 115 Training with 15 batches (accum_steps=1)...
2026-02-26 18:18:15,773 - peptidegen.training.trainer - INFO - Epoch 115/500 [  15.0s] | D: 1.2377 | G: 0.5919 | d_real: 2.162 | d_fake: 0.431 | gap: +1.731 | ent: 2.598 | ngram: 0.0353 | len_pen: 0.0000 | stab: 0.0076 | Val | D: 1.2437 | G: 0.5752 | gap: +1.731
2026-02-26 18:18:15,773 - peptidegen.training.trainer - INFO - No improvement for 9/50 epochs. Best: 0.5719
2026-02-26 18:18:15,774 - peptidegen.training.trainer - INFO - Epoch 116 Training with 15 batches (accum_steps=1)...
2026-02-26 18:18:30,606 - peptidegen.training.trainer - INFO - Epoch 116/500 [  14.8s] | D: 1.2351 | G: 0.5834 | d_real: 2.173 | d_fake: 0.427 | gap: +1.745 | ent: 2.653 | ngram: 0.0253 | len_pen: 0.0000 | stab: 0.0063 | Val | D: 1.2472 | G: 0.5766 | gap: +1.719
2026-02-26 18:18:30,606 - peptidegen.training.trainer - INFO - No improvement for 10/50 epochs. Best: 0.5719
2026-02-26 18:18:30,607 - peptidegen.training.trainer - INFO - Epoch 117 Training with 15 batches (accum_steps=1)...
2026-02-26 18:18:45,273 - peptidegen.training.trainer - INFO - Epoch 117/500 [  14.7s] | D: 1.2378 | G: 0.5854 | d_real: 2.160 | d_fake: 0.432 | gap: +1.728 | ent: 2.610 | ngram: 0.0291 | len_pen: 0.0000 | stab: 0.0051 | Val | D: 1.2430 | G: 0.5768 | gap: +1.725
2026-02-26 18:18:45,273 - peptidegen.training.trainer - INFO - No improvement for 11/50 epochs. Best: 0.5719
2026-02-26 18:18:45,274 - peptidegen.training.trainer - INFO - Epoch 118 Training with 15 batches (accum_steps=1)...
2026-02-26 18:19:00,035 - peptidegen.training.trainer - INFO - Epoch 118/500 [  14.8s] | D: 1.2354 | G: 0.5884 | d_real: 2.174 | d_fake: 0.428 | gap: +1.746 | ent: 2.577 | ngram: 0.0296 | len_pen: 0.0000 | stab: 0.0067 | Val | D: 1.2224 | G: 0.5850 | gap: +1.755
2026-02-26 18:19:00,035 - peptidegen.training.trainer - INFO - No improvement for 12/50 epochs. Best: 0.5719
2026-02-26 18:19:00,036 - peptidegen.training.trainer - INFO - Epoch 119 Training with 15 batches (accum_steps=1)...
2026-02-26 18:19:14,861 - peptidegen.training.trainer - INFO - Epoch 119/500 [  14.8s] | D: 1.2343 | G: 0.5869 | d_real: 2.174 | d_fake: 0.426 | gap: +1.748 | ent: 2.601 | ngram: 0.0275 | len_pen: 0.0000 | stab: 0.0089 | Val | D: 1.2393 | G: 0.5789 | gap: +1.745
2026-02-26 18:19:14,861 - peptidegen.training.trainer - INFO - No improvement for 13/50 epochs. Best: 0.5719
2026-02-26 18:19:14,862 - peptidegen.training.trainer - INFO - Epoch 120 Training with 15 batches (accum_steps=1)...
2026-02-26 18:19:29,690 - peptidegen.training.trainer - INFO - Epoch 120/500 [  14.8s] | D: 1.2334 | G: 0.5852 | d_real: 2.177 | d_fake: 0.425 | gap: +1.752 | ent: 2.673 | ngram: 0.0232 | len_pen: 0.0000 | stab: 0.0082 | Val | D: 1.2504 | G: 0.5657 | gap: +1.781
2026-02-26 18:19:29,691 - peptidegen.training.trainer - INFO - ⭐ Improved val_g_loss: 0.5657
2026-02-26 18:19:30,203 - peptidegen.training.trainer - INFO - Saved: checkpoints/epoch_120.pt
2026-02-26 18:19:30,204 - peptidegen.training.trainer - INFO - Epoch 121 Training with 15 batches (accum_steps=1)...
2026-02-26 18:19:44,958 - peptidegen.training.trainer - INFO - Epoch 121/500 [  14.8s] | D: 1.2348 | G: 0.5762 | d_real: 2.177 | d_fake: 0.427 | gap: +1.750 | ent: 2.744 | ngram: 0.0152 | len_pen: 0.0000 | stab: 0.0122 | Val | D: 1.2439 | G: 0.5680 | gap: +1.757
2026-02-26 18:19:44,958 - peptidegen.training.trainer - INFO - No improvement for 1/50 epochs. Best: 0.5657
2026-02-26 18:19:44,959 - peptidegen.training.trainer - INFO - Epoch 122 Training with 15 batches (accum_steps=1)...
2026-02-26 18:20:00,019 - peptidegen.training.trainer - INFO - Epoch 122/500 [  15.1s] | D: 1.2349 | G: 0.5740 | d_real: 2.180 | d_fake: 0.427 | gap: +1.753 | ent: 2.733 | ngram: 0.0130 | len_pen: 0.0000 | stab: 0.0069 | Val | D: 1.2207 | G: 0.5779 | gap: +1.739
2026-02-26 18:20:00,020 - peptidegen.training.trainer - INFO - No improvement for 2/50 epochs. Best: 0.5657
2026-02-26 18:20:00,020 - peptidegen.training.trainer - INFO - Epoch 123 Training with 15 batches (accum_steps=1)...
2026-02-26 18:20:15,171 - peptidegen.training.trainer - INFO - Epoch 123/500 [  15.2s] | D: 1.2338 | G: 0.5755 | d_real: 2.172 | d_fake: 0.425 | gap: +1.747 | ent: 2.716 | ngram: 0.0128 | len_pen: 0.0000 | stab: 0.0046 | Val | D: 1.2417 | G: 0.5671 | gap: +1.771
2026-02-26 18:20:15,171 - peptidegen.training.trainer - INFO - No improvement for 3/50 epochs. Best: 0.5657
2026-02-26 18:20:15,171 - peptidegen.training.trainer - INFO - Epoch 124 Training with 15 batches (accum_steps=1)...
2026-02-26 18:20:30,225 - peptidegen.training.trainer - INFO - Epoch 124/500 [  15.1s] | D: 1.2362 | G: 0.5749 | d_real: 2.175 | d_fake: 0.429 | gap: +1.745 | ent: 2.690 | ngram: 0.0136 | len_pen: 0.0000 | stab: 0.0045 | Val | D: 1.2192 | G: 0.5825 | gap: +1.721
2026-02-26 18:20:30,226 - peptidegen.training.trainer - INFO - No improvement for 4/50 epochs. Best: 0.5657
2026-02-26 18:20:30,226 - peptidegen.training.trainer - INFO - Epoch 125 Training with 15 batches (accum_steps=1)...
2026-02-26 18:20:44,989 - peptidegen.training.trainer - INFO - Epoch 125/500 [  14.8s] | D: 1.2350 | G: 0.5858 | d_real: 2.167 | d_fake: 0.427 | gap: +1.740 | ent: 2.621 | ngram: 0.0249 | len_pen: 0.0000 | stab: 0.0095 | Val | D: 1.2296 | G: 0.5874 | gap: +1.700
2026-02-26 18:20:44,990 - peptidegen.training.trainer - INFO - No improvement for 5/50 epochs. Best: 0.5657
2026-02-26 18:20:44,990 - peptidegen.training.trainer - INFO - Epoch 126 Training with 15 batches (accum_steps=1)...
2026-02-26 18:20:59,736 - peptidegen.training.trainer - INFO - Epoch 126/500 [  14.7s] | D: 1.2346 | G: 0.5847 | d_real: 2.164 | d_fake: 0.426 | gap: +1.738 | ent: 2.593 | ngram: 0.0204 | len_pen: 0.0000 | stab: 0.0059 | Val | D: 1.2420 | G: 0.5757 | gap: +1.754
2026-02-26 18:20:59,736 - peptidegen.training.trainer - INFO - No improvement for 6/50 epochs. Best: 0.5657
2026-02-26 18:20:59,737 - peptidegen.training.trainer - INFO - Epoch 127 Training with 15 batches (accum_steps=1)...
2026-02-26 18:21:14,475 - peptidegen.training.trainer - INFO - Epoch 127/500 [  14.7s] | D: 1.2342 | G: 0.5791 | d_real: 2.173 | d_fake: 0.426 | gap: +1.747 | ent: 2.634 | ngram: 0.0153 | len_pen: 0.0000 | stab: 0.0049 | Val | D: 1.2434 | G: 0.5727 | gap: +1.767
2026-02-26 18:21:14,476 - peptidegen.training.trainer - INFO - No improvement for 7/50 epochs. Best: 0.5657
2026-02-26 18:21:14,476 - peptidegen.training.trainer - INFO - Epoch 128 Training with 15 batches (accum_steps=1)...
2026-02-26 18:21:29,225 - peptidegen.training.trainer - INFO - Epoch 128/500 [  14.7s] | D: 1.2355 | G: 0.5841 | d_real: 2.179 | d_fake: 0.429 | gap: +1.751 | ent: 2.612 | ngram: 0.0228 | len_pen: 0.0000 | stab: 0.0048 | Val | D: 1.2019 | G: 0.5957 | gap: +1.741
2026-02-26 18:21:29,226 - peptidegen.training.trainer - INFO - No improvement for 8/50 epochs. Best: 0.5657
2026-02-26 18:21:29,226 - peptidegen.training.trainer - INFO - Epoch 129 Training with 15 batches (accum_steps=1)...
2026-02-26 18:21:44,403 - peptidegen.training.trainer - INFO - Epoch 129/500 [  15.2s] | D: 1.2340 | G: 0.5878 | d_real: 2.169 | d_fake: 0.425 | gap: +1.744 | ent: 2.597 | ngram: 0.0256 | len_pen: 0.0000 | stab: 0.0073 | Val | D: 1.2375 | G: 0.5747 | gap: +1.754
2026-02-26 18:21:44,403 - peptidegen.training.trainer - INFO - No improvement for 9/50 epochs. Best: 0.5657
2026-02-26 18:21:44,403 - peptidegen.training.trainer - INFO - Epoch 130 Training with 15 batches (accum_steps=1)...
2026-02-26 18:21:59,699 - peptidegen.training.trainer - INFO - Epoch 130/500 [  15.3s] | D: 1.2355 | G: 0.5801 | d_real: 2.177 | d_fake: 0.429 | gap: +1.749 | ent: 2.635 | ngram: 0.0172 | len_pen: 0.0000 | stab: 0.0079 | Val | D: 1.2144 | G: 0.5843 | gap: +1.742
2026-02-26 18:21:59,700 - peptidegen.training.trainer - INFO - No improvement for 10/50 epochs. Best: 0.5657
2026-02-26 18:22:00,222 - peptidegen.training.trainer - INFO - Saved: checkpoints/epoch_130.pt
2026-02-26 18:22:00,223 - peptidegen.training.trainer - INFO - Epoch 131 Training with 15 batches (accum_steps=1)...
2026-02-26 18:22:15,312 - peptidegen.training.trainer - INFO - Epoch 131/500 [  15.1s] | D: 1.2353 | G: 0.5842 | d_real: 2.177 | d_fake: 0.428 | gap: +1.749 | ent: 2.631 | ngram: 0.0245 | len_pen: 0.0000 | stab: 0.0052 | Val | D: 1.2072 | G: 0.5935 | gap: +1.728
2026-02-26 18:22:15,312 - peptidegen.training.trainer - INFO - No improvement for 11/50 epochs. Best: 0.5657
2026-02-26 18:22:15,313 - peptidegen.training.trainer - INFO - Epoch 132 Training with 15 batches (accum_steps=1)...
2026-02-26 18:22:29,840 - peptidegen.training.trainer - INFO - Epoch 132/500 [  14.5s] | D: 1.2323 | G: 0.5860 | d_real: 2.170 | d_fake: 0.422 | gap: +1.747 | ent: 2.621 | ngram: 0.0231 | len_pen: 0.0000 | stab: 0.0049 | Val | D: 1.2737 | G: 0.5615 | gap: +1.768
2026-02-26 18:22:29,841 - peptidegen.training.trainer - INFO - ⭐ Improved val_g_loss: 0.5615
2026-02-26 18:22:29,841 - peptidegen.training.trainer - INFO - Epoch 133 Training with 15 batches (accum_steps=1)...
2026-02-26 18:22:44,584 - peptidegen.training.trainer - INFO - Epoch 133/500 [  14.7s] | D: 1.2343 | G: 0.5804 | d_real: 2.175 | d_fake: 0.426 | gap: +1.749 | ent: 2.644 | ngram: 0.0182 | len_pen: 0.0000 | stab: 0.0033 | Val | D: 1.2705 | G: 0.5628 | gap: +1.783
2026-02-26 18:22:44,584 - peptidegen.training.trainer - INFO - No improvement for 1/50 epochs. Best: 0.5615
2026-02-26 18:22:44,584 - peptidegen.training.trainer - INFO - Epoch 134 Training with 15 batches (accum_steps=1)...
2026-02-26 18:22:59,390 - peptidegen.training.trainer - INFO - Epoch 134/500 [  14.8s] | D: 1.2342 | G: 0.5759 | d_real: 2.182 | d_fake: 0.426 | gap: +1.756 | ent: 2.693 | ngram: 0.0134 | len_pen: 0.0000 | stab: 0.0067 | Val | D: 1.2385 | G: 0.5673 | gap: +1.739
2026-02-26 18:22:59,390 - peptidegen.training.trainer - INFO - No improvement for 2/50 epochs. Best: 0.5615
2026-02-26 18:22:59,391 - peptidegen.training.trainer - INFO - Epoch 135 Training with 15 batches (accum_steps=1)...
2026-02-26 18:23:13,826 - peptidegen.training.trainer - INFO - Epoch 135/500 [  14.4s] | D: 1.2339 | G: 0.5724 | d_real: 2.182 | d_fake: 0.426 | gap: +1.756 | ent: 2.729 | ngram: 0.0119 | len_pen: 0.0000 | stab: 0.0052 | Val | D: 1.2317 | G: 0.5718 | gap: +1.742
2026-02-26 18:23:13,826 - peptidegen.training.trainer - INFO - No improvement for 3/50 epochs. Best: 0.5615
2026-02-26 18:23:13,826 - peptidegen.training.trainer - INFO - Epoch 136 Training with 15 batches (accum_steps=1)...
2026-02-26 18:23:28,724 - peptidegen.training.trainer - INFO - Epoch 136/500 [  14.9s] | D: 1.2335 | G: 0.5753 | d_real: 2.175 | d_fake: 0.425 | gap: +1.750 | ent: 2.702 | ngram: 0.0141 | len_pen: 0.0000 | stab: 0.0046 | Val | D: 1.2385 | G: 0.5684 | gap: +1.781
2026-02-26 18:23:28,724 - peptidegen.training.trainer - INFO - No improvement for 4/50 epochs. Best: 0.5615
2026-02-26 18:23:28,725 - peptidegen.training.trainer - INFO - Epoch 137 Training with 15 batches (accum_steps=1)...
2026-02-26 18:23:43,534 - peptidegen.training.trainer - INFO - Epoch 137/500 [  14.8s] | D: 1.2336 | G: 0.5754 | d_real: 2.183 | d_fake: 0.425 | gap: +1.757 | ent: 2.702 | ngram: 0.0149 | len_pen: 0.0000 | stab: 0.0082 | Val | D: 1.2249 | G: 0.5808 | gap: +1.751
2026-02-26 18:23:43,534 - peptidegen.training.trainer - INFO - No improvement for 5/50 epochs. Best: 0.5615
2026-02-26 18:23:43,535 - peptidegen.training.trainer - INFO - Epoch 138 Training with 15 batches (accum_steps=1)...
2026-02-26 18:23:58,610 - peptidegen.training.trainer - INFO - Epoch 138/500 [  15.1s] | D: 1.2324 | G: 0.5776 | d_real: 2.183 | d_fake: 0.423 | gap: +1.759 | ent: 2.684 | ngram: 0.0149 | len_pen: 0.0000 | stab: 0.0105 | Val | D: 1.2501 | G: 0.5636 | gap: +1.764
2026-02-26 18:23:58,610 - peptidegen.training.trainer - INFO - No improvement for 6/50 epochs. Best: 0.5615
2026-02-26 18:23:58,611 - peptidegen.training.trainer - INFO - Epoch 139 Training with 15 batches (accum_steps=1)...
2026-02-26 18:24:13,328 - peptidegen.training.trainer - INFO - Epoch 139/500 [  14.7s] | D: 1.2351 | G: 0.5763 | d_real: 2.177 | d_fake: 0.427 | gap: +1.750 | ent: 2.696 | ngram: 0.0136 | len_pen: 0.0000 | stab: 0.0107 | Val | D: 1.2297 | G: 0.5747 | gap: +1.738
2026-02-26 18:24:13,328 - peptidegen.training.trainer - INFO - No improvement for 7/50 epochs. Best: 0.5615
2026-02-26 18:24:13,328 - peptidegen.training.trainer - INFO - Epoch 140 Training with 15 batches (accum_steps=1)...
2026-02-26 18:24:27,826 - peptidegen.training.trainer - INFO - Epoch 140/500 [  14.5s] | D: 1.2342 | G: 0.5774 | d_real: 2.178 | d_fake: 0.426 | gap: +1.752 | ent: 2.678 | ngram: 0.0148 | len_pen: 0.0000 | stab: 0.0074 | Val | D: 1.2325 | G: 0.5772 | gap: +1.711
2026-02-26 18:24:27,826 - peptidegen.training.trainer - INFO - No improvement for 8/50 epochs. Best: 0.5615
2026-02-26 18:24:28,366 - peptidegen.training.trainer - INFO - Saved: checkpoints/epoch_140.pt
2026-02-26 18:24:28,367 - peptidegen.training.trainer - INFO - Epoch 141 Training with 15 batches (accum_steps=1)...
2026-02-26 18:24:43,132 - peptidegen.training.trainer - INFO - Epoch 141/500 [  14.8s] | D: 1.2344 | G: 0.5803 | d_real: 2.173 | d_fake: 0.426 | gap: +1.747 | ent: 2.658 | ngram: 0.0162 | len_pen: 0.0000 | stab: 0.0094 | Val | D: 1.2270 | G: 0.5774 | gap: +1.744
2026-02-26 18:24:43,132 - peptidegen.training.trainer - INFO - No improvement for 9/50 epochs. Best: 0.5615
2026-02-26 18:24:43,133 - peptidegen.training.trainer - INFO - Epoch 142 Training with 15 batches (accum_steps=1)...
2026-02-26 18:24:57,650 - peptidegen.training.trainer - INFO - Epoch 142/500 [  14.5s] | D: 1.2328 | G: 0.5775 | d_real: 2.175 | d_fake: 0.424 | gap: +1.751 | ent: 2.663 | ngram: 0.0139 | len_pen: 0.0000 | stab: 0.0021 | Val | D: 1.2421 | G: 0.5707 | gap: +1.773
2026-02-26 18:24:57,651 - peptidegen.training.trainer - INFO - No improvement for 10/50 epochs. Best: 0.5615
2026-02-26 18:24:57,651 - peptidegen.training.trainer - INFO - Epoch 143 Training with 15 batches (accum_steps=1)...
2026-02-26 18:25:12,500 - peptidegen.training.trainer - INFO - Epoch 143/500 [  14.8s] | D: 1.2370 | G: 0.5895 | d_real: 2.157 | d_fake: 0.430 | gap: +1.727 | ent: 2.584 | ngram: 0.0315 | len_pen: 0.0000 | stab: 0.0036 | Val | D: 1.2696 | G: 0.5762 | gap: +1.771
2026-02-26 18:25:12,500 - peptidegen.training.trainer - INFO - No improvement for 11/50 epochs. Best: 0.5615
2026-02-26 18:25:12,501 - peptidegen.training.trainer - INFO - Epoch 144 Training with 15 batches (accum_steps=1)...
2026-02-26 18:25:27,705 - peptidegen.training.trainer - INFO - Epoch 144/500 [  15.2s] | D: 1.2404 | G: 0.5880 | d_real: 2.152 | d_fake: 0.436 | gap: +1.716 | ent: 2.566 | ngram: 0.0265 | len_pen: 0.0000 | stab: 0.0052 | Val | D: 1.2348 | G: 0.5908 | gap: +1.706
2026-02-26 18:25:27,706 - peptidegen.training.trainer - INFO - No improvement for 12/50 epochs. Best: 0.5615
2026-02-26 18:25:27,706 - peptidegen.training.trainer - INFO - Epoch 145 Training with 15 batches (accum_steps=1)...
2026-02-26 18:25:42,934 - peptidegen.training.trainer - INFO - Epoch 145/500 [  15.2s] | D: 1.2351 | G: 0.5844 | d_real: 2.167 | d_fake: 0.427 | gap: +1.740 | ent: 2.628 | ngram: 0.0228 | len_pen: 0.0000 | stab: 0.0058 | Val | D: 1.2338 | G: 0.5730 | gap: +1.753
2026-02-26 18:25:42,935 - peptidegen.training.trainer - INFO - No improvement for 13/50 epochs. Best: 0.5615
2026-02-26 18:25:42,935 - peptidegen.training.trainer - INFO - Epoch 146 Training with 15 batches (accum_steps=1)...
2026-02-26 18:25:57,570 - peptidegen.training.trainer - INFO - Epoch 146/500 [  14.6s] | D: 1.2342 | G: 0.5750 | d_real: 2.179 | d_fake: 0.426 | gap: +1.753 | ent: 2.693 | ngram: 0.0151 | len_pen: 0.0000 | stab: 0.0060 | Val | D: 1.2356 | G: 0.5718 | gap: +1.763
2026-02-26 18:25:57,570 - peptidegen.training.trainer - INFO - No improvement for 14/50 epochs. Best: 0.5615
2026-02-26 18:25:57,570 - peptidegen.training.trainer - INFO - Epoch 147 Training with 15 batches (accum_steps=1)...
2026-02-26 18:26:12,244 - peptidegen.training.trainer - INFO - Epoch 147/500 [  14.7s] | D: 1.2356 | G: 0.5783 | d_real: 2.173 | d_fake: 0.429 | gap: +1.745 | ent: 2.665 | ngram: 0.0197 | len_pen: 0.0000 | stab: 0.0059 | Val | D: 1.2418 | G: 0.5737 | gap: +1.751
2026-02-26 18:26:12,244 - peptidegen.training.trainer - INFO - No improvement for 15/50 epochs. Best: 0.5615
2026-02-26 18:26:12,245 - peptidegen.training.trainer - INFO - Epoch 148 Training with 15 batches (accum_steps=1)...
2026-02-26 18:26:26,935 - peptidegen.training.trainer - INFO - Epoch 148/500 [  14.7s] | D: 1.2352 | G: 0.5821 | d_real: 2.177 | d_fake: 0.428 | gap: +1.749 | ent: 2.632 | ngram: 0.0248 | len_pen: 0.0000 | stab: 0.0052 | Val | D: 1.2408 | G: 0.5745 | gap: +1.793
2026-02-26 18:26:26,935 - peptidegen.training.trainer - INFO - No improvement for 16/50 epochs. Best: 0.5615
2026-02-26 18:26:26,936 - peptidegen.training.trainer - INFO - Epoch 149 Training with 15 batches (accum_steps=1)...
2026-02-26 18:26:41,779 - peptidegen.training.trainer - INFO - Epoch 149/500 [  14.8s] | D: 1.2354 | G: 0.5818 | d_real: 2.177 | d_fake: 0.428 | gap: +1.749 | ent: 2.643 | ngram: 0.0252 | len_pen: 0.0000 | stab: 0.0049 | Val | D: 1.2340 | G: 0.5747 | gap: +1.752
2026-02-26 18:26:41,780 - peptidegen.training.trainer - INFO - No improvement for 17/50 epochs. Best: 0.5615
2026-02-26 18:26:41,780 - peptidegen.training.trainer - INFO - Epoch 150 Training with 15 batches (accum_steps=1)...
2026-02-26 18:26:56,679 - peptidegen.training.trainer - INFO - Epoch 150/500 [  14.9s] | D: 1.2330 | G: 0.5821 | d_real: 2.181 | d_fake: 0.424 | gap: +1.757 | ent: 2.653 | ngram: 0.0239 | len_pen: 0.0000 | stab: 0.0074 | Val | D: 1.2358 | G: 0.5720 | gap: +1.753
2026-02-26 18:26:56,680 - peptidegen.training.trainer - INFO - No improvement for 18/50 epochs. Best: 0.5615
2026-02-26 18:26:57,202 - peptidegen.training.trainer - INFO - Saved: checkpoints/epoch_150.pt
2026-02-26 18:26:57,203 - peptidegen.training.trainer - INFO - Epoch 151 Training with 15 batches (accum_steps=1)...
2026-02-26 18:27:12,369 - peptidegen.training.trainer - INFO - Epoch 151/500 [  15.2s] | D: 1.2336 | G: 0.5805 | d_real: 2.182 | d_fake: 0.425 | gap: +1.757 | ent: 2.660 | ngram: 0.0229 | len_pen: 0.0000 | stab: 0.0070 | Val | D: 1.2322 | G: 0.5759 | gap: +1.755
2026-02-26 18:27:12,369 - peptidegen.training.trainer - INFO - No improvement for 19/50 epochs. Best: 0.5615
2026-02-26 18:27:12,370 - peptidegen.training.trainer - INFO - Epoch 152 Training with 15 batches (accum_steps=1)...
2026-02-26 18:27:27,289 - peptidegen.training.trainer - INFO - Epoch 152/500 [  14.9s] | D: 1.2328 | G: 0.5826 | d_real: 2.183 | d_fake: 0.424 | gap: +1.759 | ent: 2.655 | ngram: 0.0252 | len_pen: 0.0000 | stab: 0.0100 | Val | D: 1.2305 | G: 0.5773 | gap: +1.769
2026-02-26 18:27:27,290 - peptidegen.training.trainer - INFO - No improvement for 20/50 epochs. Best: 0.5615
2026-02-26 18:27:27,290 - peptidegen.training.trainer - INFO - Epoch 153 Training with 15 batches (accum_steps=1)...
2026-02-26 18:27:42,219 - peptidegen.training.trainer - INFO - Epoch 153/500 [  14.9s] | D: 1.2337 | G: 0.5822 | d_real: 2.172 | d_fake: 0.425 | gap: +1.746 | ent: 2.641 | ngram: 0.0195 | len_pen: 0.0000 | stab: 0.0061 | Val | D: 1.2518 | G: 0.5692 | gap: +1.794
2026-02-26 18:27:42,219 - peptidegen.training.trainer - INFO - No improvement for 21/50 epochs. Best: 0.5615
2026-02-26 18:27:42,220 - peptidegen.training.trainer - INFO - Epoch 154 Training with 15 batches (accum_steps=1)...
2026-02-26 18:27:56,976 - peptidegen.training.trainer - INFO - Epoch 154/500 [  14.8s] | D: 1.2352 | G: 0.5837 | d_real: 2.178 | d_fake: 0.428 | gap: +1.750 | ent: 2.625 | ngram: 0.0216 | len_pen: 0.0000 | stab: 0.0089 | Val | D: 1.2146 | G: 0.5893 | gap: +1.710
2026-02-26 18:27:56,976 - peptidegen.training.trainer - INFO - No improvement for 22/50 epochs. Best: 0.5615
2026-02-26 18:27:56,976 - peptidegen.training.trainer - INFO - Epoch 155 Training with 15 batches (accum_steps=1)...
2026-02-26 18:28:11,688 - peptidegen.training.trainer - INFO - Epoch 155/500 [  14.7s] | D: 1.2354 | G: 0.5851 | d_real: 2.163 | d_fake: 0.427 | gap: +1.736 | ent: 2.606 | ngram: 0.0229 | len_pen: 0.0000 | stab: 0.0063 | Val | D: 1.2284 | G: 0.5790 | gap: +1.771
2026-02-26 18:28:11,689 - peptidegen.training.trainer - INFO - No improvement for 23/50 epochs. Best: 0.5615
2026-02-26 18:28:11,689 - peptidegen.training.trainer - INFO - Epoch 156 Training with 15 batches (accum_steps=1)...
2026-02-26 18:28:26,549 - peptidegen.training.trainer - INFO - Epoch 156/500 [  14.9s] | D: 1.2325 | G: 0.5797 | d_real: 2.184 | d_fake: 0.424 | gap: +1.760 | ent: 2.668 | ngram: 0.0195 | len_pen: 0.0000 | stab: 0.0063 | Val | D: 1.2339 | G: 0.5726 | gap: +1.773
2026-02-26 18:28:26,550 - peptidegen.training.trainer - INFO - No improvement for 24/50 epochs. Best: 0.5615
2026-02-26 18:28:26,550 - peptidegen.training.trainer - INFO - Epoch 157 Training with 15 batches (accum_steps=1)...
2026-02-26 18:28:41,798 - peptidegen.training.trainer - INFO - Epoch 157/500 [  15.2s] | D: 1.2335 | G: 0.5784 | d_real: 2.187 | d_fake: 0.425 | gap: +1.762 | ent: 2.669 | ngram: 0.0175 | len_pen: 0.0000 | stab: 0.0078 | Val | D: 1.2315 | G: 0.5754 | gap: +1.754
2026-02-26 18:28:41,798 - peptidegen.training.trainer - INFO - No improvement for 25/50 epochs. Best: 0.5615
2026-02-26 18:28:41,798 - peptidegen.training.trainer - INFO - Epoch 158 Training with 15 batches (accum_steps=1)...
2026-02-26 18:28:57,023 - peptidegen.training.trainer - INFO - Epoch 158/500 [  15.2s] | D: 1.2335 | G: 0.5811 | d_real: 2.184 | d_fake: 0.426 | gap: +1.758 | ent: 2.639 | ngram: 0.0197 | len_pen: 0.0000 | stab: 0.0119 | Val | D: 1.2425 | G: 0.5768 | gap: +1.751
2026-02-26 18:28:57,023 - peptidegen.training.trainer - INFO - No improvement for 26/50 epochs. Best: 0.5615
2026-02-26 18:28:57,023 - peptidegen.training.trainer - INFO - Epoch 159 Training with 15 batches (accum_steps=1)...
2026-02-26 18:29:11,915 - peptidegen.training.trainer - INFO - Epoch 159/500 [  14.9s] | D: 1.2400 | G: 0.6008 | d_real: 2.145 | d_fake: 0.435 | gap: +1.710 | ent: 2.481 | ngram: 0.0417 | len_pen: 0.0000 | stab: 0.0167 | Val | D: 1.2291 | G: 0.5908 | gap: +1.794
2026-02-26 18:29:11,915 - peptidegen.training.trainer - INFO - No improvement for 27/50 epochs. Best: 0.5615
2026-02-26 18:29:11,916 - peptidegen.training.trainer - INFO - Epoch 160 Training with 15 batches (accum_steps=1)...
2026-02-26 18:29:26,625 - peptidegen.training.trainer - INFO - Epoch 160/500 [  14.7s] | D: 1.2369 | G: 0.5914 | d_real: 2.171 | d_fake: 0.430 | gap: +1.741 | ent: 2.552 | ngram: 0.0307 | len_pen: 0.0000 | stab: 0.0074 | Val | D: 1.2188 | G: 0.5938 | gap: +1.691
2026-02-26 18:29:26,625 - peptidegen.training.trainer - INFO - No improvement for 28/50 epochs. Best: 0.5615
2026-02-26 18:29:27,187 - peptidegen.training.trainer - INFO - Saved: checkpoints/epoch_160.pt
2026-02-26 18:29:27,187 - peptidegen.training.trainer - INFO - Epoch 161 Training with 15 batches (accum_steps=1)...
2026-02-26 18:29:41,906 - peptidegen.training.trainer - INFO - Epoch 161/500 [  14.7s] | D: 1.2329 | G: 0.5906 | d_real: 2.175 | d_fake: 0.424 | gap: +1.752 | ent: 2.555 | ngram: 0.0252 | len_pen: 0.0000 | stab: 0.0064 | Val | D: 1.2348 | G: 0.5824 | gap: +1.757
2026-02-26 18:29:41,906 - peptidegen.training.trainer - INFO - No improvement for 29/50 epochs. Best: 0.5615
2026-02-26 18:29:41,906 - peptidegen.training.trainer - INFO - Epoch 162 Training with 15 batches (accum_steps=1)...
2026-02-26 18:29:56,714 - peptidegen.training.trainer - INFO - Epoch 162/500 [  14.8s] | D: 1.2339 | G: 0.5858 | d_real: 2.185 | d_fake: 0.426 | gap: +1.759 | ent: 2.586 | ngram: 0.0205 | len_pen: 0.0000 | stab: 0.0072 | Val | D: 1.2287 | G: 0.5822 | gap: +1.750
2026-02-26 18:29:56,715 - peptidegen.training.trainer - INFO - No improvement for 30/50 epochs. Best: 0.5615
2026-02-26 18:29:56,715 - peptidegen.training.trainer - INFO - Epoch 163 Training with 15 batches (accum_steps=1)...
2026-02-26 18:30:11,592 - peptidegen.training.trainer - INFO - Epoch 163/500 [  14.9s] | D: 1.2329 | G: 0.5855 | d_real: 2.188 | d_fake: 0.424 | gap: +1.764 | ent: 2.592 | ngram: 0.0205 | len_pen: 0.0000 | stab: 0.0060 | Val | D: 1.2344 | G: 0.5837 | gap: +1.723
2026-02-26 18:30:11,592 - peptidegen.training.trainer - INFO - No improvement for 31/50 epochs. Best: 0.5615
2026-02-26 18:30:11,592 - peptidegen.training.trainer - INFO - Epoch 164 Training with 15 batches (accum_steps=1)...
2026-02-26 18:30:26,416 - peptidegen.training.trainer - INFO - Epoch 164/500 [  14.8s] | D: 1.2331 | G: 0.5873 | d_real: 2.178 | d_fake: 0.425 | gap: +1.753 | ent: 2.587 | ngram: 0.0237 | len_pen: 0.0000 | stab: 0.0056 | Val | D: 1.2327 | G: 0.5788 | gap: +1.796
2026-02-26 18:30:26,417 - peptidegen.training.trainer - INFO - No improvement for 32/50 epochs. Best: 0.5615
2026-02-26 18:30:26,417 - peptidegen.training.trainer - INFO - Epoch 165 Training with 15 batches (accum_steps=1)...
2026-02-26 18:30:41,290 - peptidegen.training.trainer - INFO - Epoch 165/500 [  14.9s] | D: 1.2325 | G: 0.5817 | d_real: 2.188 | d_fake: 0.424 | gap: +1.764 | ent: 2.625 | ngram: 0.0182 | len_pen: 0.0000 | stab: 0.0069 | Val | D: 1.2309 | G: 0.5822 | gap: +1.769
2026-02-26 18:30:41,290 - peptidegen.training.trainer - INFO - No improvement for 33/50 epochs. Best: 0.5615
2026-02-26 18:30:41,290 - peptidegen.training.trainer - INFO - Epoch 166 Training with 15 batches (accum_steps=1)...
2026-02-26 18:30:56,582 - peptidegen.training.trainer - INFO - Epoch 166/500 [  15.3s] | D: 1.2324 | G: 0.5883 | d_real: 2.190 | d_fake: 0.424 | gap: +1.767 | ent: 2.592 | ngram: 0.0278 | len_pen: 0.0000 | stab: 0.0073 | Val | D: 1.2342 | G: 0.5775 | gap: +1.731
2026-02-26 18:30:56,582 - peptidegen.training.trainer - INFO - No improvement for 34/50 epochs. Best: 0.5615
2026-02-26 18:30:56,583 - peptidegen.training.trainer - INFO - Epoch 167 Training with 15 batches (accum_steps=1)...
2026-02-26 18:31:11,850 - peptidegen.training.trainer - INFO - Epoch 167/500 [  15.3s] | D: 1.2336 | G: 0.5807 | d_real: 2.181 | d_fake: 0.426 | gap: +1.755 | ent: 2.627 | ngram: 0.0202 | len_pen: 0.0000 | stab: 0.0058 | Val | D: 1.2301 | G: 0.5779 | gap: +1.753
2026-02-26 18:31:11,850 - peptidegen.training.trainer - INFO - No improvement for 35/50 epochs. Best: 0.5615
2026-02-26 18:31:11,851 - peptidegen.training.trainer - INFO - Epoch 168 Training with 15 batches (accum_steps=1)...
2026-02-26 18:31:27,124 - peptidegen.training.trainer - INFO - Epoch 168/500 [  15.3s] | D: 1.2327 | G: 0.5798 | d_real: 2.187 | d_fake: 0.424 | gap: +1.762 | ent: 2.636 | ngram: 0.0187 | len_pen: 0.0000 | stab: 0.0056 | Val | D: 1.2314 | G: 0.5761 | gap: +1.752
2026-02-26 18:31:27,125 - peptidegen.training.trainer - INFO - No improvement for 36/50 epochs. Best: 0.5615
2026-02-26 18:31:27,125 - peptidegen.training.trainer - INFO - Epoch 169 Training with 15 batches (accum_steps=1)...
2026-02-26 18:31:42,325 - peptidegen.training.trainer - INFO - Epoch 169/500 [  15.2s] | D: 1.2331 | G: 0.5844 | d_real: 2.183 | d_fake: 0.425 | gap: +1.758 | ent: 2.598 | ngram: 0.0234 | len_pen: 0.0000 | stab: 0.0069 | Val | D: 1.2344 | G: 0.5779 | gap: +1.764
2026-02-26 18:31:42,326 - peptidegen.training.trainer - INFO - No improvement for 37/50 epochs. Best: 0.5615
2026-02-26 18:31:42,326 - peptidegen.training.trainer - INFO - Epoch 170 Training with 15 batches (accum_steps=1)...
2026-02-26 18:31:57,293 - peptidegen.training.trainer - INFO - Epoch 170/500 [  15.0s] | D: 1.2330 | G: 0.5857 | d_real: 2.187 | d_fake: 0.424 | gap: +1.763 | ent: 2.586 | ngram: 0.0251 | len_pen: 0.0000 | stab: 0.0064 | Val | D: 1.2280 | G: 0.5803 | gap: +1.759
2026-02-26 18:31:57,293 - peptidegen.training.trainer - INFO - No improvement for 38/50 epochs. Best: 0.5615
2026-02-26 18:31:57,837 - peptidegen.training.trainer - INFO - Saved: checkpoints/epoch_170.pt
2026-02-26 18:31:57,838 - peptidegen.training.trainer - INFO - Epoch 171 Training with 15 batches (accum_steps=1)...
2026-02-26 18:32:13,156 - peptidegen.training.trainer - INFO - Epoch 171/500 [  15.3s] | D: 1.2327 | G: 0.5836 | d_real: 2.186 | d_fake: 0.424 | gap: +1.762 | ent: 2.600 | ngram: 0.0221 | len_pen: 0.0000 | stab: 0.0052 | Val | D: 1.2352 | G: 0.5768 | gap: +1.755
2026-02-26 18:32:13,157 - peptidegen.training.trainer - INFO - No improvement for 39/50 epochs. Best: 0.5615
2026-02-26 18:32:13,157 - peptidegen.training.trainer - INFO - Epoch 172 Training with 15 batches (accum_steps=1)...
2026-02-26 18:32:28,091 - peptidegen.training.trainer - INFO - Epoch 172/500 [  14.9s] | D: 1.2328 | G: 0.5810 | d_real: 2.186 | d_fake: 0.424 | gap: +1.762 | ent: 2.631 | ngram: 0.0202 | len_pen: 0.0000 | stab: 0.0066 | Val | D: 1.2348 | G: 0.5727 | gap: +1.777
2026-02-26 18:32:28,091 - peptidegen.training.trainer - INFO - No improvement for 40/50 epochs. Best: 0.5615
2026-02-26 18:32:28,092 - peptidegen.training.trainer - INFO - Epoch 173 Training with 15 batches (accum_steps=1)...
2026-02-26 18:32:43,330 - peptidegen.training.trainer - INFO - Epoch 173/500 [  15.2s] | D: 1.2331 | G: 0.5781 | d_real: 2.185 | d_fake: 0.425 | gap: +1.760 | ent: 2.637 | ngram: 0.0155 | len_pen: 0.0000 | stab: 0.0048 | Val | D: 1.2405 | G: 0.5733 | gap: +1.777
2026-02-26 18:32:43,330 - peptidegen.training.trainer - INFO - No improvement for 41/50 epochs. Best: 0.5615
2026-02-26 18:32:43,331 - peptidegen.training.trainer - INFO - Epoch 174 Training with 15 batches (accum_steps=1)...
2026-02-26 18:32:58,392 - peptidegen.training.trainer - INFO - Epoch 174/500 [  15.1s] | D: 1.2355 | G: 0.5858 | d_real: 2.179 | d_fake: 0.429 | gap: +1.750 | ent: 2.573 | ngram: 0.0245 | len_pen: 0.0000 | stab: 0.0071 | Val | D: 1.2155 | G: 0.5903 | gap: +1.721
2026-02-26 18:32:58,392 - peptidegen.training.trainer - INFO - No improvement for 42/50 epochs. Best: 0.5615
2026-02-26 18:32:58,392 - peptidegen.training.trainer - INFO - Epoch 175 Training with 15 batches (accum_steps=1)...
2026-02-26 18:33:13,605 - peptidegen.training.trainer - INFO - Epoch 175/500 [  15.2s] | D: 1.2328 | G: 0.5856 | d_real: 2.182 | d_fake: 0.424 | gap: +1.758 | ent: 2.583 | ngram: 0.0241 | len_pen: 0.0000 | stab: 0.0077 | Val | D: 1.2350 | G: 0.5764 | gap: +1.760
2026-02-26 18:33:13,606 - peptidegen.training.trainer - INFO - No improvement for 43/50 epochs. Best: 0.5615
2026-02-26 18:33:13,606 - peptidegen.training.trainer - INFO - Epoch 176 Training with 15 batches (accum_steps=1)...
2026-02-26 18:33:28,406 - peptidegen.training.trainer - INFO - Epoch 176/500 [  14.8s] | D: 1.2334 | G: 0.5802 | d_real: 2.187 | d_fake: 0.425 | gap: +1.762 | ent: 2.615 | ngram: 0.0197 | len_pen: 0.0000 | stab: 0.0058 | Val | D: 1.2330 | G: 0.5752 | gap: +1.761
2026-02-26 18:33:28,406 - peptidegen.training.trainer - INFO - No improvement for 44/50 epochs. Best: 0.5615
2026-02-26 18:33:28,407 - peptidegen.training.trainer - INFO - Epoch 177 Training with 15 batches (accum_steps=1)...
2026-02-26 18:33:43,276 - peptidegen.training.trainer - INFO - Epoch 177/500 [  14.9s] | D: 1.2339 | G: 0.5808 | d_real: 2.181 | d_fake: 0.426 | gap: +1.754 | ent: 2.619 | ngram: 0.0182 | len_pen: 0.0000 | stab: 0.0062 | Val | D: 1.2372 | G: 0.5765 | gap: +1.748
2026-02-26 18:33:43,277 - peptidegen.training.trainer - INFO - No improvement for 45/50 epochs. Best: 0.5615
2026-02-26 18:33:43,277 - peptidegen.training.trainer - INFO - Epoch 178 Training with 15 batches (accum_steps=1)...
2026-02-26 18:33:58,131 - peptidegen.training.trainer - INFO - Epoch 178/500 [  14.9s] | D: 1.2360 | G: 0.5839 | d_real: 2.172 | d_fake: 0.429 | gap: +1.743 | ent: 2.618 | ngram: 0.0256 | len_pen: 0.0000 | stab: 0.0046 | Val | D: 1.2374 | G: 0.5752 | gap: +1.740
2026-02-26 18:33:58,131 - peptidegen.training.trainer - INFO - No improvement for 46/50 epochs. Best: 0.5615
2026-02-26 18:33:58,131 - peptidegen.training.trainer - INFO - Epoch 179 Training with 15 batches (accum_steps=1)...
2026-02-26 18:34:12,975 - peptidegen.training.trainer - INFO - Epoch 179/500 [  14.8s] | D: 1.2338 | G: 0.5842 | d_real: 2.185 | d_fake: 0.426 | gap: +1.759 | ent: 2.623 | ngram: 0.0252 | len_pen: 0.0000 | stab: 0.0063 | Val | D: 1.2410 | G: 0.5749 | gap: +1.760
2026-02-26 18:34:12,975 - peptidegen.training.trainer - INFO - No improvement for 47/50 epochs. Best: 0.5615
2026-02-26 18:34:12,976 - peptidegen.training.trainer - INFO - Epoch 180 Training with 15 batches (accum_steps=1)...
2026-02-26 18:34:27,854 - peptidegen.training.trainer - INFO - Epoch 180/500 [  14.9s] | D: 1.2344 | G: 0.5815 | d_real: 2.184 | d_fake: 0.427 | gap: +1.757 | ent: 2.630 | ngram: 0.0227 | len_pen: 0.0000 | stab: 0.0048 | Val | D: 1.2292 | G: 0.5761 | gap: +1.784
2026-02-26 18:34:27,855 - peptidegen.training.trainer - INFO - No improvement for 48/50 epochs. Best: 0.5615
2026-02-26 18:34:28,363 - peptidegen.training.trainer - INFO - Saved: checkpoints/epoch_180.pt
2026-02-26 18:34:28,364 - peptidegen.training.trainer - INFO - Epoch 181 Training with 15 batches (accum_steps=1)...
2026-02-26 18:34:43,254 - peptidegen.training.trainer - INFO - Epoch 181/500 [  14.9s] | D: 1.2333 | G: 0.5867 | d_real: 2.185 | d_fake: 0.425 | gap: +1.760 | ent: 2.617 | ngram: 0.0277 | len_pen: 0.0000 | stab: 0.0155 | Val | D: 1.2355 | G: 0.5793 | gap: +1.800
2026-02-26 18:34:43,254 - peptidegen.training.trainer - INFO - No improvement for 49/50 epochs. Best: 0.5615
2026-02-26 18:34:43,255 - peptidegen.training.trainer - INFO - Epoch 182 Training with 15 batches (accum_steps=1)...
2026-02-26 18:34:58,440 - peptidegen.training.trainer - INFO - Epoch 182/500 [  15.2s] | D: 1.2341 | G: 0.5841 | d_real: 2.185 | d_fake: 0.426 | gap: +1.758 | ent: 2.621 | ngram: 0.0237 | len_pen: 0.0000 | stab: 0.0068 | Val | D: 1.2319 | G: 0.5760 | gap: +1.745
2026-02-26 18:34:58,440 - peptidegen.training.trainer - INFO - Early stopping triggered at epoch 182
2026-02-26 18:34:58,971 - peptidegen.training.trainer - INFO - Saved: checkpoints/final_model.pt
2026-02-26 18:34:59,038 - peptidegen.training.trainer - INFO - Saved history to checkpoints/history.json
2026-02-26 18:34:59,038 - peptidegen.training.trainer - INFO - Training complete!
2026-02-26 18:34:59,039 - __main__ - INFO - Peak GPU memory: 9.94 GB
2026-02-26 18:34:59,039 - __main__ - INFO - Training complete!
