nohup: ignoring input
2026-02-26 20:17:09,373 - __main__ - INFO - Device: cuda
2026-02-26 20:17:09,391 - __main__ - INFO - GPU: Quadro RTX 6000 (23.5 GB)
Loaded 129121 sequences from dataset/train.csv
Available features: ['instability_index', 'therapeutic_score', 'hemolytic_score', 'aliphatic_index', 'hydrophobic_moment', 'gravy', 'charge_at_pH7', 'aromaticity']
Conditional dataset: 129121 sequences
  Features: ['instability_index', 'therapeutic_score', 'hemolytic_score', 'aliphatic_index', 'hydrophobic_moment', 'gravy', 'charge_at_pH7', 'aromaticity']
  Feature dim: 8
Loaded 27669 sequences from dataset/val.csv
Available features: ['instability_index', 'therapeutic_score', 'hemolytic_score', 'aliphatic_index', 'hydrophobic_moment', 'gravy', 'charge_at_pH7', 'aromaticity']
Conditional dataset: 27669 sequences
  Features: ['instability_index', 'therapeutic_score', 'hemolytic_score', 'aliphatic_index', 'hydrophobic_moment', 'gravy', 'charge_at_pH7', 'aromaticity']
  Feature dim: 8
2026-02-26 20:17:16,392 - __main__ - INFO - Train: 129121, Val: 27669
2026-02-26 20:17:16,393 - __main__ - INFO - Batch size: 8192, Num workers: 8
2026-02-26 20:17:16,393 - __main__ - INFO - Condition dim: 8
2026-02-26 20:17:16,418 - __main__ - INFO - Using saved model_config from checkpoint: {'vocab_size': 24, 'embedding_dim': 64, 'hidden_dim': 256, 'latent_dim': 128, 'max_length': 50, 'num_layers': 2, 'dropout': 0.2, 'condition_dim': 8, 'bidirectional': True, 'use_attention': True, 'pad_idx': 0, 'sos_idx': 1, 'eos_idx': 2}
2026-02-26 20:17:16,418 - __main__ - INFO - Resume model: bidirectional=True, hidden_dim=256, latent_dim=128, num_layers=2, condition_dim=8
2026-02-26 20:17:16,434 - __main__ - INFO - Generator: 2,392,344 params
2026-02-26 20:17:16,434 - __main__ - INFO - Discriminator: 285,121 params
2026-02-26 20:17:16,434 - __main__ - INFO - Total: 2,677,465 params
2026-02-26 20:17:18,068 - peptidegen.training.trainer - INFO - Skipping optimizer/scaler state (--fresh-optimizer): using fresh optimizers and AMP scaler
2026-02-26 20:17:18,069 - peptidegen.training.trainer - INFO - Loaded model from epoch 96
2026-02-26 20:17:18,069 - __main__ - INFO - Fresh optimizer mode: optimizer and AMP scaler re-initialized
2026-02-26 20:17:18,069 - __main__ - INFO - Resumed from epoch 97
2026-02-26 20:17:18,069 - __main__ - INFO - ============================================================
2026-02-26 20:17:18,069 - __main__ - INFO - Training for 500 epochs (starting from 97)
2026-02-26 20:17:18,069 - __main__ - INFO - Batch size: 8192, Accumulation steps: 1
2026-02-26 20:17:18,069 - __main__ - INFO - Effective batch: 8192
2026-02-26 20:17:18,069 - __main__ - INFO - Config: g_steps=8, d_steps=1
2026-02-26 20:17:18,069 - __main__ - INFO - Weights: diversity=1.3, adv=0.5
2026-02-26 20:17:18,069 - __main__ - INFO - ============================================================
2026-02-26 20:17:18,070 - peptidegen.training.trainer - INFO - Training on cuda for 500 epochs
2026-02-26 20:17:18,070 - peptidegen.training.trainer - INFO - G steps: 8, D steps: 1
2026-02-26 20:17:18,070 - peptidegen.training.trainer - INFO - Gradient accumulation steps: 1
2026-02-26 20:17:18,070 - peptidegen.training.trainer - INFO - Diversity weight: 1.3, Adversarial weight: 0.5
2026-02-26 20:17:18,070 - peptidegen.training.trainer - INFO - Early stopping: patience=30, metric=val_g_loss
2026-02-26 20:17:18,070 - peptidegen.training.trainer - INFO - Epoch 98 Training with 15 batches (accum_steps=1)...
2026-02-26 20:18:02,359 - peptidegen.training.trainer - INFO - Epoch 98/500 [  44.3s] | D: 1.9025 | G: 0.5781 | d_real: 1.971 | d_fake: 1.340 | gap: +0.630 | ent: 2.695 | ngram: 0.0413 | len_pen: 0.2352 | stab: 0.0138 | Val | D: 1.9525 | G: 0.4352 | gap: +0.580
2026-02-26 20:18:02,360 - peptidegen.training.trainer - INFO - ⭐ Improved val_g_loss: 0.4352
2026-02-26 20:18:02,360 - peptidegen.training.trainer - INFO - Epoch 99 Training with 15 batches (accum_steps=1)...
2026-02-26 20:18:46,433 - peptidegen.training.trainer - INFO - Epoch 99/500 [  44.1s] | D: 1.9673 | G: 0.5010 | d_real: 1.912 | d_fake: 1.433 | gap: +0.478 | ent: 2.665 | ngram: 0.0330 | len_pen: 0.0971 | stab: 0.0093 | Val | D: 1.9756 | G: 0.4448 | gap: +0.392
2026-02-26 20:18:46,434 - peptidegen.training.trainer - INFO - No improvement for 1/30 epochs. Best: 0.4352
2026-02-26 20:18:46,434 - peptidegen.training.trainer - INFO - Epoch 100 Training with 15 batches (accum_steps=1)...
2026-02-26 20:19:30,638 - peptidegen.training.trainer - INFO - Epoch 100/500 [  44.2s] | D: 1.9861 | G: 0.4583 | d_real: 1.802 | d_fake: 1.462 | gap: +0.341 | ent: 2.647 | ngram: 0.0287 | len_pen: 0.0191 | stab: 0.0073 | Val | D: 1.9950 | G: 0.4582 | gap: +0.289
2026-02-26 20:19:30,638 - peptidegen.training.trainer - INFO - No improvement for 2/30 epochs. Best: 0.4352
2026-02-26 20:19:31,189 - peptidegen.training.trainer - INFO - Saved: checkpoints/epoch_100.pt
2026-02-26 20:19:31,190 - peptidegen.training.trainer - INFO - Epoch 101 Training with 15 batches (accum_steps=1)...
2026-02-26 20:20:15,074 - peptidegen.training.trainer - INFO - Epoch 101/500 [  43.9s] | D: 1.9936 | G: 0.4562 | d_real: 1.752 | d_fake: 1.472 | gap: +0.280 | ent: 2.659 | ngram: 0.0296 | len_pen: 0.0142 | stab: 0.0233 | Val | D: 1.9825 | G: 0.4371 | gap: +0.282
2026-02-26 20:20:15,075 - peptidegen.training.trainer - INFO - No improvement for 3/30 epochs. Best: 0.4352
2026-02-26 20:20:15,075 - peptidegen.training.trainer - INFO - Epoch 102 Training with 15 batches (accum_steps=1)...
2026-02-26 20:20:58,901 - peptidegen.training.trainer - INFO - Epoch 102/500 [  43.8s] | D: 1.9977 | G: 0.4474 | d_real: 1.736 | d_fake: 1.478 | gap: +0.258 | ent: 2.684 | ngram: 0.0264 | len_pen: 0.0101 | stab: 0.0100 | Val | D: 1.9858 | G: 0.4322 | gap: +0.268
2026-02-26 20:20:58,901 - peptidegen.training.trainer - INFO - ⭐ Improved val_g_loss: 0.4322
2026-02-26 20:20:58,902 - peptidegen.training.trainer - INFO - Epoch 103 Training with 15 batches (accum_steps=1)...
2026-02-26 20:21:43,210 - peptidegen.training.trainer - INFO - Epoch 103/500 [  44.3s] | D: 1.9983 | G: 0.4413 | d_real: 1.731 | d_fake: 1.479 | gap: +0.252 | ent: 2.704 | ngram: 0.0233 | len_pen: 0.0071 | stab: 0.0080 | Val | D: 1.9792 | G: 0.4728 | gap: +0.270
2026-02-26 20:21:43,211 - peptidegen.training.trainer - INFO - No improvement for 1/30 epochs. Best: 0.4322
2026-02-26 20:21:43,211 - peptidegen.training.trainer - INFO - Epoch 104 Training with 15 batches (accum_steps=1)...
2026-02-26 20:22:27,293 - peptidegen.training.trainer - INFO - Epoch 104/500 [  44.1s] | D: 1.9976 | G: 0.4477 | d_real: 1.733 | d_fake: 1.478 | gap: +0.255 | ent: 2.700 | ngram: 0.0287 | len_pen: 0.0082 | stab: 0.0137 | Val | D: 1.9999 | G: 0.4310 | gap: +0.249
2026-02-26 20:22:27,294 - peptidegen.training.trainer - INFO - ⭐ Improved val_g_loss: 0.4310
2026-02-26 20:22:27,294 - peptidegen.training.trainer - INFO - Epoch 105 Training with 15 batches (accum_steps=1)...
2026-02-26 20:23:11,485 - peptidegen.training.trainer - INFO - Epoch 105/500 [  44.2s] | D: 1.9970 | G: 0.4405 | d_real: 1.736 | d_fake: 1.477 | gap: +0.259 | ent: 2.724 | ngram: 0.0257 | len_pen: 0.0065 | stab: 0.0132 | Val | D: 2.0018 | G: 0.4218 | gap: +0.242
2026-02-26 20:23:11,485 - peptidegen.training.trainer - INFO - ⭐ Improved val_g_loss: 0.4218
2026-02-26 20:23:11,485 - peptidegen.training.trainer - INFO - Epoch 106 Training with 15 batches (accum_steps=1)...
2026-02-26 20:23:55,754 - peptidegen.training.trainer - INFO - Epoch 106/500 [  44.3s] | D: 1.9989 | G: 0.4368 | d_real: 1.731 | d_fake: 1.480 | gap: +0.251 | ent: 2.744 | ngram: 0.0234 | len_pen: 0.0079 | stab: 0.0091 | Val | D: 1.9899 | G: 0.4238 | gap: +0.240
2026-02-26 20:23:55,755 - peptidegen.training.trainer - INFO - No improvement for 1/30 epochs. Best: 0.4218
2026-02-26 20:23:55,755 - peptidegen.training.trainer - INFO - Epoch 107 Training with 15 batches (accum_steps=1)...
2026-02-26 20:24:39,859 - peptidegen.training.trainer - INFO - Epoch 107/500 [  44.1s] | D: 1.9982 | G: 0.4374 | d_real: 1.729 | d_fake: 1.479 | gap: +0.250 | ent: 2.742 | ngram: 0.0264 | len_pen: 0.0070 | stab: 0.0189 | Val | D: 1.9906 | G: 0.4203 | gap: +0.258
2026-02-26 20:24:39,860 - peptidegen.training.trainer - INFO - ⭐ Improved val_g_loss: 0.4203
2026-02-26 20:24:39,860 - peptidegen.training.trainer - INFO - Epoch 108 Training with 15 batches (accum_steps=1)...
2026-02-26 20:25:23,946 - peptidegen.training.trainer - INFO - Epoch 108/500 [  44.1s] | D: 1.9982 | G: 0.4322 | d_real: 1.733 | d_fake: 1.479 | gap: +0.253 | ent: 2.747 | ngram: 0.0229 | len_pen: 0.0063 | stab: 0.0204 | Val | D: 1.9966 | G: 0.4350 | gap: +0.244
2026-02-26 20:25:23,946 - peptidegen.training.trainer - INFO - No improvement for 1/30 epochs. Best: 0.4203
2026-02-26 20:25:23,946 - peptidegen.training.trainer - INFO - Epoch 109 Training with 15 batches (accum_steps=1)...
2026-02-26 20:26:08,164 - peptidegen.training.trainer - INFO - Epoch 109/500 [  44.2s] | D: 1.9999 | G: 0.4402 | d_real: 1.724 | d_fake: 1.482 | gap: +0.242 | ent: 2.752 | ngram: 0.0257 | len_pen: 0.0187 | stab: 0.0097 | Val | D: 1.9970 | G: 0.4161 | gap: +0.236
2026-02-26 20:26:08,164 - peptidegen.training.trainer - INFO - ⭐ Improved val_g_loss: 0.4161
2026-02-26 20:26:08,165 - peptidegen.training.trainer - INFO - Epoch 110 Training with 15 batches (accum_steps=1)...
2026-02-26 20:26:52,544 - peptidegen.training.trainer - INFO - Epoch 110/500 [  44.4s] | D: 1.9992 | G: 0.4269 | d_real: 1.728 | d_fake: 1.481 | gap: +0.247 | ent: 2.772 | ngram: 0.0223 | len_pen: 0.0052 | stab: 0.0080 | Val | D: 1.9952 | G: 0.4101 | gap: +0.241
2026-02-26 20:26:52,544 - peptidegen.training.trainer - INFO - ⭐ Improved val_g_loss: 0.4101
2026-02-26 20:26:53,073 - peptidegen.training.trainer - INFO - Saved: checkpoints/epoch_110.pt
2026-02-26 20:26:53,073 - peptidegen.training.trainer - INFO - Epoch 111 Training with 15 batches (accum_steps=1)...
2026-02-26 20:27:37,589 - peptidegen.training.trainer - INFO - Epoch 111/500 [  44.5s] | D: 1.9992 | G: 0.4258 | d_real: 1.730 | d_fake: 1.481 | gap: +0.249 | ent: 2.764 | ngram: 0.0224 | len_pen: 0.0050 | stab: 0.0082 | Val | D: 2.0010 | G: 0.4132 | gap: +0.230
2026-02-26 20:27:37,590 - peptidegen.training.trainer - INFO - No improvement for 1/30 epochs. Best: 0.4101
2026-02-26 20:27:37,590 - peptidegen.training.trainer - INFO - Epoch 112 Training with 15 batches (accum_steps=1)...
2026-02-26 20:28:21,802 - peptidegen.training.trainer - INFO - Epoch 112/500 [  44.2s] | D: 1.9981 | G: 0.4223 | d_real: 1.728 | d_fake: 1.480 | gap: +0.249 | ent: 2.770 | ngram: 0.0208 | len_pen: 0.0044 | stab: 0.0088 | Val | D: 1.9972 | G: 0.4080 | gap: +0.259
2026-02-26 20:28:21,803 - peptidegen.training.trainer - INFO - ⭐ Improved val_g_loss: 0.4080
2026-02-26 20:28:22,373 - peptidegen.training.trainer - INFO - Saved: checkpoints/best_model.pt
2026-02-26 20:28:22,373 - peptidegen.training.trainer - INFO - ✓ Saved best model: val_g_loss=0.4098 → 0.4080
2026-02-26 20:28:22,374 - peptidegen.training.trainer - INFO - Epoch 113 Training with 15 batches (accum_steps=1)...
2026-02-26 20:29:07,240 - peptidegen.training.trainer - INFO - Epoch 113/500 [  44.9s] | D: 1.9989 | G: 0.4185 | d_real: 1.731 | d_fake: 1.481 | gap: +0.250 | ent: 2.783 | ngram: 0.0192 | len_pen: 0.0039 | stab: 0.0063 | Val | D: 1.9976 | G: 0.4084 | gap: +0.255
2026-02-26 20:29:07,241 - peptidegen.training.trainer - INFO - No improvement for 1/30 epochs. Best: 0.4080
2026-02-26 20:29:07,241 - peptidegen.training.trainer - INFO - Epoch 114 Training with 15 batches (accum_steps=1)...
2026-02-26 20:29:51,380 - peptidegen.training.trainer - INFO - Epoch 114/500 [  44.1s] | D: 1.9983 | G: 0.4178 | d_real: 1.730 | d_fake: 1.480 | gap: +0.250 | ent: 2.786 | ngram: 0.0189 | len_pen: 0.0047 | stab: 0.0053 | Val | D: 1.9965 | G: 0.4139 | gap: +0.255
2026-02-26 20:29:51,381 - peptidegen.training.trainer - INFO - No improvement for 2/30 epochs. Best: 0.4080
2026-02-26 20:29:51,381 - peptidegen.training.trainer - INFO - Epoch 115 Training with 15 batches (accum_steps=1)...
2026-02-26 20:30:35,585 - peptidegen.training.trainer - INFO - Epoch 115/500 [  44.2s] | D: 1.9990 | G: 0.4224 | d_real: 1.732 | d_fake: 1.481 | gap: +0.251 | ent: 2.782 | ngram: 0.0216 | len_pen: 0.0074 | stab: 0.0103 | Val | D: 1.9983 | G: 0.4098 | gap: +0.253
2026-02-26 20:30:35,585 - peptidegen.training.trainer - INFO - No improvement for 3/30 epochs. Best: 0.4080
2026-02-26 20:30:35,586 - peptidegen.training.trainer - INFO - Epoch 116 Training with 15 batches (accum_steps=1)...
2026-02-26 20:31:20,124 - peptidegen.training.trainer - INFO - Epoch 116/500 [  44.5s] | D: 1.9976 | G: 0.4171 | d_real: 1.730 | d_fake: 1.479 | gap: +0.251 | ent: 2.790 | ngram: 0.0188 | len_pen: 0.0036 | stab: 0.0076 | Val | D: 2.0163 | G: 0.4000 | gap: +0.255
2026-02-26 20:31:20,125 - peptidegen.training.trainer - INFO - ⭐ Improved val_g_loss: 0.4000
2026-02-26 20:31:20,690 - peptidegen.training.trainer - INFO - Saved: checkpoints/best_model.pt
2026-02-26 20:31:20,690 - peptidegen.training.trainer - INFO - ✓ Saved best model: val_g_loss=0.4080 → 0.4000
2026-02-26 20:31:20,691 - peptidegen.training.trainer - INFO - Epoch 117 Training with 15 batches (accum_steps=1)...
2026-02-26 20:32:05,132 - peptidegen.training.trainer - INFO - Epoch 117/500 [  44.4s] | D: 1.9991 | G: 0.4166 | d_real: 1.729 | d_fake: 1.481 | gap: +0.248 | ent: 2.805 | ngram: 0.0191 | len_pen: 0.0041 | stab: 0.0073 | Val | D: 2.0004 | G: 0.4060 | gap: +0.255
2026-02-26 20:32:05,132 - peptidegen.training.trainer - INFO - No improvement for 1/30 epochs. Best: 0.4000
2026-02-26 20:32:05,133 - peptidegen.training.trainer - INFO - Epoch 118 Training with 15 batches (accum_steps=1)...
2026-02-26 20:32:49,691 - peptidegen.training.trainer - INFO - Epoch 118/500 [  44.6s] | D: 1.9997 | G: 0.4146 | d_real: 1.728 | d_fake: 1.482 | gap: +0.246 | ent: 2.823 | ngram: 0.0184 | len_pen: 0.0029 | stab: 0.0133 | Val | D: 2.0024 | G: 0.4105 | gap: +0.257
2026-02-26 20:32:49,692 - peptidegen.training.trainer - INFO - No improvement for 2/30 epochs. Best: 0.4000
2026-02-26 20:32:49,692 - peptidegen.training.trainer - INFO - Epoch 119 Training with 15 batches (accum_steps=1)...
2026-02-26 20:33:34,164 - peptidegen.training.trainer - INFO - Epoch 119/500 [  44.5s] | D: 1.9999 | G: 0.4177 | d_real: 1.731 | d_fake: 1.482 | gap: +0.248 | ent: 2.815 | ngram: 0.0199 | len_pen: 0.0077 | stab: 0.0058 | Val | D: 2.0054 | G: 0.4116 | gap: +0.247
2026-02-26 20:33:34,164 - peptidegen.training.trainer - INFO - No improvement for 3/30 epochs. Best: 0.4000
2026-02-26 20:33:34,164 - peptidegen.training.trainer - INFO - Epoch 120 Training with 15 batches (accum_steps=1)...
2026-02-26 20:34:18,577 - peptidegen.training.trainer - INFO - Epoch 120/500 [  44.4s] | D: 1.9996 | G: 0.4176 | d_real: 1.726 | d_fake: 1.482 | gap: +0.244 | ent: 2.814 | ngram: 0.0206 | len_pen: 0.0051 | stab: 0.0111 | Val | D: 1.9920 | G: 0.4044 | gap: +0.241
2026-02-26 20:34:18,577 - peptidegen.training.trainer - INFO - No improvement for 4/30 epochs. Best: 0.4000
2026-02-26 20:34:19,096 - peptidegen.training.trainer - INFO - Saved: checkpoints/epoch_120.pt
2026-02-26 20:34:19,097 - peptidegen.training.trainer - INFO - Epoch 121 Training with 15 batches (accum_steps=1)...
2026-02-26 20:35:04,007 - peptidegen.training.trainer - INFO - Epoch 121/500 [  44.9s] | D: 1.9988 | G: 0.4176 | d_real: 1.727 | d_fake: 1.481 | gap: +0.246 | ent: 2.811 | ngram: 0.0200 | len_pen: 0.0065 | stab: 0.0089 | Val | D: 2.0030 | G: 0.4143 | gap: +0.234
2026-02-26 20:35:04,007 - peptidegen.training.trainer - INFO - No improvement for 5/30 epochs. Best: 0.4000
2026-02-26 20:35:04,007 - peptidegen.training.trainer - INFO - Epoch 122 Training with 15 batches (accum_steps=1)...
2026-02-26 20:35:48,549 - peptidegen.training.trainer - INFO - Epoch 122/500 [  44.5s] | D: 1.9990 | G: 0.4221 | d_real: 1.726 | d_fake: 1.481 | gap: +0.245 | ent: 2.789 | ngram: 0.0241 | len_pen: 0.0055 | stab: 0.0060 | Val | D: 2.0037 | G: 0.4102 | gap: +0.260
2026-02-26 20:35:48,550 - peptidegen.training.trainer - INFO - No improvement for 6/30 epochs. Best: 0.4000
2026-02-26 20:35:48,550 - peptidegen.training.trainer - INFO - Epoch 123 Training with 15 batches (accum_steps=1)...
2026-02-26 20:36:32,745 - peptidegen.training.trainer - INFO - Epoch 123/500 [  44.2s] | D: 1.9995 | G: 0.4128 | d_real: 1.727 | d_fake: 1.482 | gap: +0.245 | ent: 2.813 | ngram: 0.0179 | len_pen: 0.0021 | stab: 0.0053 | Val | D: 2.0152 | G: 0.4021 | gap: +0.250
2026-02-26 20:36:32,746 - peptidegen.training.trainer - INFO - No improvement for 7/30 epochs. Best: 0.4000
2026-02-26 20:36:32,746 - peptidegen.training.trainer - INFO - Epoch 124 Training with 15 batches (accum_steps=1)...
2026-02-26 20:37:17,620 - peptidegen.training.trainer - INFO - Epoch 124/500 [  44.9s] | D: 2.0005 | G: 0.4145 | d_real: 1.729 | d_fake: 1.483 | gap: +0.245 | ent: 2.813 | ngram: 0.0184 | len_pen: 0.0039 | stab: 0.0059 | Val | D: 2.0033 | G: 0.4046 | gap: +0.234
2026-02-26 20:37:17,620 - peptidegen.training.trainer - INFO - No improvement for 8/30 epochs. Best: 0.4000
2026-02-26 20:37:17,621 - peptidegen.training.trainer - INFO - Epoch 125 Training with 15 batches (accum_steps=1)...
2026-02-26 20:38:02,093 - peptidegen.training.trainer - INFO - Epoch 125/500 [  44.5s] | D: 2.0006 | G: 0.4120 | d_real: 1.726 | d_fake: 1.484 | gap: +0.242 | ent: 2.818 | ngram: 0.0173 | len_pen: 0.0018 | stab: 0.0070 | Val | D: 1.9986 | G: 0.4037 | gap: +0.244
2026-02-26 20:38:02,094 - peptidegen.training.trainer - INFO - No improvement for 9/30 epochs. Best: 0.4000
2026-02-26 20:38:02,094 - peptidegen.training.trainer - INFO - Epoch 126 Training with 15 batches (accum_steps=1)...
2026-02-26 20:38:46,265 - peptidegen.training.trainer - INFO - Epoch 126/500 [  44.2s] | D: 1.9994 | G: 0.4138 | d_real: 1.727 | d_fake: 1.482 | gap: +0.245 | ent: 2.805 | ngram: 0.0185 | len_pen: 0.0024 | stab: 0.0060 | Val | D: 1.9995 | G: 0.4048 | gap: +0.245
2026-02-26 20:38:46,266 - peptidegen.training.trainer - INFO - No improvement for 10/30 epochs. Best: 0.4000
2026-02-26 20:38:46,266 - peptidegen.training.trainer - INFO - Epoch 127 Training with 15 batches (accum_steps=1)...
2026-02-26 20:39:30,378 - peptidegen.training.trainer - INFO - Epoch 127/500 [  44.1s] | D: 1.9977 | G: 0.4151 | d_real: 1.727 | d_fake: 1.480 | gap: +0.247 | ent: 2.800 | ngram: 0.0191 | len_pen: 0.0037 | stab: 0.0074 | Val | D: 2.0196 | G: 0.4048 | gap: +0.239
2026-02-26 20:39:30,379 - peptidegen.training.trainer - INFO - No improvement for 11/30 epochs. Best: 0.4000
2026-02-26 20:39:30,379 - peptidegen.training.trainer - INFO - Epoch 128 Training with 15 batches (accum_steps=1)...
2026-02-26 20:40:14,726 - peptidegen.training.trainer - INFO - Epoch 128/500 [  44.3s] | D: 1.9998 | G: 0.4145 | d_real: 1.731 | d_fake: 1.483 | gap: +0.249 | ent: 2.795 | ngram: 0.0188 | len_pen: 0.0041 | stab: 0.0068 | Val | D: 2.0063 | G: 0.4089 | gap: +0.247
2026-02-26 20:40:14,726 - peptidegen.training.trainer - INFO - No improvement for 12/30 epochs. Best: 0.4000
2026-02-26 20:40:14,726 - peptidegen.training.trainer - INFO - Epoch 129 Training with 15 batches (accum_steps=1)...
2026-02-26 20:40:59,223 - peptidegen.training.trainer - INFO - Epoch 129/500 [  44.5s] | D: 1.9989 | G: 0.4138 | d_real: 1.728 | d_fake: 1.481 | gap: +0.247 | ent: 2.796 | ngram: 0.0188 | len_pen: 0.0028 | stab: 0.0072 | Val | D: 1.9998 | G: 0.4008 | gap: +0.244
2026-02-26 20:40:59,224 - peptidegen.training.trainer - INFO - No improvement for 13/30 epochs. Best: 0.4000
2026-02-26 20:40:59,224 - peptidegen.training.trainer - INFO - Epoch 130 Training with 15 batches (accum_steps=1)...
2026-02-26 20:41:43,346 - peptidegen.training.trainer - INFO - Epoch 130/500 [  44.1s] | D: 1.9986 | G: 0.4179 | d_real: 1.728 | d_fake: 1.481 | gap: +0.247 | ent: 2.788 | ngram: 0.0202 | len_pen: 0.0080 | stab: 0.0052 | Val | D: 2.0072 | G: 0.4000 | gap: +0.245
2026-02-26 20:41:43,346 - peptidegen.training.trainer - INFO - ⭐ Improved val_g_loss: 0.4000
2026-02-26 20:41:43,904 - peptidegen.training.trainer - INFO - Saved: checkpoints/epoch_130.pt
2026-02-26 20:41:44,446 - peptidegen.training.trainer - INFO - Saved: checkpoints/best_model.pt
2026-02-26 20:41:44,447 - peptidegen.training.trainer - INFO - ✓ Saved best model: val_g_loss=0.4000 → 0.4000
2026-02-26 20:41:44,447 - peptidegen.training.trainer - INFO - Epoch 131 Training with 15 batches (accum_steps=1)...
2026-02-26 20:42:28,988 - peptidegen.training.trainer - INFO - Epoch 131/500 [  44.5s] | D: 1.9995 | G: 0.4113 | d_real: 1.728 | d_fake: 1.482 | gap: +0.246 | ent: 2.799 | ngram: 0.0174 | len_pen: 0.0020 | stab: 0.0056 | Val | D: 2.0017 | G: 0.4017 | gap: +0.250
2026-02-26 20:42:28,988 - peptidegen.training.trainer - INFO - No improvement for 1/30 epochs. Best: 0.4000
2026-02-26 20:42:28,988 - peptidegen.training.trainer - INFO - Epoch 132 Training with 15 batches (accum_steps=1)...
2026-02-26 20:43:13,352 - peptidegen.training.trainer - INFO - Epoch 132/500 [  44.4s] | D: 2.0008 | G: 0.4153 | d_real: 1.729 | d_fake: 1.484 | gap: +0.246 | ent: 2.794 | ngram: 0.0197 | len_pen: 0.0037 | stab: 0.0050 | Val | D: 1.9984 | G: 0.4088 | gap: +0.219
2026-02-26 20:43:13,353 - peptidegen.training.trainer - INFO - No improvement for 2/30 epochs. Best: 0.4000
2026-02-26 20:43:13,353 - peptidegen.training.trainer - INFO - Epoch 133 Training with 15 batches (accum_steps=1)...
2026-02-26 20:43:57,411 - peptidegen.training.trainer - INFO - Epoch 133/500 [  44.1s] | D: 1.9983 | G: 0.4129 | d_real: 1.720 | d_fake: 1.481 | gap: +0.239 | ent: 2.804 | ngram: 0.0185 | len_pen: 0.0020 | stab: 0.0075 | Val | D: 2.0033 | G: 0.4006 | gap: +0.247
2026-02-26 20:43:57,411 - peptidegen.training.trainer - INFO - No improvement for 3/30 epochs. Best: 0.4000
2026-02-26 20:43:57,411 - peptidegen.training.trainer - INFO - Epoch 134 Training with 15 batches (accum_steps=1)...
2026-02-26 20:44:41,767 - peptidegen.training.trainer - INFO - Epoch 134/500 [  44.4s] | D: 1.9994 | G: 0.4116 | d_real: 1.727 | d_fake: 1.482 | gap: +0.245 | ent: 2.815 | ngram: 0.0170 | len_pen: 0.0031 | stab: 0.0050 | Val | D: 2.0059 | G: 0.4014 | gap: +0.245
2026-02-26 20:44:41,767 - peptidegen.training.trainer - INFO - No improvement for 4/30 epochs. Best: 0.4000
2026-02-26 20:44:41,768 - peptidegen.training.trainer - INFO - Epoch 135 Training with 15 batches (accum_steps=1)...
2026-02-26 20:45:25,910 - peptidegen.training.trainer - INFO - Epoch 135/500 [  44.1s] | D: 1.9998 | G: 0.4128 | d_real: 1.730 | d_fake: 1.483 | gap: +0.247 | ent: 2.809 | ngram: 0.0182 | len_pen: 0.0026 | stab: 0.0065 | Val | D: 1.9989 | G: 0.4003 | gap: +0.242
2026-02-26 20:45:25,910 - peptidegen.training.trainer - INFO - No improvement for 5/30 epochs. Best: 0.4000
2026-02-26 20:45:25,911 - peptidegen.training.trainer - INFO - Epoch 136 Training with 15 batches (accum_steps=1)...
2026-02-26 20:46:10,108 - peptidegen.training.trainer - INFO - Epoch 136/500 [  44.2s] | D: 1.9996 | G: 0.4105 | d_real: 1.726 | d_fake: 1.483 | gap: +0.244 | ent: 2.818 | ngram: 0.0159 | len_pen: 0.0027 | stab: 0.0091 | Val | D: 1.9946 | G: 0.4013 | gap: +0.252
2026-02-26 20:46:10,109 - peptidegen.training.trainer - INFO - No improvement for 6/30 epochs. Best: 0.4000
2026-02-26 20:46:10,109 - peptidegen.training.trainer - INFO - Epoch 137 Training with 15 batches (accum_steps=1)...
2026-02-26 20:46:54,950 - peptidegen.training.trainer - INFO - Epoch 137/500 [  44.8s] | D: 1.9996 | G: 0.4106 | d_real: 1.727 | d_fake: 1.482 | gap: +0.244 | ent: 2.814 | ngram: 0.0168 | len_pen: 0.0016 | stab: 0.0055 | Val | D: 2.0036 | G: 0.3978 | gap: +0.243
2026-02-26 20:46:54,950 - peptidegen.training.trainer - INFO - ⭐ Improved val_g_loss: 0.3978
2026-02-26 20:46:55,470 - peptidegen.training.trainer - INFO - Saved: checkpoints/best_model.pt
2026-02-26 20:46:55,470 - peptidegen.training.trainer - INFO - ✓ Saved best model: val_g_loss=0.4000 → 0.3978
2026-02-26 20:46:55,471 - peptidegen.training.trainer - INFO - Epoch 138 Training with 15 batches (accum_steps=1)...
2026-02-26 20:47:40,266 - peptidegen.training.trainer - INFO - Epoch 138/500 [  44.8s] | D: 1.9996 | G: 0.4108 | d_real: 1.728 | d_fake: 1.483 | gap: +0.246 | ent: 2.824 | ngram: 0.0163 | len_pen: 0.0045 | stab: 0.0064 | Val | D: 2.0073 | G: 0.4016 | gap: +0.240
2026-02-26 20:47:40,266 - peptidegen.training.trainer - INFO - No improvement for 1/30 epochs. Best: 0.3978
2026-02-26 20:47:40,267 - peptidegen.training.trainer - INFO - Epoch 139 Training with 15 batches (accum_steps=1)...
2026-02-26 20:48:24,922 - peptidegen.training.trainer - INFO - Epoch 139/500 [  44.7s] | D: 1.9987 | G: 0.4135 | d_real: 1.725 | d_fake: 1.482 | gap: +0.243 | ent: 2.816 | ngram: 0.0165 | len_pen: 0.0077 | stab: 0.0074 | Val | D: 2.0032 | G: 0.3982 | gap: +0.245
2026-02-26 20:48:24,923 - peptidegen.training.trainer - INFO - No improvement for 2/30 epochs. Best: 0.3978
2026-02-26 20:48:24,923 - peptidegen.training.trainer - INFO - Epoch 140 Training with 15 batches (accum_steps=1)...
2026-02-26 20:49:09,008 - peptidegen.training.trainer - INFO - Epoch 140/500 [  44.1s] | D: 1.9994 | G: 0.4082 | d_real: 1.728 | d_fake: 1.482 | gap: +0.246 | ent: 2.834 | ngram: 0.0150 | len_pen: 0.0017 | stab: 0.0127 | Val | D: 1.9981 | G: 0.4004 | gap: +0.253
2026-02-26 20:49:09,008 - peptidegen.training.trainer - INFO - No improvement for 3/30 epochs. Best: 0.3978
2026-02-26 20:49:09,558 - peptidegen.training.trainer - INFO - Saved: checkpoints/epoch_140.pt
2026-02-26 20:49:09,559 - peptidegen.training.trainer - INFO - Epoch 141 Training with 15 batches (accum_steps=1)...
2026-02-26 20:49:53,877 - peptidegen.training.trainer - INFO - Epoch 141/500 [  44.3s] | D: 1.9992 | G: 0.4066 | d_real: 1.727 | d_fake: 1.482 | gap: +0.245 | ent: 2.838 | ngram: 0.0142 | len_pen: 0.0012 | stab: 0.0101 | Val | D: 2.0047 | G: 0.3989 | gap: +0.238
2026-02-26 20:49:53,877 - peptidegen.training.trainer - INFO - No improvement for 4/30 epochs. Best: 0.3978
2026-02-26 20:49:53,878 - peptidegen.training.trainer - INFO - Epoch 142 Training with 15 batches (accum_steps=1)...
2026-02-26 20:50:38,502 - peptidegen.training.trainer - INFO - Epoch 142/500 [  44.6s] | D: 2.0007 | G: 0.4070 | d_real: 1.728 | d_fake: 1.484 | gap: +0.243 | ent: 2.835 | ngram: 0.0151 | len_pen: 0.0023 | stab: 0.0057 | Val | D: 1.9981 | G: 0.3987 | gap: +0.252
2026-02-26 20:50:38,502 - peptidegen.training.trainer - INFO - No improvement for 5/30 epochs. Best: 0.3978
2026-02-26 20:50:38,503 - peptidegen.training.trainer - INFO - Epoch 143 Training with 15 batches (accum_steps=1)...
2026-02-26 20:51:23,097 - peptidegen.training.trainer - INFO - Epoch 143/500 [  44.6s] | D: 1.9998 | G: 0.4084 | d_real: 1.728 | d_fake: 1.483 | gap: +0.245 | ent: 2.834 | ngram: 0.0151 | len_pen: 0.0045 | stab: 0.0055 | Val | D: 1.9949 | G: 0.3986 | gap: +0.241
2026-02-26 20:51:23,098 - peptidegen.training.trainer - INFO - No improvement for 6/30 epochs. Best: 0.3978
2026-02-26 20:51:23,098 - peptidegen.training.trainer - INFO - Epoch 144 Training with 15 batches (accum_steps=1)...
2026-02-26 20:52:07,860 - peptidegen.training.trainer - INFO - Epoch 144/500 [  44.8s] | D: 1.9990 | G: 0.4053 | d_real: 1.726 | d_fake: 1.482 | gap: +0.244 | ent: 2.840 | ngram: 0.0140 | len_pen: 0.0016 | stab: 0.0049 | Val | D: 1.9989 | G: 0.3998 | gap: +0.254
2026-02-26 20:52:07,860 - peptidegen.training.trainer - INFO - No improvement for 7/30 epochs. Best: 0.3978
2026-02-26 20:52:07,860 - peptidegen.training.trainer - INFO - Epoch 145 Training with 15 batches (accum_steps=1)...
2026-02-26 20:52:52,608 - peptidegen.training.trainer - INFO - Epoch 145/500 [  44.7s] | D: 1.9988 | G: 0.4072 | d_real: 1.726 | d_fake: 1.482 | gap: +0.245 | ent: 2.836 | ngram: 0.0153 | len_pen: 0.0033 | stab: 0.0050 | Val | D: 2.0005 | G: 0.4020 | gap: +0.244
2026-02-26 20:52:52,609 - peptidegen.training.trainer - INFO - No improvement for 8/30 epochs. Best: 0.3978
2026-02-26 20:52:52,609 - peptidegen.training.trainer - INFO - Epoch 146 Training with 15 batches (accum_steps=1)...
2026-02-26 20:53:37,289 - peptidegen.training.trainer - INFO - Epoch 146/500 [  44.7s] | D: 1.9993 | G: 0.4079 | d_real: 1.729 | d_fake: 1.482 | gap: +0.247 | ent: 2.830 | ngram: 0.0160 | len_pen: 0.0016 | stab: 0.0067 | Val | D: 1.9971 | G: 0.3996 | gap: +0.248
2026-02-26 20:53:37,289 - peptidegen.training.trainer - INFO - No improvement for 9/30 epochs. Best: 0.3978
2026-02-26 20:53:37,289 - peptidegen.training.trainer - INFO - Epoch 147 Training with 15 batches (accum_steps=1)...
2026-02-26 20:54:21,606 - peptidegen.training.trainer - INFO - Epoch 147/500 [  44.3s] | D: 1.9996 | G: 0.4077 | d_real: 1.730 | d_fake: 1.483 | gap: +0.247 | ent: 2.837 | ngram: 0.0150 | len_pen: 0.0044 | stab: 0.0059 | Val | D: 1.9952 | G: 0.3986 | gap: +0.244
2026-02-26 20:54:21,607 - peptidegen.training.trainer - INFO - No improvement for 10/30 epochs. Best: 0.3978
2026-02-26 20:54:21,607 - peptidegen.training.trainer - INFO - Epoch 148 Training with 15 batches (accum_steps=1)...
2026-02-26 20:55:05,997 - peptidegen.training.trainer - INFO - Epoch 148/500 [  44.4s] | D: 1.9986 | G: 0.4061 | d_real: 1.725 | d_fake: 1.481 | gap: +0.244 | ent: 2.839 | ngram: 0.0144 | len_pen: 0.0030 | stab: 0.0062 | Val | D: 2.0027 | G: 0.4003 | gap: +0.248
2026-02-26 20:55:05,998 - peptidegen.training.trainer - INFO - No improvement for 11/30 epochs. Best: 0.3978
2026-02-26 20:55:05,998 - peptidegen.training.trainer - INFO - Epoch 149 Training with 15 batches (accum_steps=1)...
2026-02-26 20:55:50,648 - peptidegen.training.trainer - INFO - Epoch 149/500 [  44.7s] | D: 2.0000 | G: 0.4042 | d_real: 1.729 | d_fake: 1.483 | gap: +0.245 | ent: 2.845 | ngram: 0.0140 | len_pen: 0.0020 | stab: 0.0036 | Val | D: 1.9964 | G: 0.4035 | gap: +0.248
2026-02-26 20:55:50,649 - peptidegen.training.trainer - INFO - No improvement for 12/30 epochs. Best: 0.3978
2026-02-26 20:55:50,649 - peptidegen.training.trainer - INFO - Epoch 150 Training with 15 batches (accum_steps=1)...
2026-02-26 20:56:35,322 - peptidegen.training.trainer - INFO - Epoch 150/500 [  44.7s] | D: 1.9986 | G: 0.4088 | d_real: 1.732 | d_fake: 1.482 | gap: +0.250 | ent: 2.838 | ngram: 0.0152 | len_pen: 0.0061 | stab: 0.0051 | Val | D: 1.9989 | G: 0.4031 | gap: +0.241
2026-02-26 20:56:35,323 - peptidegen.training.trainer - INFO - No improvement for 13/30 epochs. Best: 0.3978
2026-02-26 20:56:35,862 - peptidegen.training.trainer - INFO - Saved: checkpoints/epoch_150.pt
2026-02-26 20:56:35,863 - peptidegen.training.trainer - INFO - Epoch 151 Training with 15 batches (accum_steps=1)...
2026-02-26 20:57:20,735 - peptidegen.training.trainer - INFO - Epoch 151/500 [  44.9s] | D: 1.9989 | G: 0.4065 | d_real: 1.729 | d_fake: 1.482 | gap: +0.248 | ent: 2.838 | ngram: 0.0160 | len_pen: 0.0013 | stab: 0.0060 | Val | D: 2.0032 | G: 0.3956 | gap: +0.245
2026-02-26 20:57:20,736 - peptidegen.training.trainer - INFO - ⭐ Improved val_g_loss: 0.3956
2026-02-26 20:57:21,284 - peptidegen.training.trainer - INFO - Saved: checkpoints/best_model.pt
2026-02-26 20:57:21,284 - peptidegen.training.trainer - INFO - ✓ Saved best model: val_g_loss=0.3978 → 0.3956
2026-02-26 20:57:21,284 - peptidegen.training.trainer - INFO - Epoch 152 Training with 15 batches (accum_steps=1)...
2026-02-26 20:58:06,163 - peptidegen.training.trainer - INFO - Epoch 152/500 [  44.9s] | D: 1.9999 | G: 0.4086 | d_real: 1.727 | d_fake: 1.483 | gap: +0.244 | ent: 2.836 | ngram: 0.0159 | len_pen: 0.0042 | stab: 0.0113 | Val | D: 1.9976 | G: 0.3979 | gap: +0.252
2026-02-26 20:58:06,163 - peptidegen.training.trainer - INFO - No improvement for 1/30 epochs. Best: 0.3956
2026-02-26 20:58:06,163 - peptidegen.training.trainer - INFO - Epoch 153 Training with 15 batches (accum_steps=1)...
2026-02-26 20:58:51,005 - peptidegen.training.trainer - INFO - Epoch 153/500 [  44.8s] | D: 1.9989 | G: 0.4040 | d_real: 1.725 | d_fake: 1.482 | gap: +0.243 | ent: 2.844 | ngram: 0.0143 | len_pen: 0.0011 | stab: 0.0054 | Val | D: 1.9990 | G: 0.3964 | gap: +0.248
2026-02-26 20:58:51,005 - peptidegen.training.trainer - INFO - No improvement for 2/30 epochs. Best: 0.3956
2026-02-26 20:58:51,005 - peptidegen.training.trainer - INFO - Epoch 154 Training with 15 batches (accum_steps=1)...
2026-02-26 20:59:35,362 - peptidegen.training.trainer - INFO - Epoch 154/500 [  44.4s] | D: 1.9991 | G: 0.4053 | d_real: 1.729 | d_fake: 1.482 | gap: +0.246 | ent: 2.842 | ngram: 0.0145 | len_pen: 0.0024 | stab: 0.0036 | Val | D: 1.9984 | G: 0.3969 | gap: +0.244
2026-02-26 20:59:35,363 - peptidegen.training.trainer - INFO - No improvement for 3/30 epochs. Best: 0.3956
2026-02-26 20:59:35,363 - peptidegen.training.trainer - INFO - Epoch 155 Training with 15 batches (accum_steps=1)...
2026-02-26 21:00:19,601 - peptidegen.training.trainer - INFO - Epoch 155/500 [  44.2s] | D: 1.9994 | G: 0.4052 | d_real: 1.731 | d_fake: 1.483 | gap: +0.248 | ent: 2.841 | ngram: 0.0140 | len_pen: 0.0023 | stab: 0.0068 | Val | D: 1.9948 | G: 0.3973 | gap: +0.245
2026-02-26 21:00:19,601 - peptidegen.training.trainer - INFO - No improvement for 4/30 epochs. Best: 0.3956
2026-02-26 21:00:19,602 - peptidegen.training.trainer - INFO - Epoch 156 Training with 15 batches (accum_steps=1)...
2026-02-26 21:01:04,015 - peptidegen.training.trainer - INFO - Epoch 156/500 [  44.4s] | D: 1.9996 | G: 0.4096 | d_real: 1.731 | d_fake: 1.483 | gap: +0.248 | ent: 2.839 | ngram: 0.0156 | len_pen: 0.0095 | stab: 0.0053 | Val | D: 1.9982 | G: 0.3970 | gap: +0.241
2026-02-26 21:01:04,016 - peptidegen.training.trainer - INFO - No improvement for 5/30 epochs. Best: 0.3956
2026-02-26 21:01:04,016 - peptidegen.training.trainer - INFO - Epoch 157 Training with 15 batches (accum_steps=1)...
2026-02-26 21:01:48,419 - peptidegen.training.trainer - INFO - Epoch 157/500 [  44.4s] | D: 1.9988 | G: 0.4045 | d_real: 1.728 | d_fake: 1.482 | gap: +0.247 | ent: 2.844 | ngram: 0.0139 | len_pen: 0.0026 | stab: 0.0041 | Val | D: 2.0024 | G: 0.4030 | gap: +0.250
2026-02-26 21:01:48,420 - peptidegen.training.trainer - INFO - No improvement for 6/30 epochs. Best: 0.3956
2026-02-26 21:01:48,420 - peptidegen.training.trainer - INFO - Epoch 158 Training with 15 batches (accum_steps=1)...
2026-02-26 21:02:32,862 - peptidegen.training.trainer - INFO - Epoch 158/500 [  44.4s] | D: 1.9992 | G: 0.4065 | d_real: 1.730 | d_fake: 1.482 | gap: +0.248 | ent: 2.835 | ngram: 0.0154 | len_pen: 0.0020 | stab: 0.0068 | Val | D: 1.9957 | G: 0.3992 | gap: +0.249
2026-02-26 21:02:32,862 - peptidegen.training.trainer - INFO - No improvement for 7/30 epochs. Best: 0.3956
2026-02-26 21:02:32,863 - peptidegen.training.trainer - INFO - Epoch 159 Training with 15 batches (accum_steps=1)...
2026-02-26 21:03:17,620 - peptidegen.training.trainer - INFO - Epoch 159/500 [  44.8s] | D: 1.9983 | G: 0.4054 | d_real: 1.728 | d_fake: 1.481 | gap: +0.247 | ent: 2.839 | ngram: 0.0143 | len_pen: 0.0030 | stab: 0.0057 | Val | D: 1.9966 | G: 0.3998 | gap: +0.239
2026-02-26 21:03:17,621 - peptidegen.training.trainer - INFO - No improvement for 8/30 epochs. Best: 0.3956
2026-02-26 21:03:17,621 - peptidegen.training.trainer - INFO - Epoch 160 Training with 15 batches (accum_steps=1)...
2026-02-26 21:04:02,452 - peptidegen.training.trainer - INFO - Epoch 160/500 [  44.8s] | D: 2.0001 | G: 0.4033 | d_real: 1.730 | d_fake: 1.484 | gap: +0.247 | ent: 2.841 | ngram: 0.0135 | len_pen: 0.0010 | stab: 0.0039 | Val | D: 2.0010 | G: 0.3959 | gap: +0.239
2026-02-26 21:04:02,452 - peptidegen.training.trainer - INFO - No improvement for 9/30 epochs. Best: 0.3956
2026-02-26 21:04:02,980 - peptidegen.training.trainer - INFO - Saved: checkpoints/epoch_160.pt
2026-02-26 21:04:02,981 - peptidegen.training.trainer - INFO - Epoch 161 Training with 15 batches (accum_steps=1)...
2026-02-26 21:04:47,444 - peptidegen.training.trainer - INFO - Epoch 161/500 [  44.5s] | D: 1.9997 | G: 0.4048 | d_real: 1.730 | d_fake: 1.483 | gap: +0.247 | ent: 2.837 | ngram: 0.0144 | len_pen: 0.0022 | stab: 0.0034 | Val | D: 1.9950 | G: 0.3985 | gap: +0.251
2026-02-26 21:04:47,445 - peptidegen.training.trainer - INFO - No improvement for 10/30 epochs. Best: 0.3956
2026-02-26 21:04:47,445 - peptidegen.training.trainer - INFO - Epoch 162 Training with 15 batches (accum_steps=1)...
2026-02-26 21:05:31,984 - peptidegen.training.trainer - INFO - Epoch 162/500 [  44.5s] | D: 1.9986 | G: 0.4032 | d_real: 1.728 | d_fake: 1.482 | gap: +0.246 | ent: 2.841 | ngram: 0.0136 | len_pen: 0.0011 | stab: 0.0056 | Val | D: 2.0005 | G: 0.3974 | gap: +0.241
2026-02-26 21:05:31,985 - peptidegen.training.trainer - INFO - No improvement for 11/30 epochs. Best: 0.3956
2026-02-26 21:05:31,985 - peptidegen.training.trainer - INFO - Epoch 163 Training with 15 batches (accum_steps=1)...
2026-02-26 21:06:16,377 - peptidegen.training.trainer - INFO - Epoch 163/500 [  44.4s] | D: 1.9994 | G: 0.4062 | d_real: 1.730 | d_fake: 1.483 | gap: +0.247 | ent: 2.836 | ngram: 0.0143 | len_pen: 0.0049 | stab: 0.0039 | Val | D: 1.9980 | G: 0.3957 | gap: +0.241
2026-02-26 21:06:16,377 - peptidegen.training.trainer - INFO - No improvement for 12/30 epochs. Best: 0.3956
2026-02-26 21:06:16,378 - peptidegen.training.trainer - INFO - Epoch 164 Training with 15 batches (accum_steps=1)...
2026-02-26 21:07:01,177 - peptidegen.training.trainer - INFO - Epoch 164/500 [  44.8s] | D: 2.0000 | G: 0.4045 | d_real: 1.732 | d_fake: 1.484 | gap: +0.248 | ent: 2.839 | ngram: 0.0139 | len_pen: 0.0030 | stab: 0.0048 | Val | D: 1.9962 | G: 0.3987 | gap: +0.239
2026-02-26 21:07:01,177 - peptidegen.training.trainer - INFO - No improvement for 13/30 epochs. Best: 0.3956
2026-02-26 21:07:01,178 - peptidegen.training.trainer - INFO - Epoch 165 Training with 15 batches (accum_steps=1)...
2026-02-26 21:07:45,854 - peptidegen.training.trainer - INFO - Epoch 165/500 [  44.7s] | D: 1.9986 | G: 0.4036 | d_real: 1.726 | d_fake: 1.482 | gap: +0.244 | ent: 2.843 | ngram: 0.0137 | len_pen: 0.0019 | stab: 0.0025 | Val | D: 2.0050 | G: 0.3945 | gap: +0.256
2026-02-26 21:07:45,854 - peptidegen.training.trainer - INFO - ⭐ Improved val_g_loss: 0.3945
2026-02-26 21:07:46,404 - peptidegen.training.trainer - INFO - Saved: checkpoints/best_model.pt
2026-02-26 21:07:46,404 - peptidegen.training.trainer - INFO - ✓ Saved best model: val_g_loss=0.3956 → 0.3945
2026-02-26 21:07:46,405 - peptidegen.training.trainer - INFO - Epoch 166 Training with 15 batches (accum_steps=1)...
2026-02-26 21:08:30,842 - peptidegen.training.trainer - INFO - Epoch 166/500 [  44.4s] | D: 1.9985 | G: 0.4078 | d_real: 1.729 | d_fake: 1.482 | gap: +0.248 | ent: 2.835 | ngram: 0.0144 | len_pen: 0.0074 | stab: 0.0055 | Val | D: 2.0051 | G: 0.3961 | gap: +0.241
2026-02-26 21:08:30,842 - peptidegen.training.trainer - INFO - No improvement for 1/30 epochs. Best: 0.3945
2026-02-26 21:08:30,842 - peptidegen.training.trainer - INFO - Epoch 167 Training with 15 batches (accum_steps=1)...
2026-02-26 21:09:15,410 - peptidegen.training.trainer - INFO - Epoch 167/500 [  44.6s] | D: 2.0003 | G: 0.4071 | d_real: 1.729 | d_fake: 1.484 | gap: +0.245 | ent: 2.835 | ngram: 0.0147 | len_pen: 0.0077 | stab: 0.0051 | Val | D: 1.9962 | G: 0.3973 | gap: +0.246
2026-02-26 21:09:15,410 - peptidegen.training.trainer - INFO - No improvement for 2/30 epochs. Best: 0.3945
2026-02-26 21:09:15,411 - peptidegen.training.trainer - INFO - Epoch 168 Training with 15 batches (accum_steps=1)...
2026-02-26 21:10:00,161 - peptidegen.training.trainer - INFO - Epoch 168/500 [  44.7s] | D: 1.9991 | G: 0.4057 | d_real: 1.731 | d_fake: 1.482 | gap: +0.249 | ent: 2.834 | ngram: 0.0146 | len_pen: 0.0044 | stab: 0.0034 | Val | D: 2.0006 | G: 0.3961 | gap: +0.244
2026-02-26 21:10:00,161 - peptidegen.training.trainer - INFO - No improvement for 3/30 epochs. Best: 0.3945
2026-02-26 21:10:00,161 - peptidegen.training.trainer - INFO - Epoch 169 Training with 15 batches (accum_steps=1)...
2026-02-26 21:10:44,527 - peptidegen.training.trainer - INFO - Epoch 169/500 [  44.4s] | D: 1.9989 | G: 0.4054 | d_real: 1.731 | d_fake: 1.482 | gap: +0.249 | ent: 2.835 | ngram: 0.0143 | len_pen: 0.0035 | stab: 0.0031 | Val | D: 2.0020 | G: 0.3971 | gap: +0.250
2026-02-26 21:10:44,527 - peptidegen.training.trainer - INFO - No improvement for 4/30 epochs. Best: 0.3945
2026-02-26 21:10:44,528 - peptidegen.training.trainer - INFO - Epoch 170 Training with 15 batches (accum_steps=1)...
2026-02-26 21:11:29,235 - peptidegen.training.trainer - INFO - Epoch 170/500 [  44.7s] | D: 1.9997 | G: 0.4039 | d_real: 1.728 | d_fake: 1.483 | gap: +0.245 | ent: 2.839 | ngram: 0.0137 | len_pen: 0.0031 | stab: 0.0038 | Val | D: 1.9944 | G: 0.3971 | gap: +0.248
2026-02-26 21:11:29,235 - peptidegen.training.trainer - INFO - No improvement for 5/30 epochs. Best: 0.3945
2026-02-26 21:11:29,762 - peptidegen.training.trainer - INFO - Saved: checkpoints/epoch_170.pt
2026-02-26 21:11:29,762 - peptidegen.training.trainer - INFO - Epoch 171 Training with 15 batches (accum_steps=1)...
2026-02-26 21:12:14,574 - peptidegen.training.trainer - INFO - Epoch 171/500 [  44.8s] | D: 1.9984 | G: 0.4031 | d_real: 1.733 | d_fake: 1.481 | gap: +0.251 | ent: 2.844 | ngram: 0.0136 | len_pen: 0.0012 | stab: 0.0039 | Val | D: 2.0011 | G: 0.3957 | gap: +0.248
2026-02-26 21:12:14,574 - peptidegen.training.trainer - INFO - No improvement for 6/30 epochs. Best: 0.3945
2026-02-26 21:12:14,575 - peptidegen.training.trainer - INFO - Epoch 172 Training with 15 batches (accum_steps=1)...
2026-02-26 21:12:59,356 - peptidegen.training.trainer - INFO - Epoch 172/500 [  44.8s] | D: 2.0002 | G: 0.4045 | d_real: 1.727 | d_fake: 1.484 | gap: +0.243 | ent: 2.845 | ngram: 0.0132 | len_pen: 0.0035 | stab: 0.0055 | Val | D: 1.9972 | G: 0.3972 | gap: +0.253
2026-02-26 21:12:59,356 - peptidegen.training.trainer - INFO - No improvement for 7/30 epochs. Best: 0.3945
2026-02-26 21:12:59,357 - peptidegen.training.trainer - INFO - Epoch 173 Training with 15 batches (accum_steps=1)...
2026-02-26 21:13:44,060 - peptidegen.training.trainer - INFO - Epoch 173/500 [  44.7s] | D: 1.9989 | G: 0.4079 | d_real: 1.727 | d_fake: 1.482 | gap: +0.245 | ent: 2.839 | ngram: 0.0140 | len_pen: 0.0085 | stab: 0.0032 | Val | D: 1.9995 | G: 0.3955 | gap: +0.244
2026-02-26 21:13:44,060 - peptidegen.training.trainer - INFO - No improvement for 8/30 epochs. Best: 0.3945
2026-02-26 21:13:44,060 - peptidegen.training.trainer - INFO - Epoch 174 Training with 15 batches (accum_steps=1)...
2026-02-26 21:14:28,576 - peptidegen.training.trainer - INFO - Epoch 174/500 [  44.5s] | D: 1.9996 | G: 0.4035 | d_real: 1.729 | d_fake: 1.483 | gap: +0.246 | ent: 2.847 | ngram: 0.0131 | len_pen: 0.0020 | stab: 0.0045 | Val | D: 2.0009 | G: 0.3960 | gap: +0.242
2026-02-26 21:14:28,576 - peptidegen.training.trainer - INFO - No improvement for 9/30 epochs. Best: 0.3945
2026-02-26 21:14:28,577 - peptidegen.training.trainer - INFO - Epoch 175 Training with 15 batches (accum_steps=1)...
2026-02-26 21:15:13,329 - peptidegen.training.trainer - INFO - Epoch 175/500 [  44.8s] | D: 1.9999 | G: 0.4037 | d_real: 1.729 | d_fake: 1.483 | gap: +0.246 | ent: 2.845 | ngram: 0.0127 | len_pen: 0.0020 | stab: 0.0059 | Val | D: 2.0023 | G: 0.3958 | gap: +0.245
2026-02-26 21:15:13,330 - peptidegen.training.trainer - INFO - No improvement for 10/30 epochs. Best: 0.3945
2026-02-26 21:15:13,330 - peptidegen.training.trainer - INFO - Epoch 176 Training with 15 batches (accum_steps=1)...
2026-02-26 21:15:57,707 - peptidegen.training.trainer - INFO - Epoch 176/500 [  44.4s] | D: 1.9987 | G: 0.4034 | d_real: 1.726 | d_fake: 1.482 | gap: +0.244 | ent: 2.847 | ngram: 0.0123 | len_pen: 0.0029 | stab: 0.0038 | Val | D: 2.0003 | G: 0.3952 | gap: +0.244
2026-02-26 21:15:57,707 - peptidegen.training.trainer - INFO - No improvement for 11/30 epochs. Best: 0.3945
2026-02-26 21:15:57,708 - peptidegen.training.trainer - INFO - Epoch 177 Training with 15 batches (accum_steps=1)...
2026-02-26 21:16:42,446 - peptidegen.training.trainer - INFO - Epoch 177/500 [  44.7s] | D: 1.9994 | G: 0.4047 | d_real: 1.729 | d_fake: 1.483 | gap: +0.247 | ent: 2.844 | ngram: 0.0126 | len_pen: 0.0054 | stab: 0.0030 | Val | D: 1.9953 | G: 0.3959 | gap: +0.250
2026-02-26 21:16:42,446 - peptidegen.training.trainer - INFO - No improvement for 12/30 epochs. Best: 0.3945
2026-02-26 21:16:42,447 - peptidegen.training.trainer - INFO - Epoch 178 Training with 15 batches (accum_steps=1)...
2026-02-26 21:17:27,244 - peptidegen.training.trainer - INFO - Epoch 178/500 [  44.8s] | D: 1.9999 | G: 0.4041 | d_real: 1.731 | d_fake: 1.483 | gap: +0.248 | ent: 2.841 | ngram: 0.0130 | len_pen: 0.0029 | stab: 0.0055 | Val | D: 1.9940 | G: 0.3964 | gap: +0.251
2026-02-26 21:17:27,245 - peptidegen.training.trainer - INFO - No improvement for 13/30 epochs. Best: 0.3945
2026-02-26 21:17:27,245 - peptidegen.training.trainer - INFO - Epoch 179 Training with 15 batches (accum_steps=1)...
2026-02-26 21:18:12,003 - peptidegen.training.trainer - INFO - Epoch 179/500 [  44.8s] | D: 1.9987 | G: 0.4049 | d_real: 1.726 | d_fake: 1.482 | gap: +0.245 | ent: 2.840 | ngram: 0.0128 | len_pen: 0.0043 | stab: 0.0043 | Val | D: 2.0032 | G: 0.3954 | gap: +0.255
2026-02-26 21:18:12,003 - peptidegen.training.trainer - INFO - No improvement for 14/30 epochs. Best: 0.3945
2026-02-26 21:18:12,003 - peptidegen.training.trainer - INFO - Epoch 180 Training with 15 batches (accum_steps=1)...
2026-02-26 21:18:56,295 - peptidegen.training.trainer - INFO - Epoch 180/500 [  44.3s] | D: 1.9985 | G: 0.4020 | d_real: 1.731 | d_fake: 1.482 | gap: +0.249 | ent: 2.856 | ngram: 0.0129 | len_pen: 0.0013 | stab: 0.0040 | Val | D: 2.0053 | G: 0.3946 | gap: +0.251
2026-02-26 21:18:56,296 - peptidegen.training.trainer - INFO - No improvement for 15/30 epochs. Best: 0.3945
2026-02-26 21:18:56,782 - peptidegen.training.trainer - INFO - Saved: checkpoints/epoch_180.pt
2026-02-26 21:18:56,783 - peptidegen.training.trainer - INFO - Epoch 181 Training with 15 batches (accum_steps=1)...
2026-02-26 21:19:41,485 - peptidegen.training.trainer - INFO - Epoch 181/500 [  44.7s] | D: 2.0000 | G: 0.4023 | d_real: 1.732 | d_fake: 1.484 | gap: +0.248 | ent: 2.857 | ngram: 0.0127 | len_pen: 0.0034 | stab: 0.0048 | Val | D: 1.9984 | G: 0.3980 | gap: +0.249
2026-02-26 21:19:41,486 - peptidegen.training.trainer - INFO - No improvement for 16/30 epochs. Best: 0.3945
2026-02-26 21:19:41,486 - peptidegen.training.trainer - INFO - Epoch 182 Training with 15 batches (accum_steps=1)...
2026-02-26 21:20:25,787 - peptidegen.training.trainer - INFO - Epoch 182/500 [  44.3s] | D: 1.9989 | G: 0.4010 | d_real: 1.730 | d_fake: 1.482 | gap: +0.248 | ent: 2.857 | ngram: 0.0126 | len_pen: 0.0008 | stab: 0.0036 | Val | D: 1.9984 | G: 0.3960 | gap: +0.251
2026-02-26 21:20:25,788 - peptidegen.training.trainer - INFO - No improvement for 17/30 epochs. Best: 0.3945
2026-02-26 21:20:25,788 - peptidegen.training.trainer - INFO - Epoch 183 Training with 15 batches (accum_steps=1)...
2026-02-26 21:21:10,152 - peptidegen.training.trainer - INFO - Epoch 183/500 [  44.4s] | D: 1.9990 | G: 0.4015 | d_real: 1.729 | d_fake: 1.482 | gap: +0.247 | ent: 2.856 | ngram: 0.0128 | len_pen: 0.0010 | stab: 0.0042 | Val | D: 2.0005 | G: 0.3959 | gap: +0.255
2026-02-26 21:21:10,153 - peptidegen.training.trainer - INFO - No improvement for 18/30 epochs. Best: 0.3945
2026-02-26 21:21:10,153 - peptidegen.training.trainer - INFO - Epoch 184 Training with 15 batches (accum_steps=1)...
2026-02-26 21:21:54,548 - peptidegen.training.trainer - INFO - Epoch 184/500 [  44.4s] | D: 1.9982 | G: 0.4016 | d_real: 1.731 | d_fake: 1.481 | gap: +0.249 | ent: 2.857 | ngram: 0.0126 | len_pen: 0.0021 | stab: 0.0036 | Val | D: 2.0004 | G: 0.3953 | gap: +0.245
2026-02-26 21:21:54,549 - peptidegen.training.trainer - INFO - No improvement for 19/30 epochs. Best: 0.3945
2026-02-26 21:21:54,549 - peptidegen.training.trainer - INFO - Epoch 185 Training with 15 batches (accum_steps=1)...
2026-02-26 21:22:39,237 - peptidegen.training.trainer - INFO - Epoch 185/500 [  44.7s] | D: 1.9989 | G: 0.4009 | d_real: 1.732 | d_fake: 1.482 | gap: +0.249 | ent: 2.862 | ngram: 0.0120 | len_pen: 0.0015 | stab: 0.0050 | Val | D: 1.9985 | G: 0.3943 | gap: +0.249
2026-02-26 21:22:39,237 - peptidegen.training.trainer - INFO - ⭐ Improved val_g_loss: 0.3943
2026-02-26 21:22:39,773 - peptidegen.training.trainer - INFO - Saved: checkpoints/best_model.pt
2026-02-26 21:22:39,773 - peptidegen.training.trainer - INFO - ✓ Saved best model: val_g_loss=0.3945 → 0.3943
2026-02-26 21:22:39,773 - peptidegen.training.trainer - INFO - Epoch 186 Training with 15 batches (accum_steps=1)...
2026-02-26 21:23:24,169 - peptidegen.training.trainer - INFO - Epoch 186/500 [  44.4s] | D: 1.9993 | G: 0.4025 | d_real: 1.732 | d_fake: 1.483 | gap: +0.249 | ent: 2.865 | ngram: 0.0121 | len_pen: 0.0053 | stab: 0.0044 | Val | D: 1.9994 | G: 0.3942 | gap: +0.250
2026-02-26 21:23:24,169 - peptidegen.training.trainer - INFO - ⭐ Improved val_g_loss: 0.3942
2026-02-26 21:23:24,694 - peptidegen.training.trainer - INFO - Saved: checkpoints/best_model.pt
2026-02-26 21:23:24,694 - peptidegen.training.trainer - INFO - ✓ Saved best model: val_g_loss=0.3943 → 0.3942
2026-02-26 21:23:24,695 - peptidegen.training.trainer - INFO - Epoch 187 Training with 15 batches (accum_steps=1)...
2026-02-26 21:24:09,522 - peptidegen.training.trainer - INFO - Epoch 187/500 [  44.8s] | D: 1.9988 | G: 0.4011 | d_real: 1.729 | d_fake: 1.482 | gap: +0.247 | ent: 2.869 | ngram: 0.0117 | len_pen: 0.0049 | stab: 0.0039 | Val | D: 2.0010 | G: 0.3938 | gap: +0.245
2026-02-26 21:24:09,523 - peptidegen.training.trainer - INFO - ⭐ Improved val_g_loss: 0.3938
2026-02-26 21:24:10,057 - peptidegen.training.trainer - INFO - Saved: checkpoints/best_model.pt
2026-02-26 21:24:10,058 - peptidegen.training.trainer - INFO - ✓ Saved best model: val_g_loss=0.3942 → 0.3938
2026-02-26 21:24:10,058 - peptidegen.training.trainer - INFO - Epoch 188 Training with 15 batches (accum_steps=1)...
2026-02-26 21:24:54,787 - peptidegen.training.trainer - INFO - Epoch 188/500 [  44.7s] | D: 1.9991 | G: 0.3992 | d_real: 1.730 | d_fake: 1.482 | gap: +0.247 | ent: 2.866 | ngram: 0.0118 | len_pen: 0.0008 | stab: 0.0046 | Val | D: 2.0031 | G: 0.3917 | gap: +0.247
2026-02-26 21:24:54,787 - peptidegen.training.trainer - INFO - ⭐ Improved val_g_loss: 0.3917
2026-02-26 21:24:55,329 - peptidegen.training.trainer - INFO - Saved: checkpoints/best_model.pt
2026-02-26 21:24:55,330 - peptidegen.training.trainer - INFO - ✓ Saved best model: val_g_loss=0.3938 → 0.3917
2026-02-26 21:24:55,330 - peptidegen.training.trainer - INFO - Epoch 189 Training with 15 batches (accum_steps=1)...
2026-02-26 21:25:39,704 - peptidegen.training.trainer - INFO - Epoch 189/500 [  44.4s] | D: 2.0000 | G: 0.4013 | d_real: 1.731 | d_fake: 1.484 | gap: +0.248 | ent: 2.868 | ngram: 0.0119 | len_pen: 0.0063 | stab: 0.0042 | Val | D: 1.9971 | G: 0.3939 | gap: +0.251
2026-02-26 21:25:39,704 - peptidegen.training.trainer - INFO - No improvement for 1/30 epochs. Best: 0.3917
2026-02-26 21:25:39,705 - peptidegen.training.trainer - INFO - Epoch 190 Training with 15 batches (accum_steps=1)...
2026-02-26 21:26:24,413 - peptidegen.training.trainer - INFO - Epoch 190/500 [  44.7s] | D: 1.9986 | G: 0.3987 | d_real: 1.732 | d_fake: 1.482 | gap: +0.250 | ent: 2.868 | ngram: 0.0116 | len_pen: 0.0010 | stab: 0.0029 | Val | D: 1.9961 | G: 0.3956 | gap: +0.253
2026-02-26 21:26:24,413 - peptidegen.training.trainer - INFO - No improvement for 2/30 epochs. Best: 0.3917
2026-02-26 21:26:24,941 - peptidegen.training.trainer - INFO - Saved: checkpoints/epoch_190.pt
2026-02-26 21:26:24,942 - peptidegen.training.trainer - INFO - Epoch 191 Training with 15 batches (accum_steps=1)...
2026-02-26 21:27:09,482 - peptidegen.training.trainer - INFO - Epoch 191/500 [  44.5s] | D: 1.9988 | G: 0.3998 | d_real: 1.730 | d_fake: 1.482 | gap: +0.248 | ent: 2.866 | ngram: 0.0120 | len_pen: 0.0019 | stab: 0.0038 | Val | D: 2.0006 | G: 0.3924 | gap: +0.255
2026-02-26 21:27:09,482 - peptidegen.training.trainer - INFO - No improvement for 3/30 epochs. Best: 0.3917
2026-02-26 21:27:09,482 - peptidegen.training.trainer - INFO - Epoch 192 Training with 15 batches (accum_steps=1)...
2026-02-26 21:27:53,956 - peptidegen.training.trainer - INFO - Epoch 192/500 [  44.5s] | D: 1.9977 | G: 0.3995 | d_real: 1.732 | d_fake: 1.480 | gap: +0.251 | ent: 2.865 | ngram: 0.0117 | len_pen: 0.0023 | stab: 0.0028 | Val | D: 1.9999 | G: 0.3929 | gap: +0.251
2026-02-26 21:27:53,956 - peptidegen.training.trainer - INFO - No improvement for 4/30 epochs. Best: 0.3917
2026-02-26 21:27:53,956 - peptidegen.training.trainer - INFO - Epoch 193 Training with 15 batches (accum_steps=1)...
2026-02-26 21:28:38,609 - peptidegen.training.trainer - INFO - Epoch 193/500 [  44.7s] | D: 1.9992 | G: 0.3991 | d_real: 1.733 | d_fake: 1.483 | gap: +0.250 | ent: 2.866 | ngram: 0.0117 | len_pen: 0.0011 | stab: 0.0042 | Val | D: 1.9944 | G: 0.3932 | gap: +0.243
2026-02-26 21:28:38,609 - peptidegen.training.trainer - INFO - No improvement for 5/30 epochs. Best: 0.3917
2026-02-26 21:28:38,609 - peptidegen.training.trainer - INFO - Epoch 194 Training with 15 batches (accum_steps=1)...
2026-02-26 21:29:23,037 - peptidegen.training.trainer - INFO - Epoch 194/500 [  44.4s] | D: 1.9994 | G: 0.3993 | d_real: 1.732 | d_fake: 1.483 | gap: +0.250 | ent: 2.866 | ngram: 0.0117 | len_pen: 0.0021 | stab: 0.0024 | Val | D: 1.9952 | G: 0.3925 | gap: +0.251
2026-02-26 21:29:23,038 - peptidegen.training.trainer - INFO - No improvement for 6/30 epochs. Best: 0.3917
2026-02-26 21:29:23,038 - peptidegen.training.trainer - INFO - Epoch 195 Training with 15 batches (accum_steps=1)...
2026-02-26 21:30:07,431 - peptidegen.training.trainer - INFO - Epoch 195/500 [  44.4s] | D: 1.9986 | G: 0.4002 | d_real: 1.729 | d_fake: 1.482 | gap: +0.248 | ent: 2.867 | ngram: 0.0115 | len_pen: 0.0038 | stab: 0.0043 | Val | D: 2.0039 | G: 0.3928 | gap: +0.244
2026-02-26 21:30:07,431 - peptidegen.training.trainer - INFO - No improvement for 7/30 epochs. Best: 0.3917
2026-02-26 21:30:07,431 - peptidegen.training.trainer - INFO - Epoch 196 Training with 15 batches (accum_steps=1)...
2026-02-26 21:30:52,223 - peptidegen.training.trainer - INFO - Epoch 196/500 [  44.8s] | D: 1.9988 | G: 0.3988 | d_real: 1.732 | d_fake: 1.482 | gap: +0.250 | ent: 2.867 | ngram: 0.0115 | len_pen: 0.0011 | stab: 0.0027 | Val | D: 2.0031 | G: 0.3925 | gap: +0.246
2026-02-26 21:30:52,224 - peptidegen.training.trainer - INFO - No improvement for 8/30 epochs. Best: 0.3917
2026-02-26 21:30:52,224 - peptidegen.training.trainer - INFO - Epoch 197 Training with 15 batches (accum_steps=1)...
2026-02-26 21:31:37,056 - peptidegen.training.trainer - INFO - Epoch 197/500 [  44.8s] | D: 1.9995 | G: 0.3989 | d_real: 1.732 | d_fake: 1.483 | gap: +0.249 | ent: 2.869 | ngram: 0.0111 | len_pen: 0.0030 | stab: 0.0027 | Val | D: 1.9968 | G: 0.3934 | gap: +0.250
2026-02-26 21:31:37,056 - peptidegen.training.trainer - INFO - No improvement for 9/30 epochs. Best: 0.3917
2026-02-26 21:31:37,057 - peptidegen.training.trainer - INFO - Epoch 198 Training with 15 batches (accum_steps=1)...
2026-02-26 21:32:21,867 - peptidegen.training.trainer - INFO - Epoch 198/500 [  44.8s] | D: 1.9988 | G: 0.3989 | d_real: 1.732 | d_fake: 1.482 | gap: +0.250 | ent: 2.864 | ngram: 0.0115 | len_pen: 0.0010 | stab: 0.0022 | Val | D: 1.9979 | G: 0.3925 | gap: +0.251
2026-02-26 21:32:21,867 - peptidegen.training.trainer - INFO - No improvement for 10/30 epochs. Best: 0.3917
2026-02-26 21:32:21,868 - peptidegen.training.trainer - INFO - Epoch 199 Training with 15 batches (accum_steps=1)...
2026-02-26 21:33:06,497 - peptidegen.training.trainer - INFO - Epoch 199/500 [  44.6s] | D: 1.9996 | G: 0.3998 | d_real: 1.728 | d_fake: 1.483 | gap: +0.245 | ent: 2.868 | ngram: 0.0111 | len_pen: 0.0045 | stab: 0.0022 | Val | D: 2.0003 | G: 0.3925 | gap: +0.249
2026-02-26 21:33:06,498 - peptidegen.training.trainer - INFO - No improvement for 11/30 epochs. Best: 0.3917
2026-02-26 21:33:06,498 - peptidegen.training.trainer - INFO - Epoch 200 Training with 15 batches (accum_steps=1)...
2026-02-26 21:33:51,213 - peptidegen.training.trainer - INFO - Epoch 200/500 [  44.7s] | D: 1.9980 | G: 0.3990 | d_real: 1.730 | d_fake: 1.481 | gap: +0.249 | ent: 2.865 | ngram: 0.0114 | len_pen: 0.0019 | stab: 0.0025 | Val | D: 1.9999 | G: 0.3937 | gap: +0.253
2026-02-26 21:33:51,214 - peptidegen.training.trainer - INFO - No improvement for 12/30 epochs. Best: 0.3917
2026-02-26 21:33:51,762 - peptidegen.training.trainer - INFO - Saved: checkpoints/epoch_200.pt
2026-02-26 21:33:51,763 - peptidegen.training.trainer - INFO - Epoch 201 Training with 15 batches (accum_steps=1)...
2026-02-26 21:34:36,189 - peptidegen.training.trainer - INFO - Epoch 201/500 [  44.4s] | D: 1.9993 | G: 0.3994 | d_real: 1.731 | d_fake: 1.483 | gap: +0.248 | ent: 2.865 | ngram: 0.0111 | len_pen: 0.0035 | stab: 0.0027 | Val | D: 1.9979 | G: 0.3946 | gap: +0.248
2026-02-26 21:34:36,189 - peptidegen.training.trainer - INFO - No improvement for 13/30 epochs. Best: 0.3917
2026-02-26 21:34:36,190 - peptidegen.training.trainer - INFO - Epoch 202 Training with 15 batches (accum_steps=1)...
2026-02-26 21:35:20,553 - peptidegen.training.trainer - INFO - Epoch 202/500 [  44.4s] | D: 1.9996 | G: 0.3994 | d_real: 1.732 | d_fake: 1.483 | gap: +0.249 | ent: 2.863 | ngram: 0.0117 | len_pen: 0.0020 | stab: 0.0027 | Val | D: 1.9976 | G: 0.3925 | gap: +0.250
2026-02-26 21:35:20,553 - peptidegen.training.trainer - INFO - No improvement for 14/30 epochs. Best: 0.3917
2026-02-26 21:35:20,554 - peptidegen.training.trainer - INFO - Epoch 203 Training with 15 batches (accum_steps=1)...
2026-02-26 21:36:04,906 - peptidegen.training.trainer - INFO - Epoch 203/500 [  44.4s] | D: 1.9986 | G: 0.3987 | d_real: 1.729 | d_fake: 1.482 | gap: +0.248 | ent: 2.867 | ngram: 0.0112 | len_pen: 0.0020 | stab: 0.0024 | Val | D: 2.0035 | G: 0.3922 | gap: +0.242
2026-02-26 21:36:04,906 - peptidegen.training.trainer - INFO - No improvement for 15/30 epochs. Best: 0.3917
2026-02-26 21:36:04,907 - peptidegen.training.trainer - INFO - Epoch 204 Training with 15 batches (accum_steps=1)...
2026-02-26 21:36:49,781 - peptidegen.training.trainer - INFO - Epoch 204/500 [  44.9s] | D: 1.9986 | G: 0.3992 | d_real: 1.731 | d_fake: 1.482 | gap: +0.250 | ent: 2.864 | ngram: 0.0114 | len_pen: 0.0020 | stab: 0.0034 | Val | D: 2.0028 | G: 0.3934 | gap: +0.247
2026-02-26 21:36:49,782 - peptidegen.training.trainer - INFO - No improvement for 16/30 epochs. Best: 0.3917
2026-02-26 21:36:49,782 - peptidegen.training.trainer - INFO - Epoch 205 Training with 15 batches (accum_steps=1)...
2026-02-26 21:37:34,488 - peptidegen.training.trainer - INFO - Epoch 205/500 [  44.7s] | D: 1.9994 | G: 0.3978 | d_real: 1.733 | d_fake: 1.483 | gap: +0.250 | ent: 2.867 | ngram: 0.0111 | len_pen: 0.0005 | stab: 0.0021 | Val | D: 1.9972 | G: 0.3931 | gap: +0.249
2026-02-26 21:37:34,488 - peptidegen.training.trainer - INFO - No improvement for 17/30 epochs. Best: 0.3917
2026-02-26 21:37:34,489 - peptidegen.training.trainer - INFO - Epoch 206 Training with 15 batches (accum_steps=1)...
2026-02-26 21:38:19,167 - peptidegen.training.trainer - INFO - Epoch 206/500 [  44.7s] | D: 1.9986 | G: 0.3981 | d_real: 1.733 | d_fake: 1.482 | gap: +0.251 | ent: 2.869 | ngram: 0.0110 | len_pen: 0.0008 | stab: 0.0031 | Val | D: 1.9959 | G: 0.3922 | gap: +0.245
2026-02-26 21:38:19,167 - peptidegen.training.trainer - INFO - No improvement for 18/30 epochs. Best: 0.3917
2026-02-26 21:38:19,168 - peptidegen.training.trainer - INFO - Epoch 207 Training with 15 batches (accum_steps=1)...
2026-02-26 21:39:03,882 - peptidegen.training.trainer - INFO - Epoch 207/500 [  44.7s] | D: 1.9993 | G: 0.3976 | d_real: 1.730 | d_fake: 1.483 | gap: +0.247 | ent: 2.871 | ngram: 0.0108 | len_pen: 0.0005 | stab: 0.0025 | Val | D: 1.9990 | G: 0.3931 | gap: +0.242
2026-02-26 21:39:03,882 - peptidegen.training.trainer - INFO - No improvement for 19/30 epochs. Best: 0.3917
2026-02-26 21:39:03,883 - peptidegen.training.trainer - INFO - Epoch 208 Training with 15 batches (accum_steps=1)...
2026-02-26 21:39:48,602 - peptidegen.training.trainer - INFO - Epoch 208/500 [  44.7s] | D: 1.9982 | G: 0.3971 | d_real: 1.729 | d_fake: 1.481 | gap: +0.248 | ent: 2.872 | ngram: 0.0106 | len_pen: 0.0004 | stab: 0.0018 | Val | D: 1.9951 | G: 0.3925 | gap: +0.245
2026-02-26 21:39:48,602 - peptidegen.training.trainer - INFO - No improvement for 20/30 epochs. Best: 0.3917
2026-02-26 21:39:48,603 - peptidegen.training.trainer - INFO - Epoch 209 Training with 15 batches (accum_steps=1)...
2026-02-26 21:40:33,020 - peptidegen.training.trainer - INFO - Epoch 209/500 [  44.4s] | D: 1.9987 | G: 0.3974 | d_real: 1.733 | d_fake: 1.482 | gap: +0.251 | ent: 2.872 | ngram: 0.0106 | len_pen: 0.0004 | stab: 0.0016 | Val | D: 1.9970 | G: 0.3922 | gap: +0.244
2026-02-26 21:40:33,020 - peptidegen.training.trainer - INFO - No improvement for 21/30 epochs. Best: 0.3917
2026-02-26 21:40:33,021 - peptidegen.training.trainer - INFO - Epoch 210 Training with 15 batches (accum_steps=1)...
2026-02-26 21:41:17,419 - peptidegen.training.trainer - INFO - Epoch 210/500 [  44.4s] | D: 1.9993 | G: 0.3970 | d_real: 1.731 | d_fake: 1.483 | gap: +0.248 | ent: 2.875 | ngram: 0.0103 | len_pen: 0.0008 | stab: 0.0016 | Val | D: 1.9966 | G: 0.3925 | gap: +0.250
2026-02-26 21:41:17,420 - peptidegen.training.trainer - INFO - No improvement for 22/30 epochs. Best: 0.3917
2026-02-26 21:41:17,956 - peptidegen.training.trainer - INFO - Saved: checkpoints/epoch_210.pt
2026-02-26 21:41:17,957 - peptidegen.training.trainer - INFO - Epoch 211 Training with 15 batches (accum_steps=1)...
2026-02-26 21:42:02,724 - peptidegen.training.trainer - INFO - Epoch 211/500 [  44.8s] | D: 1.9989 | G: 0.3990 | d_real: 1.731 | d_fake: 1.482 | gap: +0.249 | ent: 2.871 | ngram: 0.0110 | len_pen: 0.0022 | stab: 0.0035 | Val | D: 2.0014 | G: 0.3927 | gap: +0.244
2026-02-26 21:42:02,725 - peptidegen.training.trainer - INFO - No improvement for 23/30 epochs. Best: 0.3917
2026-02-26 21:42:02,725 - peptidegen.training.trainer - INFO - Epoch 212 Training with 15 batches (accum_steps=1)...
2026-02-26 21:42:47,073 - peptidegen.training.trainer - INFO - Epoch 212/500 [  44.3s] | D: 1.9984 | G: 0.3984 | d_real: 1.730 | d_fake: 1.482 | gap: +0.248 | ent: 2.871 | ngram: 0.0109 | len_pen: 0.0012 | stab: 0.0030 | Val | D: 1.9981 | G: 0.3918 | gap: +0.248
2026-02-26 21:42:47,073 - peptidegen.training.trainer - INFO - No improvement for 24/30 epochs. Best: 0.3917
2026-02-26 21:42:47,074 - peptidegen.training.trainer - INFO - Epoch 213 Training with 15 batches (accum_steps=1)...
2026-02-26 21:43:31,471 - peptidegen.training.trainer - INFO - Epoch 213/500 [  44.4s] | D: 1.9986 | G: 0.3980 | d_real: 1.733 | d_fake: 1.482 | gap: +0.251 | ent: 2.873 | ngram: 0.0105 | len_pen: 0.0010 | stab: 0.0033 | Val | D: 1.9978 | G: 0.3929 | gap: +0.251
2026-02-26 21:43:31,471 - peptidegen.training.trainer - INFO - No improvement for 25/30 epochs. Best: 0.3917
2026-02-26 21:43:31,472 - peptidegen.training.trainer - INFO - Epoch 214 Training with 15 batches (accum_steps=1)...
2026-02-26 21:44:15,679 - peptidegen.training.trainer - INFO - Epoch 214/500 [  44.2s] | D: 1.9991 | G: 0.3976 | d_real: 1.733 | d_fake: 1.482 | gap: +0.251 | ent: 2.873 | ngram: 0.0104 | len_pen: 0.0008 | stab: 0.0038 | Val | D: 1.9976 | G: 0.3952 | gap: +0.257
2026-02-26 21:44:15,680 - peptidegen.training.trainer - INFO - No improvement for 26/30 epochs. Best: 0.3917
2026-02-26 21:44:15,680 - peptidegen.training.trainer - INFO - Epoch 215 Training with 15 batches (accum_steps=1)...
2026-02-26 21:45:00,304 - peptidegen.training.trainer - INFO - Epoch 215/500 [  44.6s] | D: 1.9980 | G: 0.3976 | d_real: 1.735 | d_fake: 1.481 | gap: +0.254 | ent: 2.875 | ngram: 0.0104 | len_pen: 0.0011 | stab: 0.0016 | Val | D: 2.0019 | G: 0.3918 | gap: +0.256
2026-02-26 21:45:00,304 - peptidegen.training.trainer - INFO - No improvement for 27/30 epochs. Best: 0.3917
2026-02-26 21:45:00,305 - peptidegen.training.trainer - INFO - Epoch 216 Training with 15 batches (accum_steps=1)...
2026-02-26 21:45:44,943 - peptidegen.training.trainer - INFO - Epoch 216/500 [  44.6s] | D: 1.9988 | G: 0.3976 | d_real: 1.730 | d_fake: 1.482 | gap: +0.248 | ent: 2.874 | ngram: 0.0108 | len_pen: 0.0010 | stab: 0.0018 | Val | D: 1.9991 | G: 0.3937 | gap: +0.242
2026-02-26 21:45:44,943 - peptidegen.training.trainer - INFO - No improvement for 28/30 epochs. Best: 0.3917
2026-02-26 21:45:44,944 - peptidegen.training.trainer - INFO - Epoch 217 Training with 15 batches (accum_steps=1)...
2026-02-26 21:46:29,481 - peptidegen.training.trainer - INFO - Epoch 217/500 [  44.5s] | D: 1.9998 | G: 0.3979 | d_real: 1.731 | d_fake: 1.483 | gap: +0.248 | ent: 2.873 | ngram: 0.0107 | len_pen: 0.0007 | stab: 0.0043 | Val | D: 1.9987 | G: 0.3926 | gap: +0.246
2026-02-26 21:46:29,482 - peptidegen.training.trainer - INFO - No improvement for 29/30 epochs. Best: 0.3917
2026-02-26 21:46:29,482 - peptidegen.training.trainer - INFO - Epoch 218 Training with 15 batches (accum_steps=1)...
2026-02-26 21:47:13,719 - peptidegen.training.trainer - INFO - Epoch 218/500 [  44.2s] | D: 1.9987 | G: 0.3976 | d_real: 1.726 | d_fake: 1.482 | gap: +0.244 | ent: 2.876 | ngram: 0.0104 | len_pen: 0.0021 | stab: 0.0019 | Val | D: 1.9993 | G: 0.3932 | gap: +0.247
2026-02-26 21:47:13,719 - peptidegen.training.trainer - INFO - Early stopping triggered at epoch 218
2026-02-26 21:47:14,250 - peptidegen.training.trainer - INFO - Saved: checkpoints/final_model.pt
2026-02-26 21:47:14,316 - peptidegen.training.trainer - INFO - Saved history to checkpoints/history.json
2026-02-26 21:47:14,316 - peptidegen.training.trainer - INFO - Training complete!
2026-02-26 21:47:14,317 - __main__ - INFO - Peak GPU memory: 9.95 GB
2026-02-26 21:47:14,317 - __main__ - INFO - Training complete!
