nohup: ignoring input
2026-02-27 01:01:01,578 - __main__ - INFO - Device: cuda
2026-02-27 01:01:01,600 - __main__ - INFO - GPU: Quadro RTX 6000 (23.5 GB)
Loaded 129121 sequences from dataset/train.csv
Available features: ['instability_index', 'therapeutic_score', 'hemolytic_score', 'aliphatic_index', 'hydrophobic_moment', 'gravy', 'charge_at_pH7', 'aromaticity']
Conditional dataset: 129121 sequences
  Features: ['instability_index', 'therapeutic_score', 'hemolytic_score', 'aliphatic_index', 'hydrophobic_moment', 'gravy', 'charge_at_pH7', 'aromaticity']
  Feature dim: 8
Loaded 27669 sequences from dataset/val.csv
Available features: ['instability_index', 'therapeutic_score', 'hemolytic_score', 'aliphatic_index', 'hydrophobic_moment', 'gravy', 'charge_at_pH7', 'aromaticity']
Conditional dataset: 27669 sequences
  Features: ['instability_index', 'therapeutic_score', 'hemolytic_score', 'aliphatic_index', 'hydrophobic_moment', 'gravy', 'charge_at_pH7', 'aromaticity']
  Feature dim: 8
2026-02-27 01:01:08,812 - __main__ - INFO - Train: 129121, Val: 27669
2026-02-27 01:01:08,812 - __main__ - INFO - Batch size: 8192, Num workers: 8
2026-02-27 01:01:08,812 - __main__ - INFO - Condition dim: 8
2026-02-27 01:01:09,127 - __main__ - INFO - Using saved model_config from checkpoint: {'vocab_size': 24, 'embedding_dim': 64, 'hidden_dim': 256, 'latent_dim': 128, 'max_length': 50, 'num_layers': 2, 'dropout': 0.2, 'condition_dim': 8, 'bidirectional': True, 'use_attention': True, 'pad_idx': 0, 'sos_idx': 1, 'eos_idx': 2}
2026-02-27 01:01:09,127 - __main__ - INFO - Resume model: bidirectional=True, hidden_dim=256, latent_dim=128, num_layers=2, condition_dim=8
2026-02-27 01:01:09,232 - __main__ - INFO - Generator: 2,392,344 params
2026-02-27 01:01:09,232 - __main__ - INFO - Discriminator: 285,122 params
2026-02-27 01:01:09,232 - __main__ - INFO - Total: 2,677,466 params
2026-02-27 01:01:12,342 - peptidegen.training.trainer - INFO - Skipping optimizer/scaler state (--fresh-optimizer): using fresh optimizers and AMP scaler
2026-02-27 01:01:12,342 - peptidegen.training.trainer - INFO - Loaded model from epoch 299
2026-02-27 01:01:12,342 - __main__ - INFO - Fresh optimizer mode: optimizer and AMP scaler re-initialized
2026-02-27 01:01:12,342 - __main__ - INFO - Resumed from epoch 300
2026-02-27 01:01:12,342 - __main__ - INFO - ============================================================
2026-02-27 01:01:12,342 - __main__ - INFO - Training for 500 epochs (starting from 300)
2026-02-27 01:01:12,342 - __main__ - INFO - Batch size: 8192, Accumulation steps: 1
2026-02-27 01:01:12,342 - __main__ - INFO - Effective batch: 8192
2026-02-27 01:01:12,342 - __main__ - INFO - Config: g_steps=10, d_steps=1
2026-02-27 01:01:12,342 - __main__ - INFO - Weights: diversity=0.8, adv=0.7
2026-02-27 01:01:12,343 - __main__ - INFO - ============================================================
2026-02-27 01:01:12,343 - peptidegen.training.trainer - INFO - Training on cuda for 500 epochs
2026-02-27 01:01:12,343 - peptidegen.training.trainer - INFO - G steps: 10, D steps: 1
2026-02-27 01:01:12,343 - peptidegen.training.trainer - INFO - Gradient accumulation steps: 1
2026-02-27 01:01:12,343 - peptidegen.training.trainer - INFO - Diversity weight: 0.8, Adversarial weight: 0.7
2026-02-27 01:01:12,343 - peptidegen.training.trainer - INFO - Early stopping: patience=50, metric=val_g_loss
2026-02-27 01:01:12,343 - peptidegen.training.trainer - INFO - Epoch 301 Training with 15 batches (accum_steps=1)...
2026-02-27 01:02:08,111 - peptidegen.training.trainer - INFO - Epoch 301/500 [  55.8s] | D: 2.0590 | G: 0.3160 | d_real: 1.820 | d_fake: 1.562 | gap: +0.258 | ent: 2.878 | ngram: 0.0082 | len_pen: 0.0001 | stab: 0.0008 | Val | D: 2.1249 | G: 0.3015 | gap: +0.270
2026-02-27 01:02:08,112 - peptidegen.training.trainer - INFO - ⭐ Improved val_g_loss: 0.3015
2026-02-27 01:02:08,643 - peptidegen.training.trainer - INFO - Saved: checkpoints/best_model.pt
2026-02-27 01:02:08,643 - peptidegen.training.trainer - INFO - ✓ Saved best model: val_g_loss=0.3917 → 0.3015
2026-02-27 01:02:08,644 - peptidegen.training.trainer - INFO - Epoch 302 Training with 15 batches (accum_steps=1)...
2026-02-27 01:03:02,324 - peptidegen.training.trainer - INFO - Epoch 302/500 [  53.7s] | D: 2.2059 | G: 0.2956 | d_real: 2.029 | d_fake: 1.748 | gap: +0.281 | ent: 2.868 | ngram: 0.0086 | len_pen: 0.0001 | stab: 0.0007 | Val | D: 2.2841 | G: 0.2815 | gap: +0.285
2026-02-27 01:03:02,325 - peptidegen.training.trainer - INFO - ⭐ Improved val_g_loss: 0.2815
2026-02-27 01:03:03,544 - peptidegen.training.trainer - INFO - Saved: checkpoints/best_model.pt
2026-02-27 01:03:03,545 - peptidegen.training.trainer - INFO - ✓ Saved best model: val_g_loss=0.3015 → 0.2815
2026-02-27 01:03:03,545 - peptidegen.training.trainer - INFO - Epoch 303 Training with 15 batches (accum_steps=1)...
2026-02-27 01:03:56,928 - peptidegen.training.trainer - INFO - Epoch 303/500 [  53.4s] | D: 2.3318 | G: 0.2811 | d_real: 2.173 | d_fake: 1.901 | gap: +0.272 | ent: 2.861 | ngram: 0.0088 | len_pen: 0.0001 | stab: 0.0008 | Val | D: 2.3582 | G: 0.2734 | gap: +0.246
2026-02-27 01:03:56,929 - peptidegen.training.trainer - INFO - ⭐ Improved val_g_loss: 0.2734
2026-02-27 01:03:57,450 - peptidegen.training.trainer - INFO - Saved: checkpoints/best_model.pt
2026-02-27 01:03:57,450 - peptidegen.training.trainer - INFO - ✓ Saved best model: val_g_loss=0.2815 → 0.2734
2026-02-27 01:03:57,451 - peptidegen.training.trainer - INFO - Epoch 304 Training with 15 batches (accum_steps=1)...
2026-02-27 01:04:51,045 - peptidegen.training.trainer - INFO - Epoch 304/500 [  53.6s] | D: 2.3725 | G: 0.2768 | d_real: 2.169 | d_fake: 1.952 | gap: +0.217 | ent: 2.856 | ngram: 0.0090 | len_pen: 0.0001 | stab: 0.0007 | Val | D: 2.3749 | G: 0.2717 | gap: +0.179
2026-02-27 01:04:51,046 - peptidegen.training.trainer - INFO - ⭐ Improved val_g_loss: 0.2717
2026-02-27 01:04:51,580 - peptidegen.training.trainer - INFO - Saved: checkpoints/best_model.pt
2026-02-27 01:04:51,580 - peptidegen.training.trainer - INFO - ✓ Saved best model: val_g_loss=0.2734 → 0.2717
2026-02-27 01:04:51,581 - peptidegen.training.trainer - INFO - Epoch 305 Training with 15 batches (accum_steps=1)...
2026-02-27 01:05:45,246 - peptidegen.training.trainer - INFO - Epoch 305/500 [  53.7s] | D: 2.3822 | G: 0.2759 | d_real: 2.116 | d_fake: 1.967 | gap: +0.149 | ent: 2.852 | ngram: 0.0092 | len_pen: 0.0001 | stab: 0.0007 | Val | D: 2.3813 | G: 0.2709 | gap: +0.114
2026-02-27 01:05:45,246 - peptidegen.training.trainer - INFO - ⭐ Improved val_g_loss: 0.2709
2026-02-27 01:05:45,769 - peptidegen.training.trainer - INFO - Saved: checkpoints/best_model.pt
2026-02-27 01:05:45,769 - peptidegen.training.trainer - INFO - ✓ Saved best model: val_g_loss=0.2717 → 0.2709
2026-02-27 01:05:45,769 - peptidegen.training.trainer - INFO - Epoch 306 Training with 15 batches (accum_steps=1)...
2026-02-27 01:06:39,446 - peptidegen.training.trainer - INFO - Epoch 306/500 [  53.7s] | D: 2.3876 | G: 0.2752 | d_real: 2.061 | d_fake: 1.976 | gap: +0.084 | ent: 2.849 | ngram: 0.0092 | len_pen: 0.0001 | stab: 0.0006 | Val | D: 2.3850 | G: 0.2705 | gap: +0.052
2026-02-27 01:06:39,447 - peptidegen.training.trainer - INFO - ⭐ Improved val_g_loss: 0.2705
2026-02-27 01:06:39,973 - peptidegen.training.trainer - INFO - Saved: checkpoints/best_model.pt
2026-02-27 01:06:39,973 - peptidegen.training.trainer - INFO - ✓ Saved best model: val_g_loss=0.2709 → 0.2705
2026-02-27 01:06:39,974 - peptidegen.training.trainer - INFO - Epoch 307 Training with 15 batches (accum_steps=1)...
2026-02-27 01:07:33,962 - peptidegen.training.trainer - INFO - Epoch 307/500 [  54.0s] | D: 2.3921 | G: 0.2747 | d_real: 2.010 | d_fake: 1.984 | gap: +0.026 | ent: 2.847 | ngram: 0.0093 | len_pen: 0.0001 | stab: 0.0007 | Val | D: 2.3900 | G: 0.2701 | gap: -0.004
2026-02-27 01:07:33,962 - peptidegen.training.trainer - INFO - ⭐ Improved val_g_loss: 0.2701
2026-02-27 01:07:34,500 - peptidegen.training.trainer - INFO - Saved: checkpoints/best_model.pt
2026-02-27 01:07:34,500 - peptidegen.training.trainer - INFO - ✓ Saved best model: val_g_loss=0.2705 → 0.2701
2026-02-27 01:07:34,501 - peptidegen.training.trainer - INFO - Epoch 308 Training with 15 batches (accum_steps=1)...
2026-02-27 01:08:28,631 - peptidegen.training.trainer - INFO - Epoch 308/500 [  54.1s] | D: 2.3955 | G: 0.2744 | d_real: 1.963 | d_fake: 1.990 | gap: -0.027 | ent: 2.845 | ngram: 0.0093 | len_pen: 0.0001 | stab: 0.0005 | Val | D: 2.3934 | G: 0.2696 | gap: -0.052
2026-02-27 01:08:28,631 - peptidegen.training.trainer - INFO - ⭐ Improved val_g_loss: 0.2696
2026-02-27 01:08:29,171 - peptidegen.training.trainer - INFO - Saved: checkpoints/best_model.pt
2026-02-27 01:08:29,171 - peptidegen.training.trainer - INFO - ✓ Saved best model: val_g_loss=0.2701 → 0.2696
2026-02-27 01:08:29,172 - peptidegen.training.trainer - INFO - Epoch 309 Training with 15 batches (accum_steps=1)...
2026-02-27 01:09:23,042 - peptidegen.training.trainer - INFO - Epoch 309/500 [  53.9s] | D: 2.4016 | G: 0.2737 | d_real: 1.926 | d_fake: 1.999 | gap: -0.073 | ent: 2.843 | ngram: 0.0093 | len_pen: 0.0001 | stab: 0.0006 | Val | D: 2.3990 | G: 0.2690 | gap: -0.097
2026-02-27 01:09:23,042 - peptidegen.training.trainer - INFO - ⭐ Improved val_g_loss: 0.2690
2026-02-27 01:09:23,556 - peptidegen.training.trainer - INFO - Saved: checkpoints/best_model.pt
2026-02-27 01:09:23,557 - peptidegen.training.trainer - INFO - ✓ Saved best model: val_g_loss=0.2696 → 0.2690
2026-02-27 01:09:23,557 - peptidegen.training.trainer - INFO - Epoch 310 Training with 15 batches (accum_steps=1)...
2026-02-27 01:10:17,834 - peptidegen.training.trainer - INFO - Epoch 310/500 [  54.3s] | D: 2.4062 | G: 0.2733 | d_real: 1.889 | d_fake: 2.006 | gap: -0.116 | ent: 2.842 | ngram: 0.0093 | len_pen: 0.0001 | stab: 0.0007 | Val | D: 2.4036 | G: 0.2686 | gap: -0.136
2026-02-27 01:10:17,835 - peptidegen.training.trainer - INFO - ⭐ Improved val_g_loss: 0.2686
2026-02-27 01:10:18,403 - peptidegen.training.trainer - INFO - Saved: checkpoints/epoch_310.pt
2026-02-27 01:10:18,944 - peptidegen.training.trainer - INFO - Saved: checkpoints/best_model.pt
2026-02-27 01:10:18,944 - peptidegen.training.trainer - INFO - ✓ Saved best model: val_g_loss=0.2690 → 0.2686
2026-02-27 01:10:18,945 - peptidegen.training.trainer - INFO - Epoch 311 Training with 15 batches (accum_steps=1)...
2026-02-27 01:11:13,210 - peptidegen.training.trainer - INFO - Epoch 311/500 [  54.3s] | D: 2.4101 | G: 0.2730 | d_real: 1.859 | d_fake: 2.011 | gap: -0.152 | ent: 2.840 | ngram: 0.0093 | len_pen: 0.0001 | stab: 0.0007 | Val | D: 2.4063 | G: 0.2684 | gap: -0.169
2026-02-27 01:11:13,210 - peptidegen.training.trainer - INFO - ⭐ Improved val_g_loss: 0.2684
2026-02-27 01:11:13,739 - peptidegen.training.trainer - INFO - Saved: checkpoints/best_model.pt
2026-02-27 01:11:13,739 - peptidegen.training.trainer - INFO - ✓ Saved best model: val_g_loss=0.2686 → 0.2684
2026-02-27 01:11:13,740 - peptidegen.training.trainer - INFO - Epoch 312 Training with 15 batches (accum_steps=1)...
2026-02-27 01:12:08,023 - peptidegen.training.trainer - INFO - Epoch 312/500 [  54.3s] | D: 2.4115 | G: 0.2728 | d_real: 1.834 | d_fake: 2.013 | gap: -0.179 | ent: 2.839 | ngram: 0.0092 | len_pen: 0.0001 | stab: 0.0007 | Val | D: 2.4103 | G: 0.2681 | gap: -0.193
2026-02-27 01:12:08,023 - peptidegen.training.trainer - INFO - ⭐ Improved val_g_loss: 0.2681
2026-02-27 01:12:08,549 - peptidegen.training.trainer - INFO - Saved: checkpoints/best_model.pt
2026-02-27 01:12:08,550 - peptidegen.training.trainer - INFO - ✓ Saved best model: val_g_loss=0.2684 → 0.2681
2026-02-27 01:12:08,550 - peptidegen.training.trainer - INFO - Epoch 313 Training with 15 batches (accum_steps=1)...
2026-02-27 01:13:02,829 - peptidegen.training.trainer - INFO - Epoch 313/500 [  54.3s] | D: 2.4158 | G: 0.2724 | d_real: 1.815 | d_fake: 2.019 | gap: -0.204 | ent: 2.839 | ngram: 0.0092 | len_pen: 0.0001 | stab: 0.0006 | Val | D: 2.4122 | G: 0.2679 | gap: -0.217
2026-02-27 01:13:02,829 - peptidegen.training.trainer - INFO - ⭐ Improved val_g_loss: 0.2679
2026-02-27 01:13:03,343 - peptidegen.training.trainer - INFO - Saved: checkpoints/best_model.pt
2026-02-27 01:13:03,343 - peptidegen.training.trainer - INFO - ✓ Saved best model: val_g_loss=0.2681 → 0.2679
2026-02-27 01:13:03,344 - peptidegen.training.trainer - INFO - Epoch 314 Training with 15 batches (accum_steps=1)...
2026-02-27 01:13:57,323 - peptidegen.training.trainer - INFO - Epoch 314/500 [  54.0s] | D: 2.4184 | G: 0.2722 | d_real: 1.796 | d_fake: 2.022 | gap: -0.226 | ent: 2.838 | ngram: 0.0092 | len_pen: 0.0001 | stab: 0.0006 | Val | D: 2.4144 | G: 0.2678 | gap: -0.236
2026-02-27 01:13:57,324 - peptidegen.training.trainer - INFO - ⭐ Improved val_g_loss: 0.2678
2026-02-27 01:13:57,836 - peptidegen.training.trainer - INFO - Saved: checkpoints/best_model.pt
2026-02-27 01:13:57,837 - peptidegen.training.trainer - INFO - ✓ Saved best model: val_g_loss=0.2679 → 0.2678
2026-02-27 01:13:57,837 - peptidegen.training.trainer - INFO - Epoch 315 Training with 15 batches (accum_steps=1)...
2026-02-27 01:14:51,997 - peptidegen.training.trainer - INFO - Epoch 315/500 [  54.2s] | D: 2.4203 | G: 0.2720 | d_real: 1.782 | d_fake: 2.025 | gap: -0.243 | ent: 2.837 | ngram: 0.0092 | len_pen: 0.0001 | stab: 0.0005 | Val | D: 2.4164 | G: 0.2675 | gap: -0.250
2026-02-27 01:14:51,998 - peptidegen.training.trainer - INFO - ⭐ Improved val_g_loss: 0.2675
2026-02-27 01:14:52,513 - peptidegen.training.trainer - INFO - Saved: checkpoints/best_model.pt
2026-02-27 01:14:52,514 - peptidegen.training.trainer - INFO - ✓ Saved best model: val_g_loss=0.2678 → 0.2675
2026-02-27 01:14:52,514 - peptidegen.training.trainer - INFO - Epoch 316 Training with 15 batches (accum_steps=1)...
2026-02-27 01:15:47,147 - peptidegen.training.trainer - INFO - Epoch 316/500 [  54.6s] | D: 2.4222 | G: 0.2719 | d_real: 1.771 | d_fake: 2.027 | gap: -0.256 | ent: 2.836 | ngram: 0.0092 | len_pen: 0.0001 | stab: 0.0006 | Val | D: 2.4184 | G: 0.2674 | gap: -0.262
2026-02-27 01:15:47,147 - peptidegen.training.trainer - INFO - ⭐ Improved val_g_loss: 0.2674
2026-02-27 01:15:47,667 - peptidegen.training.trainer - INFO - Saved: checkpoints/best_model.pt
2026-02-27 01:15:47,667 - peptidegen.training.trainer - INFO - ✓ Saved best model: val_g_loss=0.2675 → 0.2674
2026-02-27 01:15:47,668 - peptidegen.training.trainer - INFO - Epoch 317 Training with 15 batches (accum_steps=1)...
2026-02-27 01:16:42,090 - peptidegen.training.trainer - INFO - Epoch 317/500 [  54.4s] | D: 2.4233 | G: 0.2719 | d_real: 1.763 | d_fake: 2.029 | gap: -0.266 | ent: 2.836 | ngram: 0.0092 | len_pen: 0.0001 | stab: 0.0006 | Val | D: 2.4189 | G: 0.2674 | gap: -0.270
2026-02-27 01:16:42,090 - peptidegen.training.trainer - INFO - ⭐ Improved val_g_loss: 0.2674
2026-02-27 01:16:42,628 - peptidegen.training.trainer - INFO - Saved: checkpoints/best_model.pt
2026-02-27 01:16:42,628 - peptidegen.training.trainer - INFO - ✓ Saved best model: val_g_loss=0.2674 → 0.2674
2026-02-27 01:16:42,629 - peptidegen.training.trainer - INFO - Epoch 318 Training with 15 batches (accum_steps=1)...
2026-02-27 01:17:36,696 - peptidegen.training.trainer - INFO - Epoch 318/500 [  54.1s] | D: 2.4243 | G: 0.2717 | d_real: 1.757 | d_fake: 2.030 | gap: -0.273 | ent: 2.835 | ngram: 0.0091 | len_pen: 0.0001 | stab: 0.0006 | Val | D: 2.4200 | G: 0.2673 | gap: -0.277
2026-02-27 01:17:36,697 - peptidegen.training.trainer - INFO - ⭐ Improved val_g_loss: 0.2673
2026-02-27 01:17:37,221 - peptidegen.training.trainer - INFO - Saved: checkpoints/best_model.pt
2026-02-27 01:17:37,222 - peptidegen.training.trainer - INFO - ✓ Saved best model: val_g_loss=0.2674 → 0.2673
2026-02-27 01:17:37,222 - peptidegen.training.trainer - INFO - Epoch 319 Training with 15 batches (accum_steps=1)...
2026-02-27 01:18:31,323 - peptidegen.training.trainer - INFO - Epoch 319/500 [  54.1s] | D: 2.4249 | G: 0.2717 | d_real: 1.752 | d_fake: 2.030 | gap: -0.278 | ent: 2.835 | ngram: 0.0091 | len_pen: 0.0001 | stab: 0.0006 | Val | D: 2.4204 | G: 0.2674 | gap: -0.282
2026-02-27 01:18:31,323 - peptidegen.training.trainer - INFO - No improvement for 1/50 epochs. Best: 0.2673
2026-02-27 01:18:31,323 - peptidegen.training.trainer - INFO - Epoch 320 Training with 15 batches (accum_steps=1)...
2026-02-27 01:19:25,370 - peptidegen.training.trainer - INFO - Epoch 320/500 [  54.0s] | D: 2.4255 | G: 0.2718 | d_real: 1.750 | d_fake: 2.031 | gap: -0.282 | ent: 2.834 | ngram: 0.0092 | len_pen: 0.0001 | stab: 0.0006 | Val | D: 2.4204 | G: 0.2676 | gap: -0.284
2026-02-27 01:19:25,371 - peptidegen.training.trainer - INFO - No improvement for 2/50 epochs. Best: 0.2673
2026-02-27 01:19:25,942 - peptidegen.training.trainer - INFO - Saved: checkpoints/epoch_320.pt
2026-02-27 01:19:25,942 - peptidegen.training.trainer - INFO - Epoch 321 Training with 15 batches (accum_steps=1)...
2026-02-27 01:20:20,254 - peptidegen.training.trainer - INFO - Epoch 321/500 [  54.3s] | D: 2.4256 | G: 0.2718 | d_real: 1.748 | d_fake: 2.031 | gap: -0.284 | ent: 2.834 | ngram: 0.0092 | len_pen: 0.0001 | stab: 0.0007 | Val | D: 2.4212 | G: 0.2675 | gap: -0.285
2026-02-27 01:20:20,254 - peptidegen.training.trainer - INFO - No improvement for 3/50 epochs. Best: 0.2673
2026-02-27 01:20:20,255 - peptidegen.training.trainer - INFO - Epoch 322 Training with 15 batches (accum_steps=1)...
2026-02-27 01:21:14,620 - peptidegen.training.trainer - INFO - Epoch 322/500 [  54.4s] | D: 2.4258 | G: 0.2718 | d_real: 1.747 | d_fake: 2.031 | gap: -0.285 | ent: 2.833 | ngram: 0.0091 | len_pen: 0.0001 | stab: 0.0005 | Val | D: 2.4209 | G: 0.2674 | gap: -0.285
2026-02-27 01:21:14,620 - peptidegen.training.trainer - INFO - No improvement for 4/50 epochs. Best: 0.2673
2026-02-27 01:21:14,621 - peptidegen.training.trainer - INFO - Epoch 323 Training with 15 batches (accum_steps=1)...
2026-02-27 01:22:08,653 - peptidegen.training.trainer - INFO - Epoch 323/500 [  54.0s] | D: 2.4259 | G: 0.2718 | d_real: 1.745 | d_fake: 2.032 | gap: -0.287 | ent: 2.833 | ngram: 0.0091 | len_pen: 0.0001 | stab: 0.0006 | Val | D: 2.4217 | G: 0.2674 | gap: -0.287
2026-02-27 01:22:08,653 - peptidegen.training.trainer - INFO - No improvement for 5/50 epochs. Best: 0.2673
2026-02-27 01:22:08,653 - peptidegen.training.trainer - INFO - Epoch 324 Training with 15 batches (accum_steps=1)...
2026-02-27 01:23:02,733 - peptidegen.training.trainer - INFO - Epoch 324/500 [  54.1s] | D: 2.4262 | G: 0.2719 | d_real: 1.746 | d_fake: 2.032 | gap: -0.287 | ent: 2.833 | ngram: 0.0092 | len_pen: 0.0001 | stab: 0.0006 | Val | D: 2.4212 | G: 0.2674 | gap: -0.287
2026-02-27 01:23:02,733 - peptidegen.training.trainer - INFO - No improvement for 6/50 epochs. Best: 0.2673
2026-02-27 01:23:02,734 - peptidegen.training.trainer - INFO - Epoch 325 Training with 15 batches (accum_steps=1)...
2026-02-27 01:23:57,085 - peptidegen.training.trainer - INFO - Epoch 325/500 [  54.4s] | D: 2.4260 | G: 0.2719 | d_real: 1.745 | d_fake: 2.031 | gap: -0.286 | ent: 2.833 | ngram: 0.0092 | len_pen: 0.0001 | stab: 0.0006 | Val | D: 2.4221 | G: 0.2673 | gap: -0.287
2026-02-27 01:23:57,086 - peptidegen.training.trainer - INFO - No improvement for 7/50 epochs. Best: 0.2673
2026-02-27 01:23:57,086 - peptidegen.training.trainer - INFO - Epoch 326 Training with 15 batches (accum_steps=1)...
2026-02-27 01:24:51,533 - peptidegen.training.trainer - INFO - Epoch 326/500 [  54.4s] | D: 2.4259 | G: 0.2719 | d_real: 1.745 | d_fake: 2.032 | gap: -0.287 | ent: 2.833 | ngram: 0.0092 | len_pen: 0.0001 | stab: 0.0006 | Val | D: 2.4212 | G: 0.2677 | gap: -0.289
2026-02-27 01:24:51,534 - peptidegen.training.trainer - INFO - No improvement for 8/50 epochs. Best: 0.2673
2026-02-27 01:24:51,534 - peptidegen.training.trainer - INFO - Epoch 327 Training with 15 batches (accum_steps=1)...
2026-02-27 01:25:45,895 - peptidegen.training.trainer - INFO - Epoch 327/500 [  54.4s] | D: 2.4263 | G: 0.2719 | d_real: 1.745 | d_fake: 2.032 | gap: -0.287 | ent: 2.833 | ngram: 0.0092 | len_pen: 0.0001 | stab: 0.0006 | Val | D: 2.4217 | G: 0.2674 | gap: -0.287
2026-02-27 01:25:45,895 - peptidegen.training.trainer - INFO - No improvement for 9/50 epochs. Best: 0.2673
2026-02-27 01:25:45,896 - peptidegen.training.trainer - INFO - Epoch 328 Training with 15 batches (accum_steps=1)...
2026-02-27 01:26:40,048 - peptidegen.training.trainer - INFO - Epoch 328/500 [  54.2s] | D: 2.4262 | G: 0.2719 | d_real: 1.745 | d_fake: 2.032 | gap: -0.287 | ent: 2.833 | ngram: 0.0091 | len_pen: 0.0001 | stab: 0.0006 | Val | D: 2.4209 | G: 0.2675 | gap: -0.287
2026-02-27 01:26:40,048 - peptidegen.training.trainer - INFO - No improvement for 10/50 epochs. Best: 0.2673
2026-02-27 01:26:40,049 - peptidegen.training.trainer - INFO - Epoch 329 Training with 15 batches (accum_steps=1)...
2026-02-27 01:27:34,118 - peptidegen.training.trainer - INFO - Epoch 329/500 [  54.1s] | D: 2.4262 | G: 0.2720 | d_real: 1.745 | d_fake: 2.032 | gap: -0.287 | ent: 2.832 | ngram: 0.0092 | len_pen: 0.0001 | stab: 0.0006 | Val | D: 2.4213 | G: 0.2675 | gap: -0.289
2026-02-27 01:27:34,118 - peptidegen.training.trainer - INFO - No improvement for 11/50 epochs. Best: 0.2673
2026-02-27 01:27:34,118 - peptidegen.training.trainer - INFO - Epoch 330 Training with 15 batches (accum_steps=1)...
2026-02-27 01:28:28,260 - peptidegen.training.trainer - INFO - Epoch 330/500 [  54.1s] | D: 2.4260 | G: 0.2720 | d_real: 1.745 | d_fake: 2.032 | gap: -0.287 | ent: 2.833 | ngram: 0.0092 | len_pen: 0.0001 | stab: 0.0006 | Val | D: 2.4212 | G: 0.2675 | gap: -0.287
2026-02-27 01:28:28,260 - peptidegen.training.trainer - INFO - No improvement for 12/50 epochs. Best: 0.2673
2026-02-27 01:28:28,770 - peptidegen.training.trainer - INFO - Saved: checkpoints/epoch_330.pt
2026-02-27 01:28:28,771 - peptidegen.training.trainer - INFO - Epoch 331 Training with 15 batches (accum_steps=1)...
2026-02-27 01:29:22,931 - peptidegen.training.trainer - INFO - Epoch 331/500 [  54.2s] | D: 2.4259 | G: 0.2720 | d_real: 1.744 | d_fake: 2.032 | gap: -0.287 | ent: 2.833 | ngram: 0.0092 | len_pen: 0.0001 | stab: 0.0006 | Val | D: 2.4206 | G: 0.2676 | gap: -0.287
2026-02-27 01:29:22,932 - peptidegen.training.trainer - INFO - No improvement for 13/50 epochs. Best: 0.2673
2026-02-27 01:29:22,932 - peptidegen.training.trainer - INFO - Epoch 332 Training with 15 batches (accum_steps=1)...
2026-02-27 01:30:17,227 - peptidegen.training.trainer - INFO - Epoch 332/500 [  54.3s] | D: 2.4259 | G: 0.2720 | d_real: 1.744 | d_fake: 2.032 | gap: -0.287 | ent: 2.832 | ngram: 0.0092 | len_pen: 0.0001 | stab: 0.0007 | Val | D: 2.4214 | G: 0.2676 | gap: -0.289
2026-02-27 01:30:17,227 - peptidegen.training.trainer - INFO - No improvement for 14/50 epochs. Best: 0.2673
2026-02-27 01:30:17,228 - peptidegen.training.trainer - INFO - Epoch 333 Training with 15 batches (accum_steps=1)...
2026-02-27 01:31:11,729 - peptidegen.training.trainer - INFO - Epoch 333/500 [  54.5s] | D: 2.4263 | G: 0.2720 | d_real: 1.744 | d_fake: 2.032 | gap: -0.288 | ent: 2.832 | ngram: 0.0092 | len_pen: 0.0001 | stab: 0.0006 | Val | D: 2.4208 | G: 0.2679 | gap: -0.287
2026-02-27 01:31:11,730 - peptidegen.training.trainer - INFO - No improvement for 15/50 epochs. Best: 0.2673
2026-02-27 01:31:11,730 - peptidegen.training.trainer - INFO - Epoch 334 Training with 15 batches (accum_steps=1)...
2026-02-27 01:32:06,288 - peptidegen.training.trainer - INFO - Epoch 334/500 [  54.6s] | D: 2.4264 | G: 0.2720 | d_real: 1.744 | d_fake: 2.032 | gap: -0.289 | ent: 2.832 | ngram: 0.0092 | len_pen: 0.0001 | stab: 0.0007 | Val | D: 2.4218 | G: 0.2677 | gap: -0.289
2026-02-27 01:32:06,289 - peptidegen.training.trainer - INFO - No improvement for 16/50 epochs. Best: 0.2673
2026-02-27 01:32:06,290 - peptidegen.training.trainer - INFO - Epoch 335 Training with 15 batches (accum_steps=1)...
2026-02-27 01:33:00,475 - peptidegen.training.trainer - INFO - Epoch 335/500 [  54.2s] | D: 2.4261 | G: 0.2720 | d_real: 1.744 | d_fake: 2.032 | gap: -0.288 | ent: 2.832 | ngram: 0.0091 | len_pen: 0.0001 | stab: 0.0005 | Val | D: 2.4215 | G: 0.2675 | gap: -0.290
2026-02-27 01:33:00,476 - peptidegen.training.trainer - INFO - No improvement for 17/50 epochs. Best: 0.2673
2026-02-27 01:33:00,477 - peptidegen.training.trainer - INFO - Epoch 336 Training with 15 batches (accum_steps=1)...
2026-02-27 01:33:54,758 - peptidegen.training.trainer - INFO - Epoch 336/500 [  54.3s] | D: 2.4262 | G: 0.2718 | d_real: 1.743 | d_fake: 2.032 | gap: -0.289 | ent: 2.833 | ngram: 0.0091 | len_pen: 0.0001 | stab: 0.0005 | Val | D: 2.4216 | G: 0.2675 | gap: -0.289
2026-02-27 01:33:54,759 - peptidegen.training.trainer - INFO - No improvement for 18/50 epochs. Best: 0.2673
2026-02-27 01:33:54,759 - peptidegen.training.trainer - INFO - Epoch 337 Training with 15 batches (accum_steps=1)...
2026-02-27 01:34:48,900 - peptidegen.training.trainer - INFO - Epoch 337/500 [  54.1s] | D: 2.4263 | G: 0.2718 | d_real: 1.743 | d_fake: 2.032 | gap: -0.289 | ent: 2.833 | ngram: 0.0090 | len_pen: 0.0001 | stab: 0.0005 | Val | D: 2.4215 | G: 0.2675 | gap: -0.289
2026-02-27 01:34:48,900 - peptidegen.training.trainer - INFO - No improvement for 19/50 epochs. Best: 0.2673
2026-02-27 01:34:48,901 - peptidegen.training.trainer - INFO - Epoch 338 Training with 15 batches (accum_steps=1)...
2026-02-27 01:35:43,244 - peptidegen.training.trainer - INFO - Epoch 338/500 [  54.3s] | D: 2.4263 | G: 0.2719 | d_real: 1.743 | d_fake: 2.032 | gap: -0.289 | ent: 2.833 | ngram: 0.0091 | len_pen: 0.0001 | stab: 0.0005 | Val | D: 2.4214 | G: 0.2675 | gap: -0.289
2026-02-27 01:35:43,245 - peptidegen.training.trainer - INFO - No improvement for 20/50 epochs. Best: 0.2673
2026-02-27 01:35:43,245 - peptidegen.training.trainer - INFO - Epoch 339 Training with 15 batches (accum_steps=1)...
2026-02-27 01:36:37,526 - peptidegen.training.trainer - INFO - Epoch 339/500 [  54.3s] | D: 2.4264 | G: 0.2718 | d_real: 1.744 | d_fake: 2.032 | gap: -0.288 | ent: 2.833 | ngram: 0.0090 | len_pen: 0.0001 | stab: 0.0005 | Val | D: 2.4213 | G: 0.2675 | gap: -0.289
2026-02-27 01:36:37,526 - peptidegen.training.trainer - INFO - No improvement for 21/50 epochs. Best: 0.2673
2026-02-27 01:36:37,527 - peptidegen.training.trainer - INFO - Epoch 340 Training with 15 batches (accum_steps=1)...
2026-02-27 01:37:32,266 - peptidegen.training.trainer - INFO - Epoch 340/500 [  54.7s] | D: 2.4259 | G: 0.2719 | d_real: 1.743 | d_fake: 2.032 | gap: -0.288 | ent: 2.833 | ngram: 0.0090 | len_pen: 0.0001 | stab: 0.0005 | Val | D: 2.4213 | G: 0.2676 | gap: -0.290
2026-02-27 01:37:32,266 - peptidegen.training.trainer - INFO - No improvement for 22/50 epochs. Best: 0.2673
2026-02-27 01:37:32,850 - peptidegen.training.trainer - INFO - Saved: checkpoints/epoch_340.pt
2026-02-27 01:37:32,850 - peptidegen.training.trainer - INFO - Epoch 341 Training with 15 batches (accum_steps=1)...
2026-02-27 01:38:27,059 - peptidegen.training.trainer - INFO - Epoch 341/500 [  54.2s] | D: 2.4260 | G: 0.2718 | d_real: 1.743 | d_fake: 2.032 | gap: -0.288 | ent: 2.833 | ngram: 0.0091 | len_pen: 0.0001 | stab: 0.0005 | Val | D: 2.4219 | G: 0.2675 | gap: -0.288
2026-02-27 01:38:27,060 - peptidegen.training.trainer - INFO - No improvement for 23/50 epochs. Best: 0.2673
2026-02-27 01:38:27,060 - peptidegen.training.trainer - INFO - Epoch 342 Training with 15 batches (accum_steps=1)...
2026-02-27 01:39:21,082 - peptidegen.training.trainer - INFO - Epoch 342/500 [  54.0s] | D: 2.4262 | G: 0.2719 | d_real: 1.743 | d_fake: 2.032 | gap: -0.289 | ent: 2.833 | ngram: 0.0090 | len_pen: 0.0001 | stab: 0.0005 | Val | D: 2.4214 | G: 0.2675 | gap: -0.290
2026-02-27 01:39:21,083 - peptidegen.training.trainer - INFO - No improvement for 24/50 epochs. Best: 0.2673
2026-02-27 01:39:21,083 - peptidegen.training.trainer - INFO - Epoch 343 Training with 15 batches (accum_steps=1)...
2026-02-27 01:40:15,470 - peptidegen.training.trainer - INFO - Epoch 343/500 [  54.4s] | D: 2.4262 | G: 0.2718 | d_real: 1.743 | d_fake: 2.032 | gap: -0.289 | ent: 2.832 | ngram: 0.0090 | len_pen: 0.0001 | stab: 0.0005 | Val | D: 2.4220 | G: 0.2674 | gap: -0.290
2026-02-27 01:40:15,470 - peptidegen.training.trainer - INFO - No improvement for 25/50 epochs. Best: 0.2673
2026-02-27 01:40:15,471 - peptidegen.training.trainer - INFO - Epoch 344 Training with 15 batches (accum_steps=1)...
2026-02-27 01:41:09,716 - peptidegen.training.trainer - INFO - Epoch 344/500 [  54.2s] | D: 2.4263 | G: 0.2718 | d_real: 1.744 | d_fake: 2.032 | gap: -0.288 | ent: 2.832 | ngram: 0.0091 | len_pen: 0.0001 | stab: 0.0005 | Val | D: 2.4217 | G: 0.2675 | gap: -0.289
2026-02-27 01:41:09,717 - peptidegen.training.trainer - INFO - No improvement for 26/50 epochs. Best: 0.2673
2026-02-27 01:41:09,717 - peptidegen.training.trainer - INFO - Epoch 345 Training with 15 batches (accum_steps=1)...
2026-02-27 01:42:03,920 - peptidegen.training.trainer - INFO - Epoch 345/500 [  54.2s] | D: 2.4262 | G: 0.2719 | d_real: 1.742 | d_fake: 2.032 | gap: -0.290 | ent: 2.833 | ngram: 0.0091 | len_pen: 0.0001 | stab: 0.0005 | Val | D: 2.4214 | G: 0.2676 | gap: -0.292
2026-02-27 01:42:03,920 - peptidegen.training.trainer - INFO - No improvement for 27/50 epochs. Best: 0.2673
2026-02-27 01:42:03,921 - peptidegen.training.trainer - INFO - Epoch 346 Training with 15 batches (accum_steps=1)...
2026-02-27 01:42:58,294 - peptidegen.training.trainer - INFO - Epoch 346/500 [  54.4s] | D: 2.4263 | G: 0.2718 | d_real: 1.742 | d_fake: 2.032 | gap: -0.290 | ent: 2.833 | ngram: 0.0091 | len_pen: 0.0001 | stab: 0.0004 | Val | D: 2.4219 | G: 0.2674 | gap: -0.290
2026-02-27 01:42:58,294 - peptidegen.training.trainer - INFO - No improvement for 28/50 epochs. Best: 0.2673
2026-02-27 01:42:58,294 - peptidegen.training.trainer - INFO - Epoch 347 Training with 15 batches (accum_steps=1)...
2026-02-27 01:43:53,118 - peptidegen.training.trainer - INFO - Epoch 347/500 [  54.8s] | D: 2.4263 | G: 0.2719 | d_real: 1.743 | d_fake: 2.032 | gap: -0.289 | ent: 2.833 | ngram: 0.0091 | len_pen: 0.0001 | stab: 0.0005 | Val | D: 2.4207 | G: 0.2676 | gap: -0.290
2026-02-27 01:43:53,118 - peptidegen.training.trainer - INFO - No improvement for 29/50 epochs. Best: 0.2673
2026-02-27 01:43:53,119 - peptidegen.training.trainer - INFO - Epoch 348 Training with 15 batches (accum_steps=1)...
2026-02-27 01:44:47,358 - peptidegen.training.trainer - INFO - Epoch 348/500 [  54.2s] | D: 2.4263 | G: 0.2719 | d_real: 1.742 | d_fake: 2.032 | gap: -0.290 | ent: 2.833 | ngram: 0.0091 | len_pen: 0.0001 | stab: 0.0004 | Val | D: 2.4212 | G: 0.2675 | gap: -0.291
2026-02-27 01:44:47,359 - peptidegen.training.trainer - INFO - No improvement for 30/50 epochs. Best: 0.2673
2026-02-27 01:44:47,359 - peptidegen.training.trainer - INFO - Epoch 349 Training with 15 batches (accum_steps=1)...
2026-02-27 01:45:41,568 - peptidegen.training.trainer - INFO - Epoch 349/500 [  54.2s] | D: 2.4262 | G: 0.2719 | d_real: 1.743 | d_fake: 2.032 | gap: -0.289 | ent: 2.833 | ngram: 0.0091 | len_pen: 0.0001 | stab: 0.0005 | Val | D: 2.4210 | G: 0.2676 | gap: -0.289
2026-02-27 01:45:41,568 - peptidegen.training.trainer - INFO - No improvement for 31/50 epochs. Best: 0.2673
2026-02-27 01:45:41,568 - peptidegen.training.trainer - INFO - Epoch 350 Training with 15 batches (accum_steps=1)...
2026-02-27 01:46:35,711 - peptidegen.training.trainer - INFO - Epoch 350/500 [  54.1s] | D: 2.4260 | G: 0.2719 | d_real: 1.743 | d_fake: 2.032 | gap: -0.289 | ent: 2.833 | ngram: 0.0091 | len_pen: 0.0001 | stab: 0.0005 | Val | D: 2.4217 | G: 0.2676 | gap: -0.291
2026-02-27 01:46:35,711 - peptidegen.training.trainer - INFO - No improvement for 32/50 epochs. Best: 0.2673
2026-02-27 01:46:36,277 - peptidegen.training.trainer - INFO - Saved: checkpoints/epoch_350.pt
2026-02-27 01:46:36,278 - peptidegen.training.trainer - INFO - Epoch 351 Training with 15 batches (accum_steps=1)...
2026-02-27 01:47:30,721 - peptidegen.training.trainer - INFO - Epoch 351/500 [  54.4s] | D: 2.4264 | G: 0.2718 | d_real: 1.742 | d_fake: 2.033 | gap: -0.290 | ent: 2.833 | ngram: 0.0090 | len_pen: 0.0001 | stab: 0.0005 | Val | D: 2.4215 | G: 0.2676 | gap: -0.291
2026-02-27 01:47:30,721 - peptidegen.training.trainer - INFO - No improvement for 33/50 epochs. Best: 0.2673
2026-02-27 01:47:30,722 - peptidegen.training.trainer - INFO - Epoch 352 Training with 15 batches (accum_steps=1)...
2026-02-27 01:48:25,711 - peptidegen.training.trainer - INFO - Epoch 352/500 [  55.0s] | D: 2.4262 | G: 0.2719 | d_real: 1.741 | d_fake: 2.032 | gap: -0.291 | ent: 2.833 | ngram: 0.0091 | len_pen: 0.0001 | stab: 0.0004 | Val | D: 2.4217 | G: 0.2675 | gap: -0.292
2026-02-27 01:48:25,711 - peptidegen.training.trainer - INFO - No improvement for 34/50 epochs. Best: 0.2673
2026-02-27 01:48:25,712 - peptidegen.training.trainer - INFO - Epoch 353 Training with 15 batches (accum_steps=1)...
2026-02-27 01:49:20,271 - peptidegen.training.trainer - INFO - Epoch 353/500 [  54.6s] | D: 2.4264 | G: 0.2718 | d_real: 1.741 | d_fake: 2.032 | gap: -0.291 | ent: 2.833 | ngram: 0.0091 | len_pen: 0.0001 | stab: 0.0004 | Val | D: 2.4216 | G: 0.2675 | gap: -0.291
2026-02-27 01:49:20,272 - peptidegen.training.trainer - INFO - No improvement for 35/50 epochs. Best: 0.2673
2026-02-27 01:49:20,272 - peptidegen.training.trainer - INFO - Epoch 354 Training with 15 batches (accum_steps=1)...
2026-02-27 01:50:14,536 - peptidegen.training.trainer - INFO - Epoch 354/500 [  54.3s] | D: 2.4264 | G: 0.2718 | d_real: 1.742 | d_fake: 2.032 | gap: -0.290 | ent: 2.833 | ngram: 0.0091 | len_pen: 0.0001 | stab: 0.0004 | Val | D: 2.4210 | G: 0.2676 | gap: -0.290
2026-02-27 01:50:14,536 - peptidegen.training.trainer - INFO - No improvement for 36/50 epochs. Best: 0.2673
2026-02-27 01:50:14,536 - peptidegen.training.trainer - INFO - Epoch 355 Training with 15 batches (accum_steps=1)...
2026-02-27 01:51:08,789 - peptidegen.training.trainer - INFO - Epoch 355/500 [  54.3s] | D: 2.4262 | G: 0.2718 | d_real: 1.742 | d_fake: 2.032 | gap: -0.290 | ent: 2.833 | ngram: 0.0091 | len_pen: 0.0001 | stab: 0.0004 | Val | D: 2.4211 | G: 0.2675 | gap: -0.291
2026-02-27 01:51:08,789 - peptidegen.training.trainer - INFO - No improvement for 37/50 epochs. Best: 0.2673
2026-02-27 01:51:08,790 - peptidegen.training.trainer - INFO - Epoch 356 Training with 15 batches (accum_steps=1)...
2026-02-27 01:52:02,778 - peptidegen.training.trainer - INFO - Epoch 356/500 [  54.0s] | D: 2.4263 | G: 0.2718 | d_real: 1.741 | d_fake: 2.033 | gap: -0.291 | ent: 2.833 | ngram: 0.0091 | len_pen: 0.0001 | stab: 0.0004 | Val | D: 2.4218 | G: 0.2675 | gap: -0.291
2026-02-27 01:52:02,779 - peptidegen.training.trainer - INFO - No improvement for 38/50 epochs. Best: 0.2673
2026-02-27 01:52:02,779 - peptidegen.training.trainer - INFO - Epoch 357 Training with 15 batches (accum_steps=1)...
2026-02-27 01:52:56,880 - peptidegen.training.trainer - INFO - Epoch 357/500 [  54.1s] | D: 2.4264 | G: 0.2718 | d_real: 1.742 | d_fake: 2.032 | gap: -0.291 | ent: 2.833 | ngram: 0.0091 | len_pen: 0.0001 | stab: 0.0004 | Val | D: 2.4216 | G: 0.2675 | gap: -0.292
2026-02-27 01:52:56,881 - peptidegen.training.trainer - INFO - No improvement for 39/50 epochs. Best: 0.2673
2026-02-27 01:52:56,881 - peptidegen.training.trainer - INFO - Epoch 358 Training with 15 batches (accum_steps=1)...
2026-02-27 01:53:50,765 - peptidegen.training.trainer - INFO - Epoch 358/500 [  53.9s] | D: 2.4264 | G: 0.2718 | d_real: 1.741 | d_fake: 2.032 | gap: -0.291 | ent: 2.833 | ngram: 0.0091 | len_pen: 0.0001 | stab: 0.0004 | Val | D: 2.4223 | G: 0.2674 | gap: -0.290
2026-02-27 01:53:50,766 - peptidegen.training.trainer - INFO - No improvement for 40/50 epochs. Best: 0.2673
2026-02-27 01:53:50,766 - peptidegen.training.trainer - INFO - Epoch 359 Training with 15 batches (accum_steps=1)...
2026-02-27 01:54:44,911 - peptidegen.training.trainer - INFO - Epoch 359/500 [  54.1s] | D: 2.4266 | G: 0.2718 | d_real: 1.741 | d_fake: 2.033 | gap: -0.292 | ent: 2.833 | ngram: 0.0091 | len_pen: 0.0001 | stab: 0.0004 | Val | D: 2.4216 | G: 0.2675 | gap: -0.292
2026-02-27 01:54:44,911 - peptidegen.training.trainer - INFO - No improvement for 41/50 epochs. Best: 0.2673
2026-02-27 01:54:44,912 - peptidegen.training.trainer - INFO - Epoch 360 Training with 15 batches (accum_steps=1)...
2026-02-27 01:55:39,458 - peptidegen.training.trainer - INFO - Epoch 360/500 [  54.5s] | D: 2.4265 | G: 0.2718 | d_real: 1.741 | d_fake: 2.032 | gap: -0.291 | ent: 2.833 | ngram: 0.0091 | len_pen: 0.0001 | stab: 0.0004 | Val | D: 2.4211 | G: 0.2675 | gap: -0.292
2026-02-27 01:55:39,458 - peptidegen.training.trainer - INFO - No improvement for 42/50 epochs. Best: 0.2673
2026-02-27 01:55:39,984 - peptidegen.training.trainer - INFO - Saved: checkpoints/epoch_360.pt
2026-02-27 01:55:39,984 - peptidegen.training.trainer - INFO - Epoch 361 Training with 15 batches (accum_steps=1)...
2026-02-27 01:56:34,194 - peptidegen.training.trainer - INFO - Epoch 361/500 [  54.2s] | D: 2.4262 | G: 0.2718 | d_real: 1.741 | d_fake: 2.032 | gap: -0.291 | ent: 2.833 | ngram: 0.0091 | len_pen: 0.0001 | stab: 0.0004 | Val | D: 2.4223 | G: 0.2674 | gap: -0.291
2026-02-27 01:56:34,195 - peptidegen.training.trainer - INFO - No improvement for 43/50 epochs. Best: 0.2673
2026-02-27 01:56:34,195 - peptidegen.training.trainer - INFO - Epoch 362 Training with 15 batches (accum_steps=1)...
2026-02-27 01:57:28,658 - peptidegen.training.trainer - INFO - Epoch 362/500 [  54.5s] | D: 2.4268 | G: 0.2718 | d_real: 1.741 | d_fake: 2.033 | gap: -0.292 | ent: 2.833 | ngram: 0.0091 | len_pen: 0.0001 | stab: 0.0004 | Val | D: 2.4206 | G: 0.2675 | gap: -0.291
2026-02-27 01:57:28,658 - peptidegen.training.trainer - INFO - No improvement for 44/50 epochs. Best: 0.2673
2026-02-27 01:57:28,659 - peptidegen.training.trainer - INFO - Epoch 363 Training with 15 batches (accum_steps=1)...
2026-02-27 01:58:23,311 - peptidegen.training.trainer - INFO - Epoch 363/500 [  54.7s] | D: 2.4263 | G: 0.2718 | d_real: 1.741 | d_fake: 2.032 | gap: -0.292 | ent: 2.833 | ngram: 0.0091 | len_pen: 0.0000 | stab: 0.0004 | Val | D: 2.4210 | G: 0.2675 | gap: -0.294
2026-02-27 01:58:23,312 - peptidegen.training.trainer - INFO - No improvement for 45/50 epochs. Best: 0.2673
2026-02-27 01:58:23,312 - peptidegen.training.trainer - INFO - Epoch 364 Training with 15 batches (accum_steps=1)...
2026-02-27 01:59:17,358 - peptidegen.training.trainer - INFO - Epoch 364/500 [  54.0s] | D: 2.4265 | G: 0.2718 | d_real: 1.740 | d_fake: 2.033 | gap: -0.293 | ent: 2.833 | ngram: 0.0091 | len_pen: 0.0001 | stab: 0.0004 | Val | D: 2.4215 | G: 0.2675 | gap: -0.292
2026-02-27 01:59:17,359 - peptidegen.training.trainer - INFO - No improvement for 46/50 epochs. Best: 0.2673
2026-02-27 01:59:17,359 - peptidegen.training.trainer - INFO - Epoch 365 Training with 15 batches (accum_steps=1)...
2026-02-27 02:00:11,401 - peptidegen.training.trainer - INFO - Epoch 365/500 [  54.0s] | D: 2.4265 | G: 0.2718 | d_real: 1.740 | d_fake: 2.033 | gap: -0.293 | ent: 2.833 | ngram: 0.0091 | len_pen: 0.0000 | stab: 0.0004 | Val | D: 2.4219 | G: 0.2674 | gap: -0.293
2026-02-27 02:00:11,402 - peptidegen.training.trainer - INFO - No improvement for 47/50 epochs. Best: 0.2673
2026-02-27 02:00:11,402 - peptidegen.training.trainer - INFO - Epoch 366 Training with 15 batches (accum_steps=1)...
2026-02-27 02:01:05,851 - peptidegen.training.trainer - INFO - Epoch 366/500 [  54.4s] | D: 2.4265 | G: 0.2717 | d_real: 1.741 | d_fake: 2.033 | gap: -0.292 | ent: 2.833 | ngram: 0.0091 | len_pen: 0.0001 | stab: 0.0004 | Val | D: 2.4219 | G: 0.2675 | gap: -0.292
2026-02-27 02:01:05,851 - peptidegen.training.trainer - INFO - No improvement for 48/50 epochs. Best: 0.2673
2026-02-27 02:01:05,852 - peptidegen.training.trainer - INFO - Epoch 367 Training with 15 batches (accum_steps=1)...
2026-02-27 02:02:00,271 - peptidegen.training.trainer - INFO - Epoch 367/500 [  54.4s] | D: 2.4265 | G: 0.2718 | d_real: 1.740 | d_fake: 2.033 | gap: -0.293 | ent: 2.833 | ngram: 0.0091 | len_pen: 0.0001 | stab: 0.0004 | Val | D: 2.4217 | G: 0.2674 | gap: -0.293
2026-02-27 02:02:00,272 - peptidegen.training.trainer - INFO - No improvement for 49/50 epochs. Best: 0.2673
2026-02-27 02:02:00,272 - peptidegen.training.trainer - INFO - Epoch 368 Training with 15 batches (accum_steps=1)...
2026-02-27 02:02:54,565 - peptidegen.training.trainer - INFO - Epoch 368/500 [  54.3s] | D: 2.4262 | G: 0.2717 | d_real: 1.741 | d_fake: 2.032 | gap: -0.292 | ent: 2.833 | ngram: 0.0091 | len_pen: 0.0001 | stab: 0.0004 | Val | D: 2.4222 | G: 0.2674 | gap: -0.293
2026-02-27 02:02:54,566 - peptidegen.training.trainer - INFO - Early stopping triggered at epoch 368
2026-02-27 02:02:55,085 - peptidegen.training.trainer - INFO - Saved: checkpoints/final_model.pt
2026-02-27 02:02:55,151 - peptidegen.training.trainer - INFO - Saved history to checkpoints/history.json
2026-02-27 02:02:55,152 - peptidegen.training.trainer - INFO - Training complete!
2026-02-27 02:02:55,152 - __main__ - INFO - Peak GPU memory: 9.95 GB
2026-02-27 02:02:55,153 - __main__ - INFO - Training complete!
